2025-07-04 15:03:34.709 [info] 2025/07/04 15:03:34 maxprocs: Leaving GOMAXPROCS=12: CPU quota undefined
2025-07-04 15:03:36.540 [info] I0704 15:03:36.540458  4733 main.go:602] Setting GOMAXPROCS to 4
2025-07-04 15:03:36.556 [info] I0704 15:03:36.556078  4733 main.go:817] Starting language server process with pid 4733
2025-07-04 15:03:36.594 [info] I0704 15:03:36.594251  4733 server.go:292] Language server will attempt to listen on host 127.0.0.1
2025-07-04 15:03:36.594 [info] I0704 15:03:36.594723  4733 server.go:299] Language server listening on random port at 40843
2025-07-04 15:03:37.657 [info] I0704 15:03:37.657093  4733 server.go:420] Created extension server client at port 37729
2025-07-04 15:03:38.050 [info] I0704 15:03:38.050271  4733 server.go:948] Local search is enabled, will index local files.
2025-07-04 15:03:38.050 [info] I0704 15:03:38.050289  4733 server.go:952] Using 3 indexer workers
2025-07-04 15:03:41.374 [info] (Windsurf) 2025-07-04 15:03:41.372 [INFO]: Language server started
2025-07-04 15:03:41.412 [info] (Windsurf) 2025-07-04 15:03:41.412 [INFO]: LS lspClient started successfully
2025-07-04 15:03:46.599 [info] BEWARE: your OS is not officially supported by Playwright; downloading fallback build for ubuntu20.04-x64.

2025-07-04 15:03:46.599 [info] BEWARE: your OS is not officially supported by Playwright; downloading fallback build for ubuntu20.04-x64.

2025-07-04 15:03:46.599 [info] BEWARE: your OS is not officially supported by Playwright; downloading fallback build for ubuntu20.04-x64.

2025-07-04 15:03:54.900 [info] (Windsurf) 2025-07-04 15:03:54.900 [INFO]: [Cascade Manager] Opening diff zones for: 
2025-07-04 15:04:53.217 [info] (Windsurf) 2025-07-04 15:04:53.217 [INFO]: [Terminal] Command completed: strings ~/.zsh_history.bak > ~/.zsh_history exit code 1
2025-07-04 15:04:57.441 [info] (Windsurf) 2025-07-04 15:04:57.441 [INFO]: [Terminal] Command completed: strings ~/.zsh_history.bak > ~/.zsh_history exit code 1
2025-07-04 15:05:03.952 [info] (Windsurf) 2025-07-04 15:05:03.952 [INFO]: [Terminal] Command completed: fc -R ~/.zsh_history exit code 0
2025-07-04 15:10:00.420 [info] (Windsurf) 2025-07-04 15:10:00.420 [INFO]: [Cascade Manager] Opening diff zones for: 
2025-07-04 15:11:36.519 [info] (Windsurf) 2025-07-04 15:11:36.519 [INFO]: [Cascade Manager] Opening diff zones for: gruvbox.zsh
2025-07-04 15:12:17.728 [info] E0704 15:12:17.728273  4733 interceptor.go:73] /exa.language_server_pb.LanguageServerService/AcknowledgeCascadeCodeEdit (unknown): no unacknowledged steps for file file:///home/pengu/.gruvbox-zsh/gruvbox.zsh
2025-07-04 15:24:21.676 [info] E0704 15:24:21.676810  4733 interceptor.go:73] /exa.language_server_pb.LanguageServerService/HandleStreamingCommand (unknown): invalid position offset 1095: offset 1095 out of range [0, 1093]
2025-07-04 16:08:53.271 [info] (Windsurf) 2025-07-04 16:08:53.271 [INFO]: [Cascade Manager] Opening diff zones for: 
2025-07-04 16:14:22.902 [info] (Windsurf) 2025-07-04 16:14:22.901 [INFO]: [Cascade Manager] Opening diff zones for: style.css
2025-07-04 16:14:36.452 [info] E0704 16:14:36.452170  4733 interceptor.go:73] /exa.language_server_pb.LanguageServerService/AcknowledgeCascadeCodeEdit (unknown): no unacknowledged steps for file file:///home/pengu/.config/waybar/style.css
