2025-07-04 15:03:23.154 [info] Extension host with pid 4534 started
2025-07-04 15:03:23.155 [info] Skipping acquiring lock for /home/pengu/.config/Windsurf/User/workspaceStorage/3361968e74b77cf7c08176d81c48bb3a.
2025-07-04 15:03:23.202 [info] ExtensionService#_doActivateExtension vscode.emmet, startup: false, activationEvent: 'onLanguage'
2025-07-04 15:03:23.353 [info] ExtensionService#_doActivateExtension vscode.git-base, startup: true, activationEvent: '*', root cause: vscode.git
2025-07-04 15:03:23.415 [info] ExtensionService#_doActivateExtension vscode.git, startup: true, activationEvent: '*'
2025-07-04 15:03:24.105 [info] ExtensionService#_doActivateExtension vscode.github, startup: true, activationEvent: '*'
2025-07-04 15:03:24.421 [info] ExtensionService#_doActivateExtension codeium.windsurf, startup: true, activationEvent: '*'
2025-07-04 15:03:33.353 [info] ExtensionService#_doActivateExtension vscode.debug-auto-launch, startup: false, activationEvent: 'onStartupFinished'
2025-07-04 15:03:33.437 [info] ExtensionService#_doActivateExtension vscode.merge-conflict, startup: false, activationEvent: 'onStartupFinished'
2025-07-04 15:03:33.536 [info] ExtensionService#_doActivateExtension Codeium.windsurf-dev-containers, startup: false, activationEvent: 'onStartupFinished'
2025-07-04 15:03:37.959 [error] Error: Language server has not been started!
	at get client (/usr/share/windsurf/resources/app/extensions/windsurf/dist/extension.js:2:3466549)
	at Timeout.e [as _onTimeout] (/usr/share/windsurf/resources/app/extensions/windsurf/dist/extension.js:2:3617029)
	at listOnTimeout (node:internal/timers:581:17)
	at process.processTimers (node:internal/timers:519:7)
2025-07-04 15:03:41.392 [info] Eager extensions activated
2025-07-04 15:03:41.428 [info] ExtensionService#_doActivateExtension vscode.css-language-features, startup: false, activationEvent: 'onLanguage:css'
2025-07-04 15:04:53.227 [info] ExtensionService#_doActivateExtension vscode.npm, startup: false, activationEvent: 'onTerminalQuickFixRequest:ms-vscode.npm-command'
2025-07-04 15:12:18.730 [error] ConnectError: [unknown] no unacknowledged steps for file file:///home/pengu/.gruvbox-zsh/gruvbox.zsh
	at c (/usr/share/windsurf/resources/app/extensions/windsurf/dist/extension.js:2:3858724)
	at l (/usr/share/windsurf/resources/app/extensions/windsurf/dist/extension.js:2:3859120)
	at next (/usr/share/windsurf/resources/app/extensions/windsurf/dist/extension.js:2:3865771)
	at process.processTicksAndRejections (node:internal/process/task_queues:95:5)
	at async /usr/share/windsurf/resources/app/extensions/windsurf/dist/extension.js:2:3465111
	at async Object.unary (/usr/share/windsurf/resources/app/extensions/windsurf/dist/extension.js:2:3864107)
	at async Object.acknowledgeCascadeCodeEdit (/usr/share/windsurf/resources/app/extensions/windsurf/dist/extension.js:2:3851970)
	at async t.acknowledgeCascadeCodeEdit (/usr/share/windsurf/resources/app/extensions/windsurf/dist/extension.js:2:2307683)
2025-07-04 15:27:51.608 [error] Error: Model is disposed!
    at yf.jb (vscode-file://vscode-app/usr/share/windsurf/resources/app/out/vs/workbench/workbench.desktop.main.js:251:257)
    at yf.changeDecorations (vscode-file://vscode-app/usr/share/windsurf/resources/app/out/vs/workbench/workbench.desktop.main.js:259:2750)
    at vscode-file://vscode-app/usr/share/windsurf/resources/app/out/vs/workbench/workbench.desktop.main.js:473:2354
    at vscode-file://vscode-app/usr/share/windsurf/resources/app/out/vs/workbench/workbench.desktop.main.js:27:1122
    at Object.dispose (vscode-file://vscode-app/usr/share/windsurf/resources/app/out/vs/workbench/workbench.desktop.main.js:8:627)
    at Pt (vscode-file://vscode-app/usr/share/windsurf/resources/app/out/vs/workbench/workbench.desktop.main.js:27:750)
    at I3i.clear (vscode-file://vscode-app/usr/share/windsurf/resources/app/out/vs/workbench/workbench.desktop.main.js:27:1357)
    at F9.clearEdits (vscode-file://vscode-app/usr/share/windsurf/resources/app/out/vs/workbench/workbench.desktop.main.js:473:8390)
    at Lge.$clearInlineEdits (vscode-file://vscode-app/usr/share/windsurf/resources/app/out/vs/workbench/workbench.desktop.main.js:1288:59261)
    at S9e.S (vscode-file://vscode-app/usr/share/windsurf/resources/app/out/vs/workbench/workbench.desktop.main.js:3406:40279)
2025-07-04 16:14:37.455 [error] ConnectError: [unknown] no unacknowledged steps for file file:///home/pengu/.config/waybar/style.css
	at c (/usr/share/windsurf/resources/app/extensions/windsurf/dist/extension.js:2:3858724)
	at l (/usr/share/windsurf/resources/app/extensions/windsurf/dist/extension.js:2:3859120)
	at next (/usr/share/windsurf/resources/app/extensions/windsurf/dist/extension.js:2:3865771)
	at process.processTicksAndRejections (node:internal/process/task_queues:95:5)
	at async /usr/share/windsurf/resources/app/extensions/windsurf/dist/extension.js:2:3465111
	at async Object.unary (/usr/share/windsurf/resources/app/extensions/windsurf/dist/extension.js:2:3864107)
	at async Object.acknowledgeCascadeCodeEdit (/usr/share/windsurf/resources/app/extensions/windsurf/dist/extension.js:2:3851970)
	at async t.acknowledgeCascadeCodeEdit (/usr/share/windsurf/resources/app/extensions/windsurf/dist/extension.js:2:2307683)
2025-07-04 16:37:58.162 [error] Error: command 'extension.vim_escape' not found
    at K2t.n (vscode-file://vscode-app/usr/share/windsurf/resources/app/out/vs/workbench/workbench.desktop.main.js:1791:5052)
    at K2t.executeCommand (vscode-file://vscode-app/usr/share/windsurf/resources/app/out/vs/workbench/workbench.desktop.main.js:1791:4984)
2025-07-04 17:07:04.916 [info] ExtensionService#_doActivateExtension vscode.configuration-editing, startup: false, activationEvent: 'onLanguage:jsonc'
2025-07-04 17:07:05.253 [info] ExtensionService#_doActivateExtension vscode.json-language-features, startup: false, activationEvent: 'onLanguage:jsonc'
2025-07-04 17:07:05.456 [info] ExtensionService#_doActivateExtension vscode.typescript-language-features, startup: false, activationEvent: 'onLanguage:jsonc'
2025-07-04 17:09:44.008 [info] Extension host terminating: renderer closed the MessagePort
2025-07-04 17:09:44.036 [info] Extension host with pid 4534 exiting with code 0
