2025-07-05 13:53:03.387 [info] 2025/07/05 13:53:03 maxprocs: Leaving GOMAXPROCS=12: CPU quota undefined
2025-07-05 13:53:05.572 [info] I0705 13:53:05.571738  5272 main.go:602] Setting GOMAXPROCS to 4
2025-07-05 13:53:05.601 [info] I0705 13:53:05.601242  5272 main.go:817] Starting language server process with pid 5272
2025-07-05 13:53:05.601 [info] I0705 13:53:05.601920  5272 server.go:292] Language server will attempt to listen on host 127.0.0.1
2025-07-05 13:53:05.602 [info] I0705 13:53:05.602209  5272 server.go:299] Language server listening on random port at 38881
2025-07-05 13:53:07.863 [info] I0705 13:53:07.863572  5272 server.go:420] Created extension server client at port 40691
2025-07-05 13:53:09.615 [info] I0705 13:53:09.615691  5272 server.go:948] Local search is enabled, will index local files.
2025-07-05 13:53:09.616 [info] I0705 13:53:09.615726  5272 server.go:952] Using 3 indexer workers
2025-07-05 13:53:14.092 [info] (Windsurf) 2025-07-05 13:53:14.089 [INFO]: Language server started
2025-07-05 13:53:14.156 [info] (Windsurf) 2025-07-05 13:53:14.156 [INFO]: LS lspClient started successfully
2025-07-05 13:53:20.473 [info] BEWARE: your OS is not officially supported by Playwright; downloading fallback build for ubuntu20.04-x64.

2025-07-05 13:53:20.473 [info] BEWARE: your OS is not officially supported by Playwright; downloading fallback build for ubuntu20.04-x64.

2025-07-05 13:53:20.474 [info] BEWARE: your OS is not officially supported by Playwright; downloading fallback build for ubuntu20.04-x64.

2025-07-05 14:13:16.848 [info] (Windsurf) 2025-07-05 14:13:16.847 [INFO]: [Cascade Manager] Opening diff zones for: 
2025-07-05 14:14:09.875 [info] (Windsurf) 2025-07-05 14:14:09.875 [INFO]: [Cascade Manager] Opening diff zones for: arch.py
2025-07-05 14:15:25.005 [info] (Windsurf) 2025-07-05 14:15:25.005 [INFO]: [Terminal] Command completed: /bin/python /home/pengu/.config/fastfetch/arch.py exit code 1
2025-07-05 14:17:36.649 [info] (Windsurf) 2025-07-05 14:17:36.649 [INFO]: [Cascade Manager] Opening diff zones for: arch.py
2025-07-05 14:19:03.081 [info] E0705 14:19:03.081095  5272 interceptor.go:73] /exa.language_server_pb.LanguageServerService/AcknowledgeCascadeCodeEdit (unknown): no unacknowledged steps for file file:///home/pengu/.config/fastfetch/arch.py
2025-07-05 14:59:01.647 [info] (Windsurf) 2025-07-05 14:59:01.647 [INFO]: [Cascade Manager] Opening diff zones for: arch.py
2025-07-05 15:00:28.871 [info] (Windsurf) 2025-07-05 15:00:28.871 [INFO]: [Cascade Manager] Opening diff zones for: arch.py
2025-07-05 15:03:06.459 [info] E0705 15:03:06.459440  5272 interceptor.go:73] /exa.language_server_pb.LanguageServerService/AcknowledgeCascadeCodeEdit (unknown): no unacknowledged steps for file file:///home/pengu/.config/fastfetch/arch.py
2025-07-05 15:50:24.229 [info] (Windsurf) 2025-07-05 15:50:24.229 [INFO]: [Cascade Manager] Opening diff zones for: arch.py
2025-07-05 16:05:40.463 [info] (Windsurf) 2025-07-05 16:05:40.463 [INFO]: [Cascade Manager] Opening diff zones for: arch.py
2025-07-05 16:05:57.063 [info] E0705 16:05:57.063561  5272 interceptor.go:73] /exa.language_server_pb.LanguageServerService/AcknowledgeCascadeCodeEdit (unknown): no unacknowledged steps for file file:///home/pengu/.config/fastfetch/arch.py
2025-07-05 16:11:50.801 [info] (Windsurf) 2025-07-05 16:11:50.801 [INFO]: [Cascade Manager] Opening diff zones for: arch.py
2025-07-05 16:20:57.460 [info] E0705 16:20:57.459783  5272 interceptor.go:73] /exa.language_server_pb.LanguageServerService/AcknowledgeCascadeCodeEdit (unknown): no unacknowledged steps for file file:///home/pengu/.config/fastfetch/arch.py
2025-07-05 16:29:58.697 [info] (Windsurf) 2025-07-05 16:29:58.697 [INFO]: [Cascade Manager] Opening diff zones for: arch.py
2025-07-05 16:30:03.730 [info] E0705 16:30:03.730320  5272 interceptor.go:73] /exa.language_server_pb.LanguageServerService/AcknowledgeCascadeCodeEdit (unknown): no unacknowledged steps for file file:///home/pengu/.config/fastfetch/arch.py
2025-07-05 16:36:29.831 [info] (Windsurf) 2025-07-05 16:36:29.831 [INFO]: [Cascade Manager] Opening diff zones for: 
2025-07-05 16:37:09.441 [info] (Windsurf) 2025-07-05 16:37:09.441 [INFO]: [Cascade Manager] Opening diff zones for: colors.css
2025-07-05 16:37:38.615 [info] (Windsurf) 2025-07-05 16:37:38.615 [INFO]: [Cascade Manager] Opening diff zones for: style.css
2025-07-05 16:38:01.313 [info] E0705 16:38:01.312959  5272 interceptor.go:73] /exa.language_server_pb.LanguageServerService/AcknowledgeCascadeCodeEdit (unknown): no unacknowledged steps for file file:///home/pengu/.config/swaync/style.css
2025-07-05 16:54:37.801 [info] (Windsurf) 2025-07-05 16:54:37.801 [INFO]: [Cascade Manager] Opening diff zones for: 
2025-07-05 17:02:59.320 [info] (Windsurf) 2025-07-05 17:02:59.319 [INFO]: [Cascade Manager] Opening diff zones for: vol-notify
2025-07-05 17:03:05.076 [info] (Windsurf) 2025-07-05 17:03:05.076 [INFO]: [Cascade Manager] Opening diff zones for: bright-notify
2025-07-05 17:03:12.105 [info] (Windsurf) 2025-07-05 17:03:12.105 [INFO]: [Cascade Manager] Opening diff zones for: keybinding.conf
2025-07-05 17:03:19.461 [info] (Windsurf) 2025-07-05 17:03:19.461 [INFO]: [Cascade Manager] Opening diff zones for: mic-notify
2025-07-05 17:03:35.253 [info] E0705 17:03:35.253021  5272 interceptor.go:73] /exa.language_server_pb.LanguageServerService/AcknowledgeCascadeCodeEdit (unknown): no unacknowledged steps for file file:///home/pengu/.local/bin/mic-notify
2025-07-05 17:29:33.064 [info] E0705 17:29:33.063784  5272 interceptor.go:73] /exa.language_server_pb.LanguageServerService/HandleStreamingCommand (unknown): invalid position offset 748: invalid offset 748
2025-07-05 17:29:33.064 [info] E0705 17:29:33.063888  5272 interceptor.go:73] /exa.language_server_pb.LanguageServerService/HandleStreamingCommand (unknown): invalid position offset 748: invalid offset 748
2025-07-05 17:29:34.688 [info] E0705 17:29:34.688421  5272 interceptor.go:73] /exa.language_server_pb.LanguageServerService/HandleStreamingCommand (unknown): invalid position offset 746: invalid offset 746
2025-07-05 17:29:34.688 [info] E0705 17:29:34.688426  5272 interceptor.go:73] /exa.language_server_pb.LanguageServerService/HandleStreamingCommand (unknown): invalid position offset 746: invalid offset 746
