2025-07-04 17:11:18.952 [info] [main] Log level: Info
2025-07-04 17:11:18.952 [info] [main] Validating found git in: "git"
2025-07-04 17:11:18.952 [info] [main] Using git "2.50.0" from "git"
2025-07-04 17:11:18.952 [info] [Model][doInitialScan] Initial repository scan started
2025-07-04 17:11:18.952 [info] > git rev-parse --show-toplevel [4ms]
2025-07-04 17:11:18.952 [info] fatal: not a git repository (or any of the parent directories): .git
2025-07-04 17:11:19.039 [info] > git rev-parse --show-toplevel [1ms]
2025-07-04 17:11:19.039 [info] fatal: not a git repository (or any of the parent directories): .git
2025-07-04 17:11:19.048 [info] > git rev-parse --show-toplevel [1ms]
2025-07-04 17:11:19.048 [info] fatal: not a git repository (or any of the parent directories): .git
2025-07-04 17:11:19.056 [info] > git rev-parse --show-toplevel [1ms]
2025-07-04 17:11:19.056 [info] fatal: not a git repository (or any of the parent directories): .git
2025-07-04 17:11:19.062 [info] > git rev-parse --show-toplevel [1ms]
2025-07-04 17:11:19.062 [info] fatal: not a git repository (or any of the parent directories): .git
2025-07-04 17:11:19.069 [info] > git rev-parse --show-toplevel [1ms]
2025-07-04 17:11:19.069 [info] fatal: not a git repository (or any of the parent directories): .git
2025-07-04 17:11:19.078 [info] > git rev-parse --show-toplevel [2ms]
2025-07-04 17:11:19.078 [info] fatal: not a git repository (or any of the parent directories): .git
2025-07-04 17:11:19.086 [info] > git rev-parse --show-toplevel [1ms]
2025-07-04 17:11:19.086 [info] fatal: not a git repository (or any of the parent directories): .git
2025-07-04 17:11:19.094 [info] > git rev-parse --show-toplevel [1ms]
2025-07-04 17:11:19.094 [info] fatal: not a git repository (or any of the parent directories): .git
2025-07-04 17:11:19.101 [info] > git rev-parse --show-toplevel [1ms]
2025-07-04 17:11:19.101 [info] fatal: not a git repository (or any of the parent directories): .git
2025-07-04 17:11:19.114 [info] > git rev-parse --show-toplevel [5ms]
2025-07-04 17:11:19.114 [info] fatal: not a git repository (or any of the parent directories): .git
2025-07-04 17:11:19.144 [info] > git rev-parse --show-toplevel [23ms]
2025-07-04 17:11:19.144 [info] fatal: not a git repository (or any of the parent directories): .git
2025-07-04 17:11:19.154 [info] > git rev-parse --show-toplevel [2ms]
2025-07-04 17:11:19.154 [info] fatal: not a git repository (or any of the parent directories): .git
2025-07-04 17:11:19.160 [info] > git rev-parse --show-toplevel [1ms]
2025-07-04 17:11:19.160 [info] fatal: not a git repository (or any of the parent directories): .git
2025-07-04 17:11:19.165 [info] > git rev-parse --show-toplevel [0ms]
2025-07-04 17:11:19.165 [info] fatal: not a git repository (or any of the parent directories): .git
2025-07-04 17:11:19.171 [info] > git rev-parse --show-toplevel [1ms]
2025-07-04 17:11:19.171 [info] fatal: not a git repository (or any of the parent directories): .git
2025-07-04 17:11:19.177 [info] > git rev-parse --show-toplevel [1ms]
2025-07-04 17:11:19.177 [info] fatal: not a git repository (or any of the parent directories): .git
2025-07-04 17:11:19.185 [info] > git rev-parse --show-toplevel [1ms]
2025-07-04 17:11:19.185 [info] fatal: not a git repository (or any of the parent directories): .git
2025-07-04 17:11:19.190 [info] > git rev-parse --show-toplevel [0ms]
2025-07-04 17:11:19.190 [info] fatal: not a git repository (or any of the parent directories): .git
2025-07-04 17:11:19.197 [info] > git rev-parse --show-toplevel [1ms]
2025-07-04 17:11:19.197 [info] fatal: not a git repository (or any of the parent directories): .git
2025-07-04 17:11:19.203 [info] > git rev-parse --show-toplevel [1ms]
2025-07-04 17:11:19.203 [info] fatal: not a git repository (or any of the parent directories): .git
2025-07-04 17:11:19.209 [info] > git rev-parse --show-toplevel [1ms]
2025-07-04 17:11:19.209 [info] fatal: not a git repository (or any of the parent directories): .git
2025-07-04 17:11:19.215 [info] > git rev-parse --show-toplevel [1ms]
2025-07-04 17:11:19.215 [info] fatal: not a git repository (or any of the parent directories): .git
2025-07-04 17:11:19.221 [info] > git rev-parse --show-toplevel [1ms]
2025-07-04 17:11:19.221 [info] fatal: not a git repository (or any of the parent directories): .git
2025-07-04 17:11:19.227 [info] > git rev-parse --show-toplevel [1ms]
2025-07-04 17:11:19.227 [info] fatal: not a git repository (or any of the parent directories): .git
2025-07-04 17:11:19.233 [info] > git rev-parse --show-toplevel [1ms]
2025-07-04 17:11:19.233 [info] fatal: not a git repository (or any of the parent directories): .git
2025-07-04 17:11:19.239 [info] > git rev-parse --show-toplevel [0ms]
2025-07-04 17:11:19.239 [info] fatal: not a git repository (or any of the parent directories): .git
2025-07-04 17:11:19.244 [info] > git rev-parse --show-toplevel [1ms]
2025-07-04 17:11:19.244 [info] fatal: not a git repository (or any of the parent directories): .git
2025-07-04 17:11:19.251 [info] > git rev-parse --show-toplevel [1ms]
2025-07-04 17:11:19.251 [info] fatal: not a git repository (or any of the parent directories): .git
2025-07-04 17:11:19.258 [info] > git rev-parse --show-toplevel [1ms]
2025-07-04 17:11:19.258 [info] fatal: not a git repository (or any of the parent directories): .git
2025-07-04 17:11:19.266 [info] > git rev-parse --show-toplevel [1ms]
2025-07-04 17:11:19.266 [info] fatal: not a git repository (or any of the parent directories): .git
2025-07-04 17:11:19.272 [info] > git rev-parse --show-toplevel [1ms]
2025-07-04 17:11:19.272 [info] fatal: not a git repository (or any of the parent directories): .git
2025-07-04 17:11:19.278 [info] > git rev-parse --show-toplevel [1ms]
2025-07-04 17:11:19.278 [info] fatal: not a git repository (or any of the parent directories): .git
2025-07-04 17:11:19.284 [info] > git rev-parse --show-toplevel [1ms]
2025-07-04 17:11:19.284 [info] fatal: not a git repository (or any of the parent directories): .git
2025-07-04 17:11:19.292 [info] > git rev-parse --show-toplevel [0ms]
2025-07-04 17:11:19.292 [info] fatal: not a git repository (or any of the parent directories): .git
2025-07-04 17:11:19.300 [info] > git rev-parse --show-toplevel [1ms]
2025-07-04 17:11:19.300 [info] fatal: not a git repository (or any of the parent directories): .git
2025-07-04 17:11:19.307 [info] > git rev-parse --show-toplevel [0ms]
2025-07-04 17:11:19.307 [info] fatal: not a git repository (or any of the parent directories): .git
2025-07-04 17:11:19.313 [info] > git rev-parse --show-toplevel [1ms]
2025-07-04 17:11:19.313 [info] fatal: not a git repository (or any of the parent directories): .git
2025-07-04 17:11:19.320 [info] > git rev-parse --show-toplevel [1ms]
2025-07-04 17:11:19.320 [info] fatal: not a git repository (or any of the parent directories): .git
2025-07-04 17:11:19.327 [info] > git rev-parse --show-toplevel [1ms]
2025-07-04 17:11:19.327 [info] fatal: not a git repository (or any of the parent directories): .git
2025-07-04 17:11:19.334 [info] > git rev-parse --show-toplevel [1ms]
2025-07-04 17:11:19.334 [info] fatal: not a git repository (or any of the parent directories): .git
2025-07-04 17:11:19.339 [info] > git rev-parse --show-toplevel [0ms]
2025-07-04 17:11:19.339 [info] fatal: not a git repository (or any of the parent directories): .git
2025-07-04 17:11:19.346 [info] > git rev-parse --show-toplevel [1ms]
2025-07-04 17:11:19.346 [info] fatal: not a git repository (or any of the parent directories): .git
2025-07-04 17:11:19.353 [info] > git rev-parse --show-toplevel [1ms]
2025-07-04 17:11:19.353 [info] fatal: not a git repository (or any of the parent directories): .git
2025-07-04 17:11:19.360 [info] > git rev-parse --show-toplevel [1ms]
2025-07-04 17:11:19.360 [info] fatal: not a git repository (or any of the parent directories): .git
2025-07-04 17:11:19.366 [info] > git rev-parse --show-toplevel [1ms]
2025-07-04 17:11:19.366 [info] fatal: not a git repository (or any of the parent directories): .git
2025-07-04 17:11:19.374 [info] > git rev-parse --show-toplevel [1ms]
2025-07-04 17:11:19.374 [info] fatal: not a git repository (or any of the parent directories): .git
2025-07-04 17:11:19.376 [info] [Model][doInitialScan] Initial repository scan completed - repositories (0), closed repositories (0), parent repositories (0), unsafe repositories (0)
2025-07-04 17:11:19.963 [info] > git rev-parse --show-toplevel [27ms]
2025-07-04 17:11:19.963 [info] fatal: not a git repository (or any of the parent directories): .git
2025-07-04 17:11:20.015 [info] > git rev-parse --show-toplevel [5ms]
2025-07-04 17:11:20.015 [info] fatal: not a git repository (or any of the parent directories): .git
2025-07-04 17:11:20.028 [info] > git rev-parse --show-toplevel [1ms]
2025-07-04 17:11:20.028 [info] fatal: not a git repository (or any of the parent directories): .git
2025-07-04 17:11:22.289 [info] > git rev-parse --show-toplevel [3ms]
2025-07-04 17:11:22.289 [info] fatal: not a git repository (or any of the parent directories): .git
2025-07-04 17:11:52.366 [info] > git rev-parse --show-toplevel [2ms]
2025-07-04 17:11:52.366 [info] fatal: not a git repository (or any of the parent directories): .git
