2025-07-04 00:56:37.523 [info] Extension host with pid 1802 started
2025-07-04 00:56:37.523 [info] Skipping acquiring lock for /home/pengu/.config/Windsurf/User/workspaceStorage/3361968e74b77cf7c08176d81c48bb3a.
2025-07-04 00:56:37.537 [info] ExtensionService#_doActivateExtension vscode.emmet, startup: false, activationEvent: 'onLanguage'
2025-07-04 00:56:37.682 [info] ExtensionService#_doActivateExtension vscode.git-base, startup: true, activationEvent: '*', root cause: vscode.git
2025-07-04 00:56:38.039 [info] ExtensionService#_doActivateExtension vscode.git, startup: true, activationEvent: '*'
2025-07-04 00:56:38.599 [info] ExtensionService#_doActivateExtension vscode.github, startup: true, activationEvent: '*'
2025-07-04 00:56:41.184 [info] ExtensionService#_doActivateExtension codeium.windsurf, startup: true, activationEvent: '*'
2025-07-04 00:56:47.683 [info] ExtensionService#_doActivateExtension vscode.debug-auto-launch, startup: false, activationEvent: 'onStartupFinished'
2025-07-04 00:56:48.191 [info] ExtensionService#_doActivateExtension vscode.merge-conflict, startup: false, activationEvent: 'onStartupFinished'
2025-07-04 00:56:50.012 [info] ExtensionService#_doActivateExtension Codeium.windsurf-dev-containers, startup: false, activationEvent: 'onStartupFinished'
2025-07-04 00:56:55.374 [error] Error: Language server has not been started!
	at get client (/usr/share/windsurf/resources/app/extensions/windsurf/dist/extension.js:2:3466549)
	at Timeout.e [as _onTimeout] (/usr/share/windsurf/resources/app/extensions/windsurf/dist/extension.js:2:3617029)
	at listOnTimeout (node:internal/timers:581:17)
	at process.processTimers (node:internal/timers:519:7)
2025-07-04 00:57:22.279 [info] Eager extensions activated
2025-07-04 00:57:22.321 [info] ExtensionService#_doActivateExtension ms-python.python, startup: false, activationEvent: 'onLanguage:python', root cause: Codeium.windsurfPyright
2025-07-04 00:57:24.211 [info] ExtensionService#_doActivateExtension Codeium.windsurfPyright, startup: false, activationEvent: 'onLanguage:python'
2025-07-04 00:57:24.382 [info] ExtensionService#_doActivateExtension ms-python.debugpy, startup: false, activationEvent: 'onLanguage:python'
2025-07-04 01:34:31.755 [info] Extension host terminating: renderer closed the MessagePort
2025-07-04 01:34:31.793 [info] Extension host with pid 1802 exiting with code 0
