2025-07-02 10:19:58.129 [info] Extension host with pid 6077 started
2025-07-02 10:19:58.130 [info] Skipping acquiring lock for /home/pengu/.config/Code - OSS/User/workspaceStorage/b3f7f9e361d8a8ae8b8ba98bc06f9acb.
2025-07-02 10:19:58.146 [info] ExtensionService#_doActivateExtension vscode.emmet, startup: false, activationEvent: 'onLanguage'
2025-07-02 10:19:58.199 [info] ExtensionService#_doActivateExtension sourcegraph.cody-ai, startup: false, activationEvent: 'onLanguage'
2025-07-02 10:20:01.541 [info] ExtensionService#_doActivateExtension vscode.git-base, startup: true, activationEvent: '*', root cause: vscode.git
2025-07-02 10:20:01.557 [info] ExtensionService#_doActivateExtension vscode.git, startup: true, activationEvent: '*'
2025-07-02 10:20:01.936 [info] ExtensionService#_doActivateExtension vscode.github, startup: true, activationEvent: '*'
2025-07-02 10:20:02.207 [info] Eager extensions activated
2025-07-02 10:20:02.219 [info] ExtensionService#_doActivateExtension vscode.debug-auto-launch, startup: false, activationEvent: 'onStartupFinished'
2025-07-02 10:20:02.221 [info] ExtensionService#_doActivateExtension vscode.merge-conflict, startup: false, activationEvent: 'onStartupFinished'
2025-07-02 10:20:03.119 [error] Error: command 'cody.command.prompt-document-code' already exists
	at Xb.registerCommand (file:///usr/lib/code/out/vs/workbench/api/node/extensionHostProcess.js:120:40218)
	at Object.registerCommand (file:///usr/lib/code/out/vs/workbench/api/node/extensionHostProcess.js:171:96463)
	at /home/pengu/.vscode-oss/extensions/sourcegraph.cody-ai-1.106.2-universal/dist/extension.node.js:276537:32
	at Object.next (/home/pengu/.vscode-oss/extensions/sourcegraph.cody-ai-1.106.2-universal/dist/extension.node.js:21275:25)
	at notifySubscription (/home/pengu/.vscode-oss/extensions/sourcegraph.cody-ai-1.106.2-universal/dist/extension.node.js:18341:14)
	at onNotify (/home/pengu/.vscode-oss/extensions/sourcegraph.cody-ai-1.106.2-universal/dist/extension.node.js:18380:3)
	at SubscriptionObserver.next (/home/pengu/.vscode-oss/extensions/sourcegraph.cody-ai-1.106.2-universal/dist/extension.node.js:18423:9)
	at notifySubscription (/home/pengu/.vscode-oss/extensions/sourcegraph.cody-ai-1.106.2-universal/dist/extension.node.js:18341:14)
	at onNotify (/home/pengu/.vscode-oss/extensions/sourcegraph.cody-ai-1.106.2-universal/dist/extension.node.js:18380:3)
	at SubscriptionObserver.next (/home/pengu/.vscode-oss/extensions/sourcegraph.cody-ai-1.106.2-universal/dist/extension.node.js:18423:9)
	at MulticastSubject.next (/home/pengu/.vscode-oss/extensions/sourcegraph.cody-ai-1.106.2-universal/dist/extension.node.js:18929:20)
	at Object.next (/home/pengu/.vscode-oss/extensions/sourcegraph.cody-ai-1.106.2-universal/dist/extension.node.js:21341:21)
	at notifySubscription (/home/pengu/.vscode-oss/extensions/sourcegraph.cody-ai-1.106.2-universal/dist/extension.node.js:18341:14)
	at onNotify (/home/pengu/.vscode-oss/extensions/sourcegraph.cody-ai-1.106.2-universal/dist/extension.node.js:18380:3)
	at SubscriptionObserver.next (/home/pengu/.vscode-oss/extensions/sourcegraph.cody-ai-1.106.2-universal/dist/extension.node.js:18423:9)
	at AsyncSerialScheduler4.<anonymous> (/home/pengu/.vscode-oss/extensions/sourcegraph.cody-ai-1.106.2-universal/dist/extension.node.js:21038:32)
	at Generator.next (<anonymous>)
	at fulfilled (/home/pengu/.vscode-oss/extensions/sourcegraph.cody-ai-1.106.2-universal/dist/extension.node.js:20998:28)
	at process.processTicksAndRejections (node:internal/process/task_queues:105:5)
2025-07-02 10:20:03.220 [error] Error: command 'authStatus.update' not found
    at mYe.n (vscode-file://vscode-app/usr/lib/code/out/vs/workbench/workbench.desktop.main.js:1855:1328)
    at mYe.executeCommand (vscode-file://vscode-app/usr/lib/code/out/vs/workbench/workbench.desktop.main.js:1855:1260)
2025-07-02 10:20:03.406 [info] ExtensionService#_doActivateExtension vscode.configuration-editing, startup: false, activationEvent: 'onLanguage:jsonc'
2025-07-02 10:20:03.548 [info] ExtensionService#_doActivateExtension vscode.json-language-features, startup: false, activationEvent: 'onLanguage:jsonc'
2025-07-02 10:20:03.624 [info] ExtensionService#_doActivateExtension vscode.typescript-language-features, startup: false, activationEvent: 'onLanguage:jsonc'
2025-07-02 10:20:04.129 [error] Error: command 'authStatus.update' not found
    at mYe.n (vscode-file://vscode-app/usr/lib/code/out/vs/workbench/workbench.desktop.main.js:1855:1328)
    at mYe.executeCommand (vscode-file://vscode-app/usr/lib/code/out/vs/workbench/workbench.desktop.main.js:1855:1260)
2025-07-02 10:20:12.998 [info] Extension host terminating: renderer closed the MessagePort
2025-07-02 10:20:13.010 [info] Extension host with pid 6077 exiting with code 0
