2025-07-04 17:09:48.260 [info] [main] Log level: Info
2025-07-04 17:09:48.260 [info] [main] Validating found git in: "git"
2025-07-04 17:09:48.260 [info] [main] Using git "2.50.0" from "git"
2025-07-04 17:09:48.260 [info] [Model][doInitialScan] Initial repository scan started
2025-07-04 17:09:48.260 [info] > git rev-parse --show-toplevel [5ms]
2025-07-04 17:09:48.260 [info] fatal: not a git repository (or any of the parent directories): .git
2025-07-04 17:09:48.340 [info] > git rev-parse --show-toplevel [2ms]
2025-07-04 17:09:48.340 [info] fatal: not a git repository (or any of the parent directories): .git
2025-07-04 17:09:48.349 [info] > git rev-parse --show-toplevel [1ms]
2025-07-04 17:09:48.349 [info] fatal: not a git repository (or any of the parent directories): .git
2025-07-04 17:09:48.358 [info] > git rev-parse --show-toplevel [1ms]
2025-07-04 17:09:48.358 [info] fatal: not a git repository (or any of the parent directories): .git
2025-07-04 17:09:48.366 [info] > git rev-parse --show-toplevel [1ms]
2025-07-04 17:09:48.366 [info] fatal: not a git repository (or any of the parent directories): .git
2025-07-04 17:09:48.379 [info] > git rev-parse --show-toplevel [5ms]
2025-07-04 17:09:48.379 [info] fatal: not a git repository (or any of the parent directories): .git
2025-07-04 17:09:48.389 [info] > git rev-parse --show-toplevel [1ms]
2025-07-04 17:09:48.389 [info] fatal: not a git repository (or any of the parent directories): .git
2025-07-04 17:09:48.399 [info] > git rev-parse --show-toplevel [1ms]
2025-07-04 17:09:48.400 [info] fatal: not a git repository (or any of the parent directories): .git
2025-07-04 17:09:48.408 [info] > git rev-parse --show-toplevel [1ms]
2025-07-04 17:09:48.408 [info] fatal: not a git repository (or any of the parent directories): .git
2025-07-04 17:09:48.416 [info] > git rev-parse --show-toplevel [1ms]
2025-07-04 17:09:48.416 [info] fatal: not a git repository (or any of the parent directories): .git
2025-07-04 17:09:48.429 [info] > git rev-parse --show-toplevel [4ms]
2025-07-04 17:09:48.429 [info] fatal: not a git repository (or any of the parent directories): .git
2025-07-04 17:09:48.466 [info] > git rev-parse --show-toplevel [27ms]
2025-07-04 17:09:48.466 [info] fatal: not a git repository (or any of the parent directories): .git
2025-07-04 17:09:48.474 [info] > git rev-parse --show-toplevel [1ms]
2025-07-04 17:09:48.474 [info] fatal: not a git repository (or any of the parent directories): .git
2025-07-04 17:09:48.482 [info] > git rev-parse --show-toplevel [1ms]
2025-07-04 17:09:48.482 [info] fatal: not a git repository (or any of the parent directories): .git
2025-07-04 17:09:48.491 [info] > git rev-parse --show-toplevel [2ms]
2025-07-04 17:09:48.491 [info] fatal: not a git repository (or any of the parent directories): .git
2025-07-04 17:09:48.498 [info] > git rev-parse --show-toplevel [1ms]
2025-07-04 17:09:48.498 [info] fatal: not a git repository (or any of the parent directories): .git
2025-07-04 17:09:48.506 [info] > git rev-parse --show-toplevel [1ms]
2025-07-04 17:09:48.506 [info] fatal: not a git repository (or any of the parent directories): .git
2025-07-04 17:09:48.514 [info] > git rev-parse --show-toplevel [1ms]
2025-07-04 17:09:48.514 [info] fatal: not a git repository (or any of the parent directories): .git
2025-07-04 17:09:48.521 [info] > git rev-parse --show-toplevel [1ms]
2025-07-04 17:09:48.521 [info] fatal: not a git repository (or any of the parent directories): .git
2025-07-04 17:09:48.528 [info] > git rev-parse --show-toplevel [0ms]
2025-07-04 17:09:48.528 [info] fatal: not a git repository (or any of the parent directories): .git
2025-07-04 17:09:48.536 [info] > git rev-parse --show-toplevel [1ms]
2025-07-04 17:09:48.536 [info] fatal: not a git repository (or any of the parent directories): .git
2025-07-04 17:09:48.543 [info] > git rev-parse --show-toplevel [0ms]
2025-07-04 17:09:48.543 [info] fatal: not a git repository (or any of the parent directories): .git
2025-07-04 17:09:48.551 [info] > git rev-parse --show-toplevel [1ms]
2025-07-04 17:09:48.551 [info] fatal: not a git repository (or any of the parent directories): .git
2025-07-04 17:09:48.559 [info] > git rev-parse --show-toplevel [1ms]
2025-07-04 17:09:48.559 [info] fatal: not a git repository (or any of the parent directories): .git
2025-07-04 17:09:48.567 [info] > git rev-parse --show-toplevel [1ms]
2025-07-04 17:09:48.567 [info] fatal: not a git repository (or any of the parent directories): .git
2025-07-04 17:09:48.576 [info] > git rev-parse --show-toplevel [1ms]
2025-07-04 17:09:48.576 [info] fatal: not a git repository (or any of the parent directories): .git
2025-07-04 17:09:48.583 [info] > git rev-parse --show-toplevel [1ms]
2025-07-04 17:09:48.583 [info] fatal: not a git repository (or any of the parent directories): .git
2025-07-04 17:09:48.590 [info] > git rev-parse --show-toplevel [1ms]
2025-07-04 17:09:48.590 [info] fatal: not a git repository (or any of the parent directories): .git
2025-07-04 17:09:48.597 [info] > git rev-parse --show-toplevel [1ms]
2025-07-04 17:09:48.597 [info] fatal: not a git repository (or any of the parent directories): .git
2025-07-04 17:09:48.603 [info] > git rev-parse --show-toplevel [1ms]
2025-07-04 17:09:48.603 [info] fatal: not a git repository (or any of the parent directories): .git
2025-07-04 17:09:48.610 [info] > git rev-parse --show-toplevel [1ms]
2025-07-04 17:09:48.610 [info] fatal: not a git repository (or any of the parent directories): .git
2025-07-04 17:09:48.616 [info] > git rev-parse --show-toplevel [1ms]
2025-07-04 17:09:48.616 [info] fatal: not a git repository (or any of the parent directories): .git
2025-07-04 17:09:48.622 [info] > git rev-parse --show-toplevel [1ms]
2025-07-04 17:09:48.622 [info] fatal: not a git repository (or any of the parent directories): .git
2025-07-04 17:09:48.629 [info] > git rev-parse --show-toplevel [1ms]
2025-07-04 17:09:48.629 [info] fatal: not a git repository (or any of the parent directories): .git
2025-07-04 17:09:48.635 [info] > git rev-parse --show-toplevel [0ms]
2025-07-04 17:09:48.635 [info] fatal: not a git repository (or any of the parent directories): .git
2025-07-04 17:09:48.641 [info] > git rev-parse --show-toplevel [1ms]
2025-07-04 17:09:48.641 [info] fatal: not a git repository (or any of the parent directories): .git
2025-07-04 17:09:48.647 [info] > git rev-parse --show-toplevel [0ms]
2025-07-04 17:09:48.647 [info] fatal: not a git repository (or any of the parent directories): .git
2025-07-04 17:09:48.653 [info] > git rev-parse --show-toplevel [0ms]
2025-07-04 17:09:48.653 [info] fatal: not a git repository (or any of the parent directories): .git
2025-07-04 17:09:48.662 [info] > git rev-parse --show-toplevel [1ms]
2025-07-04 17:09:48.662 [info] fatal: not a git repository (or any of the parent directories): .git
2025-07-04 17:09:48.670 [info] > git rev-parse --show-toplevel [0ms]
2025-07-04 17:09:48.670 [info] fatal: not a git repository (or any of the parent directories): .git
2025-07-04 17:09:48.676 [info] > git rev-parse --show-toplevel [1ms]
2025-07-04 17:09:48.676 [info] fatal: not a git repository (or any of the parent directories): .git
2025-07-04 17:09:48.683 [info] > git rev-parse --show-toplevel [1ms]
2025-07-04 17:09:48.683 [info] fatal: not a git repository (or any of the parent directories): .git
2025-07-04 17:09:48.688 [info] > git rev-parse --show-toplevel [1ms]
2025-07-04 17:09:48.689 [info] fatal: not a git repository (or any of the parent directories): .git
2025-07-04 17:09:48.695 [info] > git rev-parse --show-toplevel [1ms]
2025-07-04 17:09:48.695 [info] fatal: not a git repository (or any of the parent directories): .git
2025-07-04 17:09:48.701 [info] > git rev-parse --show-toplevel [1ms]
2025-07-04 17:09:48.701 [info] fatal: not a git repository (or any of the parent directories): .git
2025-07-04 17:09:48.707 [info] > git rev-parse --show-toplevel [1ms]
2025-07-04 17:09:48.707 [info] fatal: not a git repository (or any of the parent directories): .git
2025-07-04 17:09:48.713 [info] > git rev-parse --show-toplevel [1ms]
2025-07-04 17:09:48.713 [info] fatal: not a git repository (or any of the parent directories): .git
2025-07-04 17:09:48.716 [info] [Model][doInitialScan] Initial repository scan completed - repositories (0), closed repositories (0), parent repositories (0), unsafe repositories (0)
2025-07-04 17:09:49.073 [info] > git rev-parse --show-toplevel [26ms]
2025-07-04 17:09:49.167 [info] fatal: not a git repository (or any of the parent directories): .git
2025-07-04 17:09:49.232 [info] > git rev-parse --show-toplevel [11ms]
2025-07-04 17:09:49.232 [info] fatal: not a git repository (or any of the parent directories): .git
2025-07-04 17:09:49.250 [info] > git rev-parse --show-toplevel [8ms]
2025-07-04 17:09:49.250 [info] fatal: not a git repository (or any of the parent directories): .git
2025-07-04 17:09:51.424 [info] > git rev-parse --show-toplevel [2ms]
2025-07-04 17:09:51.424 [info] fatal: not a git repository (or any of the parent directories): .git
