2025-07-01 16:11:59.476 [info] [main] Log level: Info
2025-07-01 16:11:59.476 [info] [main] Validating found git in: "git"
2025-07-01 16:11:59.859 [info] [main] Using git "2.50.0" from "git"
2025-07-01 16:11:59.859 [info] [Model][doInitialScan] Initial repository scan started
2025-07-01 16:12:00.978 [info] > git rev-parse --show-toplevel [1111ms]
2025-07-01 16:12:00.978 [info] fatal: not a git repository (or any of the parent directories): .git
2025-07-01 16:12:00.999 [info] > git rev-parse --show-toplevel [11ms]
2025-07-01 16:12:00.999 [info] fatal: not a git repository (or any of the parent directories): .git
2025-07-01 16:12:01.010 [info] > git rev-parse --show-toplevel [1ms]
2025-07-01 16:12:01.010 [info] fatal: not a git repository (or any of the parent directories): .git
2025-07-01 16:12:01.028 [info] > git rev-parse --show-toplevel [13ms]
2025-07-01 16:12:01.028 [info] fatal: not a git repository (or any of the parent directories): .git
2025-07-01 16:12:01.109 [info] > git rev-parse --show-toplevel [2ms]
2025-07-01 16:12:01.109 [info] fatal: not a git repository (or any of the parent directories): .git
2025-07-01 16:12:01.116 [info] > git rev-parse --show-toplevel [2ms]
2025-07-01 16:12:01.116 [info] fatal: not a git repository (or any of the parent directories): .git
2025-07-01 16:12:01.122 [info] > git rev-parse --show-toplevel [1ms]
2025-07-01 16:12:01.122 [info] fatal: not a git repository (or any of the parent directories): .git
2025-07-01 16:12:01.127 [info] > git rev-parse --show-toplevel [1ms]
2025-07-01 16:12:01.127 [info] fatal: not a git repository (or any of the parent directories): .git
2025-07-01 16:12:01.132 [info] > git rev-parse --show-toplevel [1ms]
2025-07-01 16:12:01.132 [info] fatal: not a git repository (or any of the parent directories): .git
2025-07-01 16:12:01.137 [info] > git rev-parse --show-toplevel [1ms]
2025-07-01 16:12:01.137 [info] fatal: not a git repository (or any of the parent directories): .git
2025-07-01 16:12:01.142 [info] > git rev-parse --show-toplevel [1ms]
2025-07-01 16:12:01.142 [info] fatal: not a git repository (or any of the parent directories): .git
2025-07-01 16:12:01.149 [info] > git rev-parse --show-toplevel [2ms]
2025-07-01 16:12:01.149 [info] fatal: not a git repository (or any of the parent directories): .git
2025-07-01 16:12:01.156 [info] > git rev-parse --show-toplevel [1ms]
2025-07-01 16:12:01.156 [info] fatal: not a git repository (or any of the parent directories): .git
2025-07-01 16:12:01.162 [info] > git rev-parse --show-toplevel [1ms]
2025-07-01 16:12:01.162 [info] fatal: not a git repository (or any of the parent directories): .git
2025-07-01 16:12:01.168 [info] > git rev-parse --show-toplevel [1ms]
2025-07-01 16:12:01.168 [info] fatal: not a git repository (or any of the parent directories): .git
2025-07-01 16:12:01.174 [info] > git rev-parse --show-toplevel [1ms]
2025-07-01 16:12:01.174 [info] fatal: not a git repository (or any of the parent directories): .git
2025-07-01 16:12:01.179 [info] > git rev-parse --show-toplevel [1ms]
2025-07-01 16:12:01.179 [info] fatal: not a git repository (or any of the parent directories): .git
2025-07-01 16:12:01.185 [info] > git rev-parse --show-toplevel [1ms]
2025-07-01 16:12:01.185 [info] fatal: not a git repository (or any of the parent directories): .git
2025-07-01 16:12:01.191 [info] > git rev-parse --show-toplevel [1ms]
2025-07-01 16:12:01.191 [info] fatal: not a git repository (or any of the parent directories): .git
2025-07-01 16:12:01.199 [info] > git rev-parse --show-toplevel [2ms]
2025-07-01 16:12:01.199 [info] fatal: not a git repository (or any of the parent directories): .git
2025-07-01 16:12:01.207 [info] > git rev-parse --show-toplevel [0ms]
2025-07-01 16:12:01.207 [info] fatal: not a git repository (or any of the parent directories): .git
2025-07-01 16:12:01.212 [info] > git rev-parse --show-toplevel [1ms]
2025-07-01 16:12:01.212 [info] fatal: not a git repository (or any of the parent directories): .git
2025-07-01 16:12:01.218 [info] > git rev-parse --show-toplevel [0ms]
2025-07-01 16:12:01.218 [info] fatal: not a git repository (or any of the parent directories): .git
2025-07-01 16:12:01.223 [info] > git rev-parse --show-toplevel [1ms]
2025-07-01 16:12:01.223 [info] fatal: not a git repository (or any of the parent directories): .git
2025-07-01 16:12:01.228 [info] > git rev-parse --show-toplevel [1ms]
2025-07-01 16:12:01.228 [info] fatal: not a git repository (or any of the parent directories): .git
2025-07-01 16:12:01.233 [info] > git rev-parse --show-toplevel [1ms]
2025-07-01 16:12:01.233 [info] fatal: not a git repository (or any of the parent directories): .git
2025-07-01 16:12:01.238 [info] > git rev-parse --show-toplevel [1ms]
2025-07-01 16:12:01.238 [info] fatal: not a git repository (or any of the parent directories): .git
2025-07-01 16:12:01.244 [info] > git rev-parse --show-toplevel [1ms]
2025-07-01 16:12:01.244 [info] fatal: not a git repository (or any of the parent directories): .git
2025-07-01 16:12:01.251 [info] > git rev-parse --show-toplevel [1ms]
2025-07-01 16:12:01.251 [info] fatal: not a git repository (or any of the parent directories): .git
2025-07-01 16:12:01.262 [info] > git rev-parse --show-toplevel [4ms]
2025-07-01 16:12:01.262 [info] fatal: not a git repository (or any of the parent directories): .git
2025-07-01 16:12:01.291 [info] > git rev-parse --show-toplevel [23ms]
2025-07-01 16:12:01.291 [info] fatal: not a git repository (or any of the parent directories): .git
2025-07-01 16:12:01.300 [info] > git rev-parse --show-toplevel [2ms]
2025-07-01 16:12:01.300 [info] fatal: not a git repository (or any of the parent directories): .git
2025-07-01 16:12:01.307 [info] > git rev-parse --show-toplevel [1ms]
2025-07-01 16:12:01.307 [info] fatal: not a git repository (or any of the parent directories): .git
2025-07-01 16:12:01.314 [info] > git rev-parse --show-toplevel [1ms]
2025-07-01 16:12:01.314 [info] fatal: not a git repository (or any of the parent directories): .git
2025-07-01 16:12:01.315 [info] [Model][doInitialScan] Initial repository scan completed - repositories (0), closed repositories (0), parent repositories (0), unsafe repositories (0)
2025-07-01 16:12:02.641 [info] > git rev-parse --show-toplevel [1ms]
2025-07-01 16:12:02.641 [info] fatal: not a git repository (or any of the parent directories): .git
2025-07-01 16:12:04.917 [info] > git rev-parse --show-toplevel [1ms]
2025-07-01 16:12:04.918 [info] fatal: not a git repository (or any of the parent directories): .git
