2025-07-05 13:52:49.212 [info] [main] Log level: Info
2025-07-05 13:52:49.212 [info] [main] Validating found git in: "git"
2025-07-05 13:52:49.212 [info] [main] Using git "2.50.0" from "git"
2025-07-05 13:52:49.212 [info] [Model][doInitialScan] Initial repository scan started
2025-07-05 13:52:49.212 [info] > git rev-parse --show-toplevel [8ms]
2025-07-05 13:52:49.212 [info] fatal: not a git repository (or any of the parent directories): .git
2025-07-05 13:52:49.212 [info] > git rev-parse --show-toplevel [4ms]
2025-07-05 13:52:49.212 [info] fatal: not a git repository (or any of the parent directories): .git
2025-07-05 13:52:50.295 [info] > git rev-parse --show-toplevel [1ms]
2025-07-05 13:52:50.295 [info] fatal: not a git repository (or any of the parent directories): .git
2025-07-05 13:52:50.300 [info] > git rev-parse --show-toplevel [1ms]
2025-07-05 13:52:50.300 [info] fatal: not a git repository (or any of the parent directories): .git
2025-07-05 13:52:50.306 [info] > git rev-parse --show-toplevel [0ms]
2025-07-05 13:52:50.306 [info] fatal: not a git repository (or any of the parent directories): .git
2025-07-05 13:52:50.311 [info] > git rev-parse --show-toplevel [1ms]
2025-07-05 13:52:50.311 [info] fatal: not a git repository (or any of the parent directories): .git
2025-07-05 13:52:50.316 [info] > git rev-parse --show-toplevel [1ms]
2025-07-05 13:52:50.316 [info] fatal: not a git repository (or any of the parent directories): .git
2025-07-05 13:52:50.321 [info] > git rev-parse --show-toplevel [1ms]
2025-07-05 13:52:50.321 [info] fatal: not a git repository (or any of the parent directories): .git
2025-07-05 13:52:50.327 [info] > git rev-parse --show-toplevel [2ms]
2025-07-05 13:52:50.327 [info] fatal: not a git repository (or any of the parent directories): .git
2025-07-05 13:52:50.333 [info] > git rev-parse --show-toplevel [1ms]
2025-07-05 13:52:50.333 [info] fatal: not a git repository (or any of the parent directories): .git
2025-07-05 13:52:50.338 [info] > git rev-parse --show-toplevel [1ms]
2025-07-05 13:52:50.338 [info] fatal: not a git repository (or any of the parent directories): .git
2025-07-05 13:52:50.343 [info] > git rev-parse --show-toplevel [1ms]
2025-07-05 13:52:50.343 [info] fatal: not a git repository (or any of the parent directories): .git
2025-07-05 13:52:50.349 [info] > git rev-parse --show-toplevel [1ms]
2025-07-05 13:52:50.349 [info] fatal: not a git repository (or any of the parent directories): .git
2025-07-05 13:52:50.354 [info] > git rev-parse --show-toplevel [1ms]
2025-07-05 13:52:50.354 [info] fatal: not a git repository (or any of the parent directories): .git
2025-07-05 13:52:50.359 [info] > git rev-parse --show-toplevel [1ms]
2025-07-05 13:52:50.359 [info] fatal: not a git repository (or any of the parent directories): .git
2025-07-05 13:52:50.364 [info] > git rev-parse --show-toplevel [0ms]
2025-07-05 13:52:50.364 [info] fatal: not a git repository (or any of the parent directories): .git
2025-07-05 13:52:50.369 [info] > git rev-parse --show-toplevel [0ms]
2025-07-05 13:52:50.369 [info] fatal: not a git repository (or any of the parent directories): .git
2025-07-05 13:52:50.375 [info] > git rev-parse --show-toplevel [1ms]
2025-07-05 13:52:50.375 [info] fatal: not a git repository (or any of the parent directories): .git
2025-07-05 13:52:50.380 [info] > git rev-parse --show-toplevel [1ms]
2025-07-05 13:52:50.380 [info] fatal: not a git repository (or any of the parent directories): .git
2025-07-05 13:52:50.385 [info] > git rev-parse --show-toplevel [1ms]
2025-07-05 13:52:50.385 [info] fatal: not a git repository (or any of the parent directories): .git
2025-07-05 13:52:50.389 [info] > git rev-parse --show-toplevel [0ms]
2025-07-05 13:52:50.389 [info] fatal: not a git repository (or any of the parent directories): .git
2025-07-05 13:52:50.395 [info] > git rev-parse --show-toplevel [1ms]
2025-07-05 13:52:50.395 [info] fatal: not a git repository (or any of the parent directories): .git
2025-07-05 13:52:50.400 [info] > git rev-parse --show-toplevel [1ms]
2025-07-05 13:52:50.400 [info] fatal: not a git repository (or any of the parent directories): .git
2025-07-05 13:52:50.404 [info] > git rev-parse --show-toplevel [1ms]
2025-07-05 13:52:50.404 [info] fatal: not a git repository (or any of the parent directories): .git
2025-07-05 13:52:50.409 [info] > git rev-parse --show-toplevel [1ms]
2025-07-05 13:52:50.409 [info] fatal: not a git repository (or any of the parent directories): .git
2025-07-05 13:52:50.414 [info] > git rev-parse --show-toplevel [1ms]
2025-07-05 13:52:50.414 [info] fatal: not a git repository (or any of the parent directories): .git
2025-07-05 13:52:50.419 [info] > git rev-parse --show-toplevel [1ms]
2025-07-05 13:52:50.419 [info] fatal: not a git repository (or any of the parent directories): .git
2025-07-05 13:52:50.424 [info] > git rev-parse --show-toplevel [1ms]
2025-07-05 13:52:50.424 [info] fatal: not a git repository (or any of the parent directories): .git
2025-07-05 13:52:50.429 [info] > git rev-parse --show-toplevel [1ms]
2025-07-05 13:52:50.429 [info] fatal: not a git repository (or any of the parent directories): .git
2025-07-05 13:52:50.434 [info] > git rev-parse --show-toplevel [1ms]
2025-07-05 13:52:50.434 [info] fatal: not a git repository (or any of the parent directories): .git
2025-07-05 13:52:50.439 [info] > git rev-parse --show-toplevel [1ms]
2025-07-05 13:52:50.439 [info] fatal: not a git repository (or any of the parent directories): .git
2025-07-05 13:52:50.444 [info] > git rev-parse --show-toplevel [1ms]
2025-07-05 13:52:50.444 [info] fatal: not a git repository (or any of the parent directories): .git
2025-07-05 13:52:50.451 [info] > git rev-parse --show-toplevel [3ms]
2025-07-05 13:52:50.451 [info] fatal: not a git repository (or any of the parent directories): .git
2025-07-05 13:52:50.459 [info] > git rev-parse --show-toplevel [1ms]
2025-07-05 13:52:50.459 [info] fatal: not a git repository (or any of the parent directories): .git
2025-07-05 13:52:50.464 [info] > git rev-parse --show-toplevel [0ms]
2025-07-05 13:52:50.465 [info] fatal: not a git repository (or any of the parent directories): .git
2025-07-05 13:52:50.470 [info] > git rev-parse --show-toplevel [1ms]
2025-07-05 13:52:50.470 [info] fatal: not a git repository (or any of the parent directories): .git
2025-07-05 13:52:50.476 [info] > git rev-parse --show-toplevel [1ms]
2025-07-05 13:52:50.476 [info] fatal: not a git repository (or any of the parent directories): .git
2025-07-05 13:52:50.481 [info] > git rev-parse --show-toplevel [1ms]
2025-07-05 13:52:50.481 [info] fatal: not a git repository (or any of the parent directories): .git
2025-07-05 13:52:50.486 [info] > git rev-parse --show-toplevel [1ms]
2025-07-05 13:52:50.486 [info] fatal: not a git repository (or any of the parent directories): .git
2025-07-05 13:52:50.491 [info] > git rev-parse --show-toplevel [1ms]
2025-07-05 13:52:50.491 [info] fatal: not a git repository (or any of the parent directories): .git
2025-07-05 13:52:50.497 [info] > git rev-parse --show-toplevel [1ms]
2025-07-05 13:52:50.497 [info] fatal: not a git repository (or any of the parent directories): .git
2025-07-05 13:52:50.502 [info] > git rev-parse --show-toplevel [1ms]
2025-07-05 13:52:50.502 [info] fatal: not a git repository (or any of the parent directories): .git
2025-07-05 13:52:50.507 [info] > git rev-parse --show-toplevel [1ms]
2025-07-05 13:52:50.507 [info] fatal: not a git repository (or any of the parent directories): .git
2025-07-05 13:52:50.512 [info] > git rev-parse --show-toplevel [1ms]
2025-07-05 13:52:50.512 [info] fatal: not a git repository (or any of the parent directories): .git
2025-07-05 13:52:50.517 [info] > git rev-parse --show-toplevel [1ms]
2025-07-05 13:52:50.517 [info] fatal: not a git repository (or any of the parent directories): .git
2025-07-05 13:52:50.525 [info] > git rev-parse --show-toplevel [4ms]
2025-07-05 13:52:50.525 [info] fatal: not a git repository (or any of the parent directories): .git
2025-07-05 13:52:50.531 [info] > git rev-parse --show-toplevel [1ms]
2025-07-05 13:52:50.531 [info] fatal: not a git repository (or any of the parent directories): .git
2025-07-05 13:52:50.537 [info] > git rev-parse --show-toplevel [1ms]
2025-07-05 13:52:50.537 [info] fatal: not a git repository (or any of the parent directories): .git
2025-07-05 13:52:50.543 [info] > git rev-parse --show-toplevel [1ms]
2025-07-05 13:52:50.543 [info] fatal: not a git repository (or any of the parent directories): .git
2025-07-05 13:52:50.545 [info] [Model][doInitialScan] Initial repository scan completed - repositories (0), closed repositories (0), parent repositories (0), unsafe repositories (0)
2025-07-05 13:52:51.002 [info] > git rev-parse --show-toplevel [1ms]
2025-07-05 13:52:51.002 [info] fatal: not a git repository (or any of the parent directories): .git
2025-07-05 14:01:30.767 [info] > git rev-parse --show-toplevel [2ms]
2025-07-05 14:01:30.767 [info] fatal: not a git repository (or any of the parent directories): .git
2025-07-05 14:03:58.198 [info] > git rev-parse --show-toplevel [4ms]
2025-07-05 14:03:58.198 [info] fatal: not a git repository (or any of the parent directories): .git
2025-07-05 14:04:03.338 [info] > git rev-parse --show-toplevel [2ms]
2025-07-05 14:04:03.338 [info] fatal: not a git repository (or any of the parent directories): .git
2025-07-05 14:05:37.497 [info] > git rev-parse --show-toplevel [1ms]
2025-07-05 14:05:37.497 [info] fatal: not a git repository (or any of the parent directories): .git
2025-07-05 14:06:41.717 [info] > git rev-parse --show-toplevel [3ms]
2025-07-05 14:06:41.718 [info] fatal: not a git repository (or any of the parent directories): .git
2025-07-05 14:08:18.002 [info] > git rev-parse --show-toplevel [3ms]
2025-07-05 14:08:18.002 [info] fatal: not a git repository (or any of the parent directories): .git
2025-07-05 14:08:35.737 [info] > git rev-parse --show-toplevel [2ms]
2025-07-05 14:08:35.737 [info] fatal: not a git repository (or any of the parent directories): .git
2025-07-05 14:10:22.196 [info] > git rev-parse --show-toplevel [2ms]
2025-07-05 14:10:22.197 [info] fatal: not a git repository (or any of the parent directories): .git
2025-07-05 14:11:53.849 [info] > git rev-parse --show-toplevel [3ms]
2025-07-05 14:11:53.849 [info] fatal: not a git repository (or any of the parent directories): .git
2025-07-05 14:14:51.817 [info] > git rev-parse --show-toplevel [3ms]
2025-07-05 14:14:51.817 [info] fatal: not a git repository (or any of the parent directories): .git
2025-07-05 14:15:19.208 [info] > git rev-parse --show-toplevel [3ms]
2025-07-05 14:15:19.208 [info] fatal: not a git repository (or any of the parent directories): .git
2025-07-05 14:19:05.976 [info] > git rev-parse --show-toplevel [2ms]
2025-07-05 14:19:05.977 [info] fatal: not a git repository (or any of the parent directories): .git
2025-07-05 14:19:14.944 [info] > git rev-parse --show-toplevel [3ms]
2025-07-05 14:19:14.944 [info] fatal: not a git repository (or any of the parent directories): .git
2025-07-05 14:21:06.239 [info] > git rev-parse --show-toplevel [2ms]
2025-07-05 14:21:06.239 [info] fatal: not a git repository (or any of the parent directories): .git
2025-07-05 15:03:20.742 [info] > git rev-parse --show-toplevel [4ms]
2025-07-05 15:03:20.742 [info] fatal: not a git repository (or any of the parent directories): .git
2025-07-05 15:42:09.935 [info] > git rev-parse --show-toplevel [1ms]
2025-07-05 15:42:09.935 [info] fatal: not a git repository (or any of the parent directories): .git
2025-07-05 15:42:47.788 [info] > git rev-parse --show-toplevel [5ms]
2025-07-05 15:42:47.788 [info] fatal: not a git repository (or any of the parent directories): .git
2025-07-05 15:44:11.186 [info] > git rev-parse --show-toplevel [3ms]
2025-07-05 15:44:11.186 [info] fatal: not a git repository (or any of the parent directories): .git
2025-07-05 15:44:51.488 [info] > git rev-parse --show-toplevel [3ms]
2025-07-05 15:44:51.488 [info] fatal: not a git repository (or any of the parent directories): .git
2025-07-05 15:48:54.801 [info] > git rev-parse --show-toplevel [1ms]
2025-07-05 15:48:54.801 [info] fatal: not a git repository (or any of the parent directories): .git
2025-07-05 15:48:56.520 [info] > git rev-parse --show-toplevel [3ms]
2025-07-05 15:48:56.520 [info] fatal: not a git repository (or any of the parent directories): .git
2025-07-05 15:49:11.532 [info] > git rev-parse --show-toplevel [2ms]
2025-07-05 15:49:11.532 [info] fatal: not a git repository (or any of the parent directories): .git
2025-07-05 15:49:40.068 [info] > git rev-parse --show-toplevel [2ms]
2025-07-05 15:49:40.068 [info] fatal: not a git repository (or any of the parent directories): .git
2025-07-05 15:49:40.638 [info] > git rev-parse --show-toplevel [2ms]
2025-07-05 15:49:40.638 [info] fatal: not a git repository (or any of the parent directories): .git
2025-07-05 15:49:41.070 [info] > git rev-parse --show-toplevel [1ms]
2025-07-05 15:49:41.070 [info] fatal: not a git repository (or any of the parent directories): .git
2025-07-05 15:49:42.943 [info] > git rev-parse --show-toplevel [2ms]
2025-07-05 15:49:42.943 [info] fatal: not a git repository (or any of the parent directories): .git
2025-07-05 15:49:43.470 [info] > git rev-parse --show-toplevel [2ms]
2025-07-05 15:49:43.470 [info] fatal: not a git repository (or any of the parent directories): .git
2025-07-05 15:49:44.315 [info] > git rev-parse --show-toplevel [2ms]
2025-07-05 15:49:44.315 [info] fatal: not a git repository (or any of the parent directories): .git
2025-07-05 16:04:21.010 [info] > git rev-parse --show-toplevel [2ms]
2025-07-05 16:04:21.010 [info] fatal: not a git repository (or any of the parent directories): .git
2025-07-05 16:04:22.257 [info] > git rev-parse --show-toplevel [1ms]
2025-07-05 16:04:22.257 [info] fatal: not a git repository (or any of the parent directories): .git
2025-07-05 16:11:16.745 [info] > git rev-parse --show-toplevel [4ms]
2025-07-05 16:11:16.745 [info] fatal: not a git repository (or any of the parent directories): .git
2025-07-05 16:11:21.749 [info] > git rev-parse --show-toplevel [2ms]
2025-07-05 16:11:21.749 [info] fatal: not a git repository (or any of the parent directories): .git
2025-07-05 16:34:23.834 [info] > git rev-parse --show-toplevel [2ms]
2025-07-05 16:34:23.834 [info] fatal: not a git repository (or any of the parent directories): .git
2025-07-05 16:34:24.899 [info] > git rev-parse --show-toplevel [2ms]
2025-07-05 16:34:24.899 [info] fatal: not a git repository (or any of the parent directories): .git
2025-07-05 16:34:26.606 [info] > git rev-parse --show-toplevel [2ms]
2025-07-05 16:34:26.606 [info] fatal: not a git repository (or any of the parent directories): .git
2025-07-05 16:35:52.415 [info] > git rev-parse --show-toplevel [3ms]
2025-07-05 16:35:52.415 [info] fatal: not a git repository (or any of the parent directories): .git
2025-07-05 16:35:53.320 [info] > git rev-parse --show-toplevel [2ms]
2025-07-05 16:35:53.320 [info] fatal: not a git repository (or any of the parent directories): .git
2025-07-05 16:35:53.960 [info] > git rev-parse --show-toplevel [2ms]
2025-07-05 16:35:53.960 [info] fatal: not a git repository (or any of the parent directories): .git
2025-07-05 16:36:14.582 [info] > git rev-parse --show-toplevel [3ms]
2025-07-05 16:36:14.582 [info] fatal: not a git repository (or any of the parent directories): .git
2025-07-05 16:36:40.010 [info] > git rev-parse --show-toplevel [1ms]
2025-07-05 16:36:40.010 [info] fatal: not a git repository (or any of the parent directories): .git
2025-07-05 16:39:04.982 [info] > git rev-parse --show-toplevel [2ms]
2025-07-05 16:39:04.982 [info] fatal: not a git repository (or any of the parent directories): .git
2025-07-05 16:39:09.051 [info] > git rev-parse --show-toplevel [1ms]
2025-07-05 16:39:09.051 [info] fatal: not a git repository (or any of the parent directories): .git
2025-07-05 16:39:10.070 [info] > git rev-parse --show-toplevel [2ms]
2025-07-05 16:39:10.070 [info] fatal: not a git repository (or any of the parent directories): .git
2025-07-05 16:40:15.814 [info] > git rev-parse --show-toplevel [3ms]
2025-07-05 16:40:15.814 [info] fatal: not a git repository (or any of the parent directories): .git
2025-07-05 16:41:17.094 [info] > git rev-parse --show-toplevel [3ms]
2025-07-05 16:41:17.094 [info] fatal: not a git repository (or any of the parent directories): .git
2025-07-05 16:46:28.233 [info] > git rev-parse --show-toplevel [2ms]
2025-07-05 16:46:28.233 [info] fatal: not a git repository (or any of the parent directories): .git
2025-07-05 16:46:48.788 [info] > git rev-parse --show-toplevel [3ms]
2025-07-05 16:46:48.788 [info] fatal: not a git repository (or any of the parent directories): .git
2025-07-05 16:46:55.446 [info] > git rev-parse --show-toplevel [2ms]
2025-07-05 16:46:55.446 [info] fatal: not a git repository (or any of the parent directories): .git
2025-07-05 16:47:27.662 [info] > git rev-parse --show-toplevel [2ms]
2025-07-05 16:47:27.662 [info] fatal: not a git repository (or any of the parent directories): .git
2025-07-05 16:47:28.484 [info] > git rev-parse --show-toplevel [2ms]
2025-07-05 16:47:28.484 [info] fatal: not a git repository (or any of the parent directories): .git
2025-07-05 16:50:09.009 [info] > git rev-parse --show-toplevel [1ms]
2025-07-05 16:50:09.009 [info] fatal: not a git repository (or any of the parent directories): .git
2025-07-05 16:58:49.799 [info] > git rev-parse --show-toplevel [4ms]
2025-07-05 16:58:49.799 [info] fatal: not a git repository (or any of the parent directories): .git
2025-07-05 16:59:09.957 [info] > git rev-parse --show-toplevel [3ms]
2025-07-05 16:59:09.957 [info] fatal: not a git repository (or any of the parent directories): .git
2025-07-05 17:05:18.798 [info] > git rev-parse --show-toplevel [1ms]
2025-07-05 17:05:18.798 [info] fatal: not a git repository (or any of the parent directories): .git
2025-07-05 17:05:53.086 [info] > git rev-parse --show-toplevel [9ms]
2025-07-05 17:05:53.086 [info] fatal: not a git repository (or any of the parent directories): .git
2025-07-05 17:08:15.872 [info] > git rev-parse --show-toplevel [1ms]
2025-07-05 17:08:15.873 [info] fatal: not a git repository (or any of the parent directories): .git
2025-07-05 17:08:16.729 [info] > git rev-parse --show-toplevel [1ms]
2025-07-05 17:08:16.729 [info] fatal: not a git repository (or any of the parent directories): .git
2025-07-05 17:08:17.229 [info] > git rev-parse --show-toplevel [1ms]
2025-07-05 17:08:17.229 [info] fatal: not a git repository (or any of the parent directories): .git
2025-07-05 17:08:17.913 [info] > git rev-parse --show-toplevel [1ms]
2025-07-05 17:08:17.913 [info] fatal: not a git repository (or any of the parent directories): .git
2025-07-05 17:08:19.510 [info] > git rev-parse --show-toplevel [3ms]
2025-07-05 17:08:19.510 [info] fatal: not a git repository (or any of the parent directories): .git
2025-07-05 17:08:22.364 [info] > git rev-parse --show-toplevel [2ms]
2025-07-05 17:08:22.364 [info] fatal: not a git repository (or any of the parent directories): .git
2025-07-05 17:08:25.851 [info] > git rev-parse --show-toplevel [2ms]
2025-07-05 17:08:25.851 [info] fatal: not a git repository (or any of the parent directories): .git
2025-07-05 17:11:25.193 [info] > git rev-parse --show-toplevel [2ms]
2025-07-05 17:11:25.193 [info] fatal: not a git repository (or any of the parent directories): .git
2025-07-05 17:11:40.266 [info] > git rev-parse --show-toplevel [1ms]
2025-07-05 17:11:40.267 [info] fatal: not a git repository (or any of the parent directories): .git
2025-07-05 17:11:43.176 [info] > git rev-parse --show-toplevel [1ms]
2025-07-05 17:11:43.176 [info] fatal: not a git repository (or any of the parent directories): .git
2025-07-05 17:11:44.660 [info] > git rev-parse --show-toplevel [1ms]
2025-07-05 17:11:44.661 [info] fatal: not a git repository (or any of the parent directories): .git
2025-07-05 17:11:51.110 [info] > git rev-parse --show-toplevel [2ms]
2025-07-05 17:11:51.110 [info] fatal: not a git repository (or any of the parent directories): .git
2025-07-05 17:14:38.766 [info] > git rev-parse --show-toplevel [5ms]
2025-07-05 17:14:38.766 [info] fatal: not a git repository (or any of the parent directories): .git
2025-07-05 17:15:24.702 [info] > git rev-parse --show-toplevel [1ms]
2025-07-05 17:15:24.702 [info] fatal: not a git repository (or any of the parent directories): .git
2025-07-05 17:16:22.560 [info] > git rev-parse --show-toplevel [2ms]
2025-07-05 17:16:22.560 [info] fatal: not a git repository (or any of the parent directories): .git
2025-07-05 17:19:01.986 [info] > git rev-parse --show-toplevel [1ms]
2025-07-05 17:19:01.986 [info] fatal: not a git repository (or any of the parent directories): .git
2025-07-05 17:19:42.414 [info] > git rev-parse --show-toplevel [2ms]
2025-07-05 17:19:42.414 [info] fatal: not a git repository (or any of the parent directories): .git
2025-07-05 17:20:01.458 [info] > git rev-parse --show-toplevel [2ms]
2025-07-05 17:20:01.458 [info] fatal: not a git repository (or any of the parent directories): .git
2025-07-05 17:20:17.027 [info] > git rev-parse --show-toplevel [2ms]
2025-07-05 17:20:17.027 [info] fatal: not a git repository (or any of the parent directories): .git
2025-07-05 17:20:19.816 [info] > git rev-parse --show-toplevel [2ms]
2025-07-05 17:20:19.816 [info] fatal: not a git repository (or any of the parent directories): .git
2025-07-05 17:20:25.503 [info] > git rev-parse --show-toplevel [1ms]
2025-07-05 17:20:25.503 [info] fatal: not a git repository (or any of the parent directories): .git
2025-07-05 17:20:29.718 [info] > git rev-parse --show-toplevel [2ms]
2025-07-05 17:20:29.718 [info] fatal: not a git repository (or any of the parent directories): .git
2025-07-05 17:20:30.933 [info] > git rev-parse --show-toplevel [2ms]
2025-07-05 17:20:30.933 [info] fatal: not a git repository (or any of the parent directories): .git
2025-07-05 17:20:33.784 [info] > git rev-parse --show-toplevel [3ms]
2025-07-05 17:20:33.784 [info] fatal: not a git repository (or any of the parent directories): .git
2025-07-05 17:20:34.888 [info] > git rev-parse --show-toplevel [5ms]
2025-07-05 17:20:34.888 [info] fatal: not a git repository (or any of the parent directories): .git
2025-07-05 17:20:40.725 [info] > git rev-parse --show-toplevel [1ms]
2025-07-05 17:20:40.725 [info] fatal: not a git repository (or any of the parent directories): .git
2025-07-05 17:20:43.624 [info] > git rev-parse --show-toplevel [2ms]
2025-07-05 17:20:43.625 [info] fatal: not a git repository (or any of the parent directories): .git
2025-07-05 17:20:56.533 [info] > git rev-parse --show-toplevel [1ms]
2025-07-05 17:20:56.533 [info] fatal: not a git repository (or any of the parent directories): .git
2025-07-05 17:27:50.232 [info] > git rev-parse --show-toplevel [3ms]
2025-07-05 17:27:50.232 [info] fatal: not a git repository (or any of the parent directories): .git
2025-07-05 17:34:59.393 [info] > git rev-parse --show-toplevel [1ms]
2025-07-05 17:34:59.393 [info] fatal: not a git repository (or any of the parent directories): .git
2025-07-05 17:35:26.943 [info] > git rev-parse --show-toplevel [1ms]
2025-07-05 17:35:26.943 [info] fatal: not a git repository (or any of the parent directories): .git
2025-07-05 17:36:42.859 [info] > git rev-parse --show-toplevel [1ms]
2025-07-05 17:36:42.859 [info] fatal: not a git repository (or any of the parent directories): .git
2025-07-05 17:55:24.336 [info] > git rev-parse --show-toplevel [1ms]
2025-07-05 17:55:24.336 [info] fatal: not a git repository (or any of the parent directories): .git
2025-07-05 17:55:53.661 [info] > git rev-parse --show-toplevel [2ms]
2025-07-05 17:55:53.661 [info] fatal: not a git repository (or any of the parent directories): .git
2025-07-05 18:17:53.162 [info] > git rev-parse --show-toplevel [1ms]
2025-07-05 18:17:53.162 [info] fatal: not a git repository (or any of the parent directories): .git
2025-07-05 18:18:14.457 [info] > git rev-parse --show-toplevel [3ms]
2025-07-05 18:18:14.457 [info] fatal: not a git repository (or any of the parent directories): .git
2025-07-05 18:22:09.455 [info] > git rev-parse --show-toplevel [1ms]
2025-07-05 18:22:09.455 [info] fatal: not a git repository (or any of the parent directories): .git
