2025-07-02 10:19:55.670 [info] Started local extension host with pid 6077.
2025-07-02 10:19:55.677 [info] ChatSessionStore: Migrating 0 chat sessions from storage service to file system
2025-07-02 10:19:57.924 [info] ComputeTargetPlatform: linux-x64
2025-07-02 10:19:57.925 [error] Extension 'ms-python.debugpy CANNOT USE these API proposals 'portsAttributes, debugVisualization, contribViewsWelcome'. You MUST start in extension development mode or use the --enable-proposed-api command line flag
2025-07-02 10:19:57.925 [error] Extension 'ms-python.python CANNOT USE these API proposals 'contribEditorContentMenu, quickPickSortByLabel, testObserver, quickPickItemTooltip, terminalDataWriteEvent, terminalExecuteCommandEvent, codeActionAI, notebookReplDocument, notebookVariableProvider'. You MUST start in extension development mode or use the --enable-proposed-api command line flag
2025-07-02 10:19:57.941 [info] [sourcegraph.cody-ai]: Command `cody.command.autoedit.open-debug-panel` already registered by Cody: AI Code Assistant (sourcegraph.cody-ai)
2025-07-02 10:19:57.946 [error] [ms-python.python]: editor/content is a proposed menu identifier. It requires 'package.json#enabledApiProposals: ["contribEditorContentMenu"]' and is only available when running out of dev or with the following command line switch: --enable-proposed-api ms-python.python
2025-07-02 10:20:00.196 [info] [perf] Render performance baseline is 17ms
2025-07-02 10:20:00.278 [error] Error while getting the latest version for the extension ms-python.python. Unexpected HTTP response: 502
2025-07-02 10:20:00.279 [error] Error while getting the latest version for the extension sourcegraph.cody-ai. Unexpected HTTP response: 502
2025-07-02 10:20:01.232 [info] Extension host (LocalProcess pid: 6077) is unresponsive.
2025-07-02 10:20:01.372 [error] [Extension Host] (node:6077) [DEP0040] DeprecationWarning: The `punycode` module is deprecated. Please use a userland alternative instead.
(Use `exe --trace-deprecation ...` to show where the warning was created)
2025-07-02 10:20:01.384 [info] Extension host (LocalProcess pid: 6077) is responsive.
2025-07-02 10:20:01.384 [info] UNRESPONSIVE extension host: received responsive event and cancelling profiling session
2025-07-02 10:20:01.516 [error] [Extension Host] DelegatingProxy: Loaded 150 CA certs from noxide
2025-07-02 10:20:01.926 [info] UNRESPONSIVE extension host: starting to profile NOW
2025-07-02 10:20:02.059 [warning] UNRESPONSIVE extension host: 'vscode.git' took 90.40590405904058% of 1.47ms, saved PROFILE here: 'file:///tmp/exthost-af477c.cpuprofile'
2025-07-02 10:20:03.120 [error] An unknown error occurred. Please consult the log for more details.
2025-07-02 10:20:03.220 [error] command 'authStatus.update' not found
2025-07-02 10:20:04.769 [error] Error while getting the latest version for the extension ms-python.debugpy. Unexpected token '<', "<!DOCTYPE "... is not valid JSON:
<!DOCTYPE html>
<html lang="en">

<head>
    <title>Open VSX Registry</title>
    <meta charset="UTF-8">
    <meta name="viewport" content="width=device-width, initial-scale=1">
    <link rel="stylesheet" href="https://fonts.googleapis.com/css?family=Roboto:300,400,500,700&display=swap" />

    <!-- Google Tag Manager -->
    <script>(function(w,d,s,l,i){w[l]=w[l]||[];w[l].push({'gtm.start':
    new Date().getTime(),event:'gtm.js'});var f=d.getElementsByTagName(s)[0],
    j=d.createElement(s),dl=l!='dataLayer'?'&l='+l:'';j.async=true;j.src=
    'https://www.googletagmanager.com/gtm.js?id='+i+dl;f.parentNode.insertBefore(j,f);
    })(window,document,'script','dataLayer','GTM-5WLCZXC');</script>

    <!-- Eclipse Cookie Consent -->
    <link rel="stylesheet" type="text/css"
        href="//www.eclipse.org/eclipse.org-common/themes/solstice/public/stylesheets/vendor/cookieconsent/cookieconsent.min.css" />
    <script
        src="//www.eclipse.org/eclipse.org-common/themes/solstice/public/javascript/vendor/cookieconsent/default.min.js">
    </script>
    <style>
        a.cc-btn.cc-allow {
            background-color: #c160ef;
        }
        a.cc-btn.cc-allow:hover, a.cc-btn.cc-allow:focus {
            background-color: #444;
        }
        .cc-revoke {
            display: none !important;
        }
        @media (prefers-color-scheme: dark) {
          body {
            background-color: #121212;
          }
        }
    </style>
</head>

<body>
    <!-- Google Tag Manager (noscript) -->
    <noscript><iframe title="Google Tag Manager" src="https://www.googletagmanager.com/ns.html?id=GTM-5WLCZXC" height="0" width="0" style="display:none;visibility:hidden"></iframe></noscript>
    <!-- End Google Tag Manager (noscript) -->
    <div id="main"></div>
    <script src='/bundle.js' ></script>
</body>

</html>

