2025-07-01 11:42:01 Loading main app package /usr/lib/obsidian/obsidian.asar
2025-07-01 11:42:01 Checking for update using Github
2025-07-01 11:42:03 Success.
2025-07-01 11:42:03 Latest version is 1.8.10
2025-07-01 11:42:03 App is up to date.
2025-07-01 11:43:37 Loading main app package /usr/lib/obsidian/obsidian.asar
2025-07-01 11:43:37 Checking for update using Github
2025-07-01 11:43:37 Success.
2025-07-01 11:43:37 Latest version is 1.8.10
2025-07-01 11:43:37 App is up to date.
2025-07-01 11:54:50 Loading main app package /usr/lib/obsidian/obsidian.asar
2025-07-01 11:54:50 Checking for update using Github
2025-07-01 11:54:51 Success.
2025-07-01 11:54:51 Latest version is 1.8.10
2025-07-01 11:54:51 App is up to date.
2025-07-01 12:54:50 Checking for update using Github
2025-07-01 12:54:51 Success.
2025-07-01 12:54:51 Latest version is 1.8.10
2025-07-01 12:54:51 App is up to date.
2025-07-01 13:54:50 Checking for update using Github
2025-07-01 13:54:51 Success.
2025-07-01 13:54:51 Latest version is 1.8.10
2025-07-01 13:54:51 App is up to date.
2025-07-01 14:34:46 Loading main app package /usr/lib/obsidian/obsidian.asar
2025-07-01 14:34:48 Checking for update using Github
2025-07-01 14:34:50 Success.
2025-07-01 14:34:50 Latest version is 1.8.10
2025-07-01 14:34:50 App is up to date.
