2025-07-04 15:03:26.492 [info] [main] Log level: Info
2025-07-04 15:03:26.492 [info] [main] Validating found git in: "git"
2025-07-04 15:03:26.492 [info] [main] Using git "2.50.0" from "git"
2025-07-04 15:03:26.492 [info] [Model][doInitialScan] Initial repository scan started
2025-07-04 15:03:26.492 [info] > git rev-parse --show-toplevel [3ms]
2025-07-04 15:03:26.492 [info] fatal: not a git repository (or any of the parent directories): .git
2025-07-04 15:03:26.492 [info] > git rev-parse --show-toplevel [2ms]
2025-07-04 15:03:26.492 [info] fatal: not a git repository (or any of the parent directories): .git
2025-07-04 15:03:26.650 [info] > git rev-parse --show-toplevel [2ms]
2025-07-04 15:03:26.650 [info] fatal: not a git repository (or any of the parent directories): .git
2025-07-04 15:03:26.657 [info] > git rev-parse --show-toplevel [1ms]
2025-07-04 15:03:26.657 [info] fatal: not a git repository (or any of the parent directories): .git
2025-07-04 15:03:26.664 [info] > git rev-parse --show-toplevel [1ms]
2025-07-04 15:03:26.664 [info] fatal: not a git repository (or any of the parent directories): .git
2025-07-04 15:03:26.672 [info] > git rev-parse --show-toplevel [2ms]
2025-07-04 15:03:26.672 [info] fatal: not a git repository (or any of the parent directories): .git
2025-07-04 15:03:26.679 [info] > git rev-parse --show-toplevel [1ms]
2025-07-04 15:03:26.679 [info] fatal: not a git repository (or any of the parent directories): .git
2025-07-04 15:03:26.686 [info] > git rev-parse --show-toplevel [1ms]
2025-07-04 15:03:26.686 [info] fatal: not a git repository (or any of the parent directories): .git
2025-07-04 15:03:26.692 [info] > git rev-parse --show-toplevel [1ms]
2025-07-04 15:03:26.692 [info] fatal: not a git repository (or any of the parent directories): .git
2025-07-04 15:03:26.699 [info] > git rev-parse --show-toplevel [2ms]
2025-07-04 15:03:26.699 [info] fatal: not a git repository (or any of the parent directories): .git
2025-07-04 15:03:26.706 [info] > git rev-parse --show-toplevel [1ms]
2025-07-04 15:03:26.706 [info] fatal: not a git repository (or any of the parent directories): .git
2025-07-04 15:03:26.713 [info] > git rev-parse --show-toplevel [1ms]
2025-07-04 15:03:26.713 [info] fatal: not a git repository (or any of the parent directories): .git
2025-07-04 15:03:26.721 [info] > git rev-parse --show-toplevel [1ms]
2025-07-04 15:03:26.721 [info] fatal: not a git repository (or any of the parent directories): .git
2025-07-04 15:03:26.727 [info] > git rev-parse --show-toplevel [0ms]
2025-07-04 15:03:26.728 [info] fatal: not a git repository (or any of the parent directories): .git
2025-07-04 15:03:26.734 [info] > git rev-parse --show-toplevel [1ms]
2025-07-04 15:03:26.734 [info] fatal: not a git repository (or any of the parent directories): .git
2025-07-04 15:03:26.740 [info] > git rev-parse --show-toplevel [1ms]
2025-07-04 15:03:26.740 [info] fatal: not a git repository (or any of the parent directories): .git
2025-07-04 15:03:26.747 [info] > git rev-parse --show-toplevel [1ms]
2025-07-04 15:03:26.747 [info] fatal: not a git repository (or any of the parent directories): .git
2025-07-04 15:03:26.753 [info] > git rev-parse --show-toplevel [1ms]
2025-07-04 15:03:26.753 [info] fatal: not a git repository (or any of the parent directories): .git
2025-07-04 15:03:26.760 [info] > git rev-parse --show-toplevel [1ms]
2025-07-04 15:03:26.760 [info] fatal: not a git repository (or any of the parent directories): .git
2025-07-04 15:03:26.766 [info] > git rev-parse --show-toplevel [1ms]
2025-07-04 15:03:26.766 [info] fatal: not a git repository (or any of the parent directories): .git
2025-07-04 15:03:26.772 [info] > git rev-parse --show-toplevel [0ms]
2025-07-04 15:03:26.772 [info] fatal: not a git repository (or any of the parent directories): .git
2025-07-04 15:03:26.779 [info] > git rev-parse --show-toplevel [1ms]
2025-07-04 15:03:26.779 [info] fatal: not a git repository (or any of the parent directories): .git
2025-07-04 15:03:26.786 [info] > git rev-parse --show-toplevel [1ms]
2025-07-04 15:03:26.786 [info] fatal: not a git repository (or any of the parent directories): .git
2025-07-04 15:03:26.793 [info] > git rev-parse --show-toplevel [1ms]
2025-07-04 15:03:26.793 [info] fatal: not a git repository (or any of the parent directories): .git
2025-07-04 15:03:26.799 [info] > git rev-parse --show-toplevel [1ms]
2025-07-04 15:03:26.799 [info] fatal: not a git repository (or any of the parent directories): .git
2025-07-04 15:03:26.806 [info] > git rev-parse --show-toplevel [1ms]
2025-07-04 15:03:26.806 [info] fatal: not a git repository (or any of the parent directories): .git
2025-07-04 15:03:26.813 [info] > git rev-parse --show-toplevel [1ms]
2025-07-04 15:03:26.813 [info] fatal: not a git repository (or any of the parent directories): .git
2025-07-04 15:03:26.820 [info] > git rev-parse --show-toplevel [1ms]
2025-07-04 15:03:26.820 [info] fatal: not a git repository (or any of the parent directories): .git
2025-07-04 15:03:26.826 [info] > git rev-parse --show-toplevel [1ms]
2025-07-04 15:03:26.826 [info] fatal: not a git repository (or any of the parent directories): .git
2025-07-04 15:03:26.832 [info] > git rev-parse --show-toplevel [1ms]
2025-07-04 15:03:26.832 [info] fatal: not a git repository (or any of the parent directories): .git
2025-07-04 15:03:26.838 [info] > git rev-parse --show-toplevel [1ms]
2025-07-04 15:03:26.838 [info] fatal: not a git repository (or any of the parent directories): .git
2025-07-04 15:03:26.845 [info] > git rev-parse --show-toplevel [1ms]
2025-07-04 15:03:26.845 [info] fatal: not a git repository (or any of the parent directories): .git
2025-07-04 15:03:26.851 [info] > git rev-parse --show-toplevel [1ms]
2025-07-04 15:03:26.851 [info] fatal: not a git repository (or any of the parent directories): .git
2025-07-04 15:03:26.857 [info] > git rev-parse --show-toplevel [1ms]
2025-07-04 15:03:26.857 [info] fatal: not a git repository (or any of the parent directories): .git
2025-07-04 15:03:26.865 [info] > git rev-parse --show-toplevel [2ms]
2025-07-04 15:03:26.865 [info] fatal: not a git repository (or any of the parent directories): .git
2025-07-04 15:03:26.872 [info] > git rev-parse --show-toplevel [1ms]
2025-07-04 15:03:26.872 [info] fatal: not a git repository (or any of the parent directories): .git
2025-07-04 15:03:26.879 [info] > git rev-parse --show-toplevel [1ms]
2025-07-04 15:03:26.879 [info] fatal: not a git repository (or any of the parent directories): .git
2025-07-04 15:03:26.886 [info] > git rev-parse --show-toplevel [1ms]
2025-07-04 15:03:26.886 [info] fatal: not a git repository (or any of the parent directories): .git
2025-07-04 15:03:26.892 [info] > git rev-parse --show-toplevel [1ms]
2025-07-04 15:03:26.893 [info] fatal: not a git repository (or any of the parent directories): .git
2025-07-04 15:03:26.900 [info] > git rev-parse --show-toplevel [1ms]
2025-07-04 15:03:26.900 [info] fatal: not a git repository (or any of the parent directories): .git
2025-07-04 15:03:26.907 [info] > git rev-parse --show-toplevel [1ms]
2025-07-04 15:03:26.907 [info] fatal: not a git repository (or any of the parent directories): .git
2025-07-04 15:03:26.913 [info] > git rev-parse --show-toplevel [1ms]
2025-07-04 15:03:26.913 [info] fatal: not a git repository (or any of the parent directories): .git
2025-07-04 15:03:26.919 [info] > git rev-parse --show-toplevel [0ms]
2025-07-04 15:03:26.919 [info] fatal: not a git repository (or any of the parent directories): .git
2025-07-04 15:03:26.927 [info] > git rev-parse --show-toplevel [1ms]
2025-07-04 15:03:26.927 [info] fatal: not a git repository (or any of the parent directories): .git
2025-07-04 15:03:26.933 [info] > git rev-parse --show-toplevel [1ms]
2025-07-04 15:03:26.933 [info] fatal: not a git repository (or any of the parent directories): .git
2025-07-04 15:03:26.939 [info] > git rev-parse --show-toplevel [1ms]
2025-07-04 15:03:26.939 [info] fatal: not a git repository (or any of the parent directories): .git
2025-07-04 15:03:26.946 [info] > git rev-parse --show-toplevel [1ms]
2025-07-04 15:03:26.946 [info] fatal: not a git repository (or any of the parent directories): .git
2025-07-04 15:03:26.953 [info] > git rev-parse --show-toplevel [1ms]
2025-07-04 15:03:26.953 [info] fatal: not a git repository (or any of the parent directories): .git
2025-07-04 15:03:26.955 [info] [Model][doInitialScan] Initial repository scan completed - repositories (0), closed repositories (0), parent repositories (0), unsafe repositories (0)
2025-07-04 15:03:28.002 [info] > git rev-parse --show-toplevel [1ms]
2025-07-04 15:03:28.002 [info] fatal: not a git repository (or any of the parent directories): .git
2025-07-04 15:05:15.766 [info] > git rev-parse --show-toplevel [3ms]
2025-07-04 15:05:15.766 [info] fatal: not a git repository (or any of the parent directories): .git
2025-07-04 15:06:09.566 [info] > git rev-parse --show-toplevel [3ms]
2025-07-04 15:06:09.566 [info] fatal: not a git repository (or any of the parent directories): .git
2025-07-04 15:09:30.702 [info] > git rev-parse --show-toplevel [1ms]
2025-07-04 15:13:47.987 [info] > git rev-parse --show-toplevel [8ms]
2025-07-04 15:13:47.987 [info] fatal: not a git repository (or any of the parent directories): .git
2025-07-04 15:13:49.471 [info] > git rev-parse --show-toplevel [2ms]
2025-07-04 15:13:49.471 [info] fatal: not a git repository (or any of the parent directories): .git
2025-07-04 15:14:07.995 [info] > git rev-parse --show-toplevel [3ms]
2025-07-04 15:14:07.995 [info] fatal: not a git repository (or any of the parent directories): .git
2025-07-04 15:14:54.481 [info] > git rev-parse --show-toplevel [4ms]
2025-07-04 15:14:54.481 [info] fatal: not a git repository (or any of the parent directories): .git
2025-07-04 15:15:29.970 [info] > git rev-parse --show-toplevel [2ms]
2025-07-04 15:15:29.971 [info] fatal: not a git repository (or any of the parent directories): .git
2025-07-04 15:16:28.175 [info] > git rev-parse --show-toplevel [1ms]
2025-07-04 15:16:28.176 [info] fatal: not a git repository (or any of the parent directories): .git
2025-07-04 15:16:30.074 [info] > git rev-parse --show-toplevel [2ms]
2025-07-04 15:16:30.074 [info] fatal: not a git repository (or any of the parent directories): .git
2025-07-04 15:19:54.136 [info] > git rev-parse --show-toplevel [3ms]
2025-07-04 15:20:00.386 [info] > git rev-parse --show-toplevel [3ms]
2025-07-04 15:20:00.386 [info] fatal: not a git repository (or any of the parent directories): .git
2025-07-04 15:20:04.763 [info] > git rev-parse --show-toplevel [1ms]
2025-07-04 15:20:06.100 [info] > git rev-parse --show-toplevel [2ms]
2025-07-04 15:20:06.100 [info] fatal: not a git repository (or any of the parent directories): .git
2025-07-04 15:20:06.786 [info] > git rev-parse --show-toplevel [2ms]
2025-07-04 15:20:06.786 [info] fatal: not a git repository (or any of the parent directories): .git
2025-07-04 15:20:59.518 [info] > git rev-parse --show-toplevel [2ms]
2025-07-04 15:20:59.518 [info] fatal: not a git repository (or any of the parent directories): .git
2025-07-04 15:21:03.369 [info] > git rev-parse --show-toplevel [2ms]
2025-07-04 15:21:04.791 [info] > git rev-parse --show-toplevel [1ms]
2025-07-04 15:21:04.791 [info] fatal: not a git repository (or any of the parent directories): .git
2025-07-04 15:21:06.574 [info] > git rev-parse --show-toplevel [3ms]
2025-07-04 15:21:06.574 [info] fatal: not a git repository (or any of the parent directories): .git
2025-07-04 15:21:41.609 [info] > git rev-parse --show-toplevel [1ms]
2025-07-04 15:21:41.609 [info] fatal: not a git repository (or any of the parent directories): .git
2025-07-04 15:21:50.232 [info] > git rev-parse --show-toplevel [3ms]
2025-07-04 15:21:50.232 [info] fatal: not a git repository (or any of the parent directories): .git
2025-07-04 15:22:12.833 [info] > git rev-parse --show-toplevel [1ms]
2025-07-04 15:22:12.833 [info] fatal: not a git repository (or any of the parent directories): .git
2025-07-04 15:22:17.832 [info] > git rev-parse --show-toplevel [2ms]
2025-07-04 15:22:17.832 [info] fatal: not a git repository (or any of the parent directories): .git
2025-07-04 15:22:27.933 [info] > git rev-parse --show-toplevel [2ms]
2025-07-04 15:22:27.933 [info] fatal: not a git repository (or any of the parent directories): .git
2025-07-04 15:22:51.689 [info] > git rev-parse --show-toplevel [1ms]
2025-07-04 15:22:51.689 [info] fatal: not a git repository (or any of the parent directories): .git
2025-07-04 15:22:59.764 [info] > git rev-parse --show-toplevel [3ms]
2025-07-04 15:22:59.764 [info] fatal: not a git repository (or any of the parent directories): .git
2025-07-04 15:23:42.185 [info] > git rev-parse --show-toplevel [2ms]
2025-07-04 15:23:42.185 [info] fatal: not a git repository (or any of the parent directories): .git
2025-07-04 15:23:44.288 [info] > git rev-parse --show-toplevel [2ms]
2025-07-04 15:23:44.288 [info] fatal: not a git repository (or any of the parent directories): .git
2025-07-04 15:24:36.796 [info] > git rev-parse --show-toplevel [1ms]
2025-07-04 15:24:36.797 [info] fatal: not a git repository (or any of the parent directories): .git
2025-07-04 15:25:10.308 [info] > git rev-parse --show-toplevel [1ms]
2025-07-04 15:25:10.308 [info] fatal: not a git repository (or any of the parent directories): .git
2025-07-04 15:27:47.652 [info] > git rev-parse --show-toplevel [4ms]
2025-07-04 15:27:47.652 [info] fatal: not a git repository (or any of the parent directories): .git
2025-07-04 15:27:51.576 [info] > git rev-parse --show-toplevel [3ms]
2025-07-04 15:27:51.576 [info] fatal: not a git repository (or any of the parent directories): .git
2025-07-04 15:27:52.184 [info] > git rev-parse --show-toplevel [1ms]
2025-07-04 15:27:52.184 [info] fatal: not a git repository (or any of the parent directories): .git
2025-07-04 15:28:15.062 [info] > git rev-parse --show-toplevel [2ms]
2025-07-04 15:28:15.062 [info] fatal: not a git repository (or any of the parent directories): .git
2025-07-04 15:28:16.372 [info] > git rev-parse --show-toplevel [1ms]
2025-07-04 15:28:16.372 [info] fatal: not a git repository (or any of the parent directories): .git
2025-07-04 15:28:26.399 [info] > git rev-parse --show-toplevel [1ms]
2025-07-04 15:28:26.399 [info] fatal: not a git repository (or any of the parent directories): .git
2025-07-04 15:36:25.605 [info] > git rev-parse --show-toplevel [1ms]
2025-07-04 15:36:25.605 [info] fatal: not a git repository (or any of the parent directories): .git
2025-07-04 15:41:30.737 [info] > git rev-parse --show-toplevel [1ms]
2025-07-04 15:41:30.737 [info] fatal: not a git repository (or any of the parent directories): .git
2025-07-04 15:41:30.748 [info] > git rev-parse --show-toplevel [1ms]
2025-07-04 15:41:30.748 [info] fatal: not a git repository (or any of the parent directories): .git
2025-07-04 15:41:30.756 [info] > git rev-parse --show-toplevel [2ms]
2025-07-04 15:41:30.756 [info] fatal: not a git repository (or any of the parent directories): .git
2025-07-04 15:41:36.511 [info] > git rev-parse --show-toplevel [1ms]
2025-07-04 15:41:36.511 [info] fatal: not a git repository (or any of the parent directories): .git
2025-07-04 15:41:36.538 [info] > git rev-parse --show-toplevel [3ms]
2025-07-04 15:41:36.538 [info] fatal: not a git repository (or any of the parent directories): .git
2025-07-04 15:41:36.546 [info] > git rev-parse --show-toplevel [1ms]
2025-07-04 15:41:36.546 [info] fatal: not a git repository (or any of the parent directories): .git
2025-07-04 16:11:49.263 [info] > git rev-parse --show-toplevel [1ms]
2025-07-04 16:11:49.263 [info] fatal: not a git repository (or any of the parent directories): .git
2025-07-04 16:11:52.570 [info] > git rev-parse --show-toplevel [1ms]
2025-07-04 16:11:52.570 [info] fatal: not a git repository (or any of the parent directories): .git
2025-07-04 16:11:52.578 [info] > git rev-parse --show-toplevel [1ms]
2025-07-04 16:11:52.578 [info] fatal: not a git repository (or any of the parent directories): .git
2025-07-04 16:14:40.949 [info] > git rev-parse --show-toplevel [2ms]
2025-07-04 16:14:40.949 [info] fatal: not a git repository (or any of the parent directories): .git
2025-07-04 16:14:43.128 [info] > git rev-parse --show-toplevel [2ms]
2025-07-04 16:14:43.128 [info] fatal: not a git repository (or any of the parent directories): .git
2025-07-04 16:14:43.135 [info] > git rev-parse --show-toplevel [1ms]
2025-07-04 16:14:43.135 [info] fatal: not a git repository (or any of the parent directories): .git
2025-07-04 17:05:33.360 [info] > git rev-parse --show-toplevel [2ms]
2025-07-04 17:05:33.360 [info] fatal: not a git repository (or any of the parent directories): .git
2025-07-04 17:07:05.646 [info] > git rev-parse --show-toplevel [32ms]
2025-07-04 17:07:05.646 [info] fatal: not a git repository (or any of the parent directories): .git
2025-07-04 17:07:07.184 [info] > git rev-parse --show-toplevel [1ms]
2025-07-04 17:07:07.184 [info] fatal: not a git repository (or any of the parent directories): .git
2025-07-04 17:07:07.732 [info] > git rev-parse --show-toplevel [1ms]
2025-07-04 17:07:07.732 [info] fatal: not a git repository (or any of the parent directories): .git
2025-07-04 17:07:08.054 [info] > git rev-parse --show-toplevel [1ms]
2025-07-04 17:07:08.054 [info] fatal: not a git repository (or any of the parent directories): .git
2025-07-04 17:07:08.649 [info] > git rev-parse --show-toplevel [3ms]
2025-07-04 17:07:08.649 [info] fatal: not a git repository (or any of the parent directories): .git
2025-07-04 17:07:09.170 [info] > git rev-parse --show-toplevel [1ms]
2025-07-04 17:07:09.170 [info] fatal: not a git repository (or any of the parent directories): .git
2025-07-04 17:07:10.971 [info] > git rev-parse --show-toplevel [1ms]
2025-07-04 17:07:10.972 [info] fatal: not a git repository (or any of the parent directories): .git
2025-07-04 17:07:12.015 [info] > git rev-parse --show-toplevel [1ms]
2025-07-04 17:07:12.015 [info] fatal: not a git repository (or any of the parent directories): .git
2025-07-04 17:07:13.078 [info] > git rev-parse --show-toplevel [0ms]
2025-07-04 17:07:13.078 [info] fatal: not a git repository (or any of the parent directories): .git
2025-07-04 17:07:13.725 [info] > git rev-parse --show-toplevel [3ms]
2025-07-04 17:07:13.725 [info] fatal: not a git repository (or any of the parent directories): .git
2025-07-04 17:07:14.301 [info] > git rev-parse --show-toplevel [2ms]
2025-07-04 17:07:14.301 [info] fatal: not a git repository (or any of the parent directories): .git
2025-07-04 17:07:14.655 [info] > git rev-parse --show-toplevel [1ms]
2025-07-04 17:07:14.655 [info] fatal: not a git repository (or any of the parent directories): .git
2025-07-04 17:07:16.240 [info] > git rev-parse --show-toplevel [1ms]
2025-07-04 17:07:16.240 [info] fatal: not a git repository (or any of the parent directories): .git
2025-07-04 17:07:16.780 [info] > git rev-parse --show-toplevel [1ms]
2025-07-04 17:07:16.780 [info] fatal: not a git repository (or any of the parent directories): .git
2025-07-04 17:07:17.262 [info] > git rev-parse --show-toplevel [4ms]
2025-07-04 17:07:17.262 [info] fatal: not a git repository (or any of the parent directories): .git
2025-07-04 17:07:17.838 [info] > git rev-parse --show-toplevel [1ms]
2025-07-04 17:07:17.838 [info] fatal: not a git repository (or any of the parent directories): .git
2025-07-04 17:07:18.302 [info] > git rev-parse --show-toplevel [2ms]
2025-07-04 17:07:18.302 [info] fatal: not a git repository (or any of the parent directories): .git
2025-07-04 17:07:20.021 [info] > git rev-parse --show-toplevel [1ms]
2025-07-04 17:07:20.021 [info] fatal: not a git repository (or any of the parent directories): .git
2025-07-04 17:07:20.663 [info] > git rev-parse --show-toplevel [1ms]
2025-07-04 17:07:20.663 [info] fatal: not a git repository (or any of the parent directories): .git
2025-07-04 17:07:21.240 [info] > git rev-parse --show-toplevel [1ms]
2025-07-04 17:07:21.240 [info] fatal: not a git repository (or any of the parent directories): .git
2025-07-04 17:07:21.697 [info] > git rev-parse --show-toplevel [1ms]
2025-07-04 17:07:21.697 [info] fatal: not a git repository (or any of the parent directories): .git
2025-07-04 17:07:22.396 [info] > git rev-parse --show-toplevel [1ms]
2025-07-04 17:07:22.396 [info] fatal: not a git repository (or any of the parent directories): .git
2025-07-04 17:07:22.923 [info] > git rev-parse --show-toplevel [1ms]
2025-07-04 17:07:22.923 [info] fatal: not a git repository (or any of the parent directories): .git
2025-07-04 17:07:24.005 [info] > git rev-parse --show-toplevel [1ms]
2025-07-04 17:07:24.005 [info] fatal: not a git repository (or any of the parent directories): .git
2025-07-04 17:07:24.544 [info] > git rev-parse --show-toplevel [2ms]
2025-07-04 17:07:24.544 [info] fatal: not a git repository (or any of the parent directories): .git
2025-07-04 17:07:25.009 [info] > git rev-parse --show-toplevel [1ms]
2025-07-04 17:07:25.009 [info] fatal: not a git repository (or any of the parent directories): .git
2025-07-04 17:07:26.750 [info] > git rev-parse --show-toplevel [2ms]
2025-07-04 17:07:26.750 [info] fatal: not a git repository (or any of the parent directories): .git
2025-07-04 17:07:28.739 [info] > git rev-parse --show-toplevel [1ms]
2025-07-04 17:07:28.739 [info] fatal: not a git repository (or any of the parent directories): .git
2025-07-04 17:09:32.643 [info] > git rev-parse --show-toplevel [3ms]
2025-07-04 17:09:32.643 [info] fatal: not a git repository (or any of the parent directories): .git
2025-07-04 17:09:33.777 [info] > git rev-parse --show-toplevel [1ms]
2025-07-04 17:09:33.777 [info] fatal: not a git repository (or any of the parent directories): .git
2025-07-04 17:09:39.928 [info] > git rev-parse --show-toplevel [1ms]
2025-07-04 17:09:39.928 [info] fatal: not a git repository (or any of the parent directories): .git
