2025-07-01 15:37:13.668 [info] [main] Log level: Info
2025-07-01 15:37:13.668 [info] [main] Validating found git in: "git"
2025-07-01 15:37:13.827 [info] [main] Using git "2.50.0" from "git"
2025-07-01 15:37:13.827 [info] [Model][doInitialScan] Initial repository scan started
2025-07-01 15:37:13.837 [info] > git rev-parse --show-toplevel [2ms]
2025-07-01 15:37:13.837 [info] fatal: not a git repository (or any of the parent directories): .git
2025-07-01 15:37:15.601 [info] > git rev-parse --show-toplevel [1756ms]
2025-07-01 15:37:15.601 [info] fatal: not a git repository (or any of the parent directories): .git
2025-07-01 15:37:15.621 [info] > git rev-parse --show-toplevel [1ms]
2025-07-01 15:37:15.621 [info] fatal: not a git repository (or any of the parent directories): .git
2025-07-01 15:37:15.748 [info] > git rev-parse --show-toplevel [111ms]
2025-07-01 15:37:15.748 [info] fatal: not a git repository (or any of the parent directories): .git
2025-07-01 15:37:15.755 [info] > git rev-parse --show-toplevel [1ms]
2025-07-01 15:37:15.755 [info] fatal: not a git repository (or any of the parent directories): .git
2025-07-01 15:37:15.764 [info] > git rev-parse --show-toplevel [3ms]
2025-07-01 15:37:15.764 [info] fatal: not a git repository (or any of the parent directories): .git
2025-07-01 15:37:15.791 [info] > git rev-parse --show-toplevel [23ms]
2025-07-01 15:37:15.791 [info] fatal: not a git repository (or any of the parent directories): .git
2025-07-01 15:37:15.798 [info] > git rev-parse --show-toplevel [1ms]
2025-07-01 15:37:15.799 [info] fatal: not a git repository (or any of the parent directories): .git
2025-07-01 15:37:15.804 [info] > git rev-parse --show-toplevel [1ms]
2025-07-01 15:37:15.804 [info] fatal: not a git repository (or any of the parent directories): .git
2025-07-01 15:37:15.809 [info] > git rev-parse --show-toplevel [1ms]
2025-07-01 15:37:15.809 [info] fatal: not a git repository (or any of the parent directories): .git
2025-07-01 15:37:15.814 [info] > git rev-parse --show-toplevel [0ms]
2025-07-01 15:37:15.814 [info] fatal: not a git repository (or any of the parent directories): .git
2025-07-01 15:37:15.819 [info] > git rev-parse --show-toplevel [1ms]
2025-07-01 15:37:15.819 [info] fatal: not a git repository (or any of the parent directories): .git
2025-07-01 15:37:15.824 [info] > git rev-parse --show-toplevel [0ms]
2025-07-01 15:37:15.824 [info] fatal: not a git repository (or any of the parent directories): .git
2025-07-01 15:37:15.829 [info] > git rev-parse --show-toplevel [0ms]
2025-07-01 15:37:15.829 [info] fatal: not a git repository (or any of the parent directories): .git
2025-07-01 15:37:15.834 [info] > git rev-parse --show-toplevel [0ms]
2025-07-01 15:37:15.834 [info] fatal: not a git repository (or any of the parent directories): .git
2025-07-01 15:37:15.840 [info] > git rev-parse --show-toplevel [1ms]
2025-07-01 15:37:15.840 [info] fatal: not a git repository (or any of the parent directories): .git
2025-07-01 15:37:15.848 [info] > git rev-parse --show-toplevel [1ms]
2025-07-01 15:37:15.848 [info] fatal: not a git repository (or any of the parent directories): .git
2025-07-01 15:37:15.853 [info] > git rev-parse --show-toplevel [0ms]
2025-07-01 15:37:15.854 [info] fatal: not a git repository (or any of the parent directories): .git
2025-07-01 15:37:15.859 [info] > git rev-parse --show-toplevel [1ms]
2025-07-01 15:37:15.859 [info] fatal: not a git repository (or any of the parent directories): .git
2025-07-01 15:37:15.864 [info] > git rev-parse --show-toplevel [1ms]
2025-07-01 15:37:15.864 [info] fatal: not a git repository (or any of the parent directories): .git
2025-07-01 15:37:15.869 [info] > git rev-parse --show-toplevel [1ms]
2025-07-01 15:37:15.869 [info] fatal: not a git repository (or any of the parent directories): .git
2025-07-01 15:37:15.874 [info] > git rev-parse --show-toplevel [1ms]
2025-07-01 15:37:15.874 [info] fatal: not a git repository (or any of the parent directories): .git
2025-07-01 15:37:15.881 [info] > git rev-parse --show-toplevel [1ms]
2025-07-01 15:37:15.881 [info] fatal: not a git repository (or any of the parent directories): .git
2025-07-01 15:37:15.891 [info] > git rev-parse --show-toplevel [1ms]
2025-07-01 15:37:15.891 [info] fatal: not a git repository (or any of the parent directories): .git
2025-07-01 15:37:15.902 [info] > git rev-parse --show-toplevel [0ms]
2025-07-01 15:37:15.902 [info] fatal: not a git repository (or any of the parent directories): .git
2025-07-01 15:37:15.910 [info] > git rev-parse --show-toplevel [1ms]
2025-07-01 15:37:15.910 [info] fatal: not a git repository (or any of the parent directories): .git
2025-07-01 15:37:15.916 [info] > git rev-parse --show-toplevel [0ms]
2025-07-01 15:37:15.916 [info] fatal: not a git repository (or any of the parent directories): .git
2025-07-01 15:37:15.923 [info] > git rev-parse --show-toplevel [1ms]
2025-07-01 15:37:15.923 [info] fatal: not a git repository (or any of the parent directories): .git
2025-07-01 15:37:15.929 [info] > git rev-parse --show-toplevel [1ms]
2025-07-01 15:37:15.929 [info] fatal: not a git repository (or any of the parent directories): .git
2025-07-01 15:37:15.934 [info] > git rev-parse --show-toplevel [1ms]
2025-07-01 15:37:15.934 [info] fatal: not a git repository (or any of the parent directories): .git
2025-07-01 15:37:15.939 [info] > git rev-parse --show-toplevel [1ms]
2025-07-01 15:37:15.939 [info] fatal: not a git repository (or any of the parent directories): .git
2025-07-01 15:37:15.946 [info] > git rev-parse --show-toplevel [1ms]
2025-07-01 15:37:15.946 [info] fatal: not a git repository (or any of the parent directories): .git
2025-07-01 15:37:15.953 [info] > git rev-parse --show-toplevel [1ms]
2025-07-01 15:37:15.953 [info] fatal: not a git repository (or any of the parent directories): .git
2025-07-01 15:37:15.955 [info] [Model][doInitialScan] Initial repository scan completed - repositories (0), closed repositories (0), parent repositories (0), unsafe repositories (0)
2025-07-01 15:37:20.673 [info] > git rev-parse --show-toplevel [17ms]
2025-07-01 15:37:20.673 [info] fatal: not a git repository (or any of the parent directories): .git
2025-07-01 15:41:23.152 [info] > git rev-parse --show-toplevel [1ms]
2025-07-01 15:41:23.152 [info] fatal: not a git repository (or any of the parent directories): .git
2025-07-01 15:41:25.781 [info] > git rev-parse --show-toplevel [2ms]
2025-07-01 15:41:25.781 [info] fatal: not a git repository (or any of the parent directories): .git
2025-07-01 15:45:19.787 [info] > git rev-parse --show-toplevel [2ms]
2025-07-01 15:45:19.787 [info] fatal: not a git repository (or any of the parent directories): .git
2025-07-01 15:51:20.400 [info] > git rev-parse --show-toplevel [1ms]
2025-07-01 15:51:20.401 [info] fatal: not a git repository (or any of the parent directories): .git
2025-07-01 15:51:43.146 [info] > git rev-parse --show-toplevel [2ms]
2025-07-01 15:51:43.146 [info] fatal: not a git repository (or any of the parent directories): .git
2025-07-01 15:51:46.419 [info] > git rev-parse --show-toplevel [1ms]
2025-07-01 15:51:46.419 [info] fatal: not a git repository (or any of the parent directories): .git
2025-07-01 15:51:53.363 [info] > git rev-parse --show-toplevel [3ms]
2025-07-01 15:51:53.363 [info] fatal: not a git repository (or any of the parent directories): .git
2025-07-01 15:57:26.854 [info] > git rev-parse --show-toplevel [3ms]
2025-07-01 15:57:26.854 [info] fatal: not a git repository (or any of the parent directories): .git
