[2025-07-04 12:06:43.961] [debug] -------------------- Client Start --------------------
[2025-07-04 12:06:45.026] [info] Checking for update
[2025-07-04 12:06:45.081] [info] Generated new staging user ID: 21251ebf-c226-5fca-9bae-3721a03f2665
[2025-07-04 12:06:46.670] [info] Update for version 2.1.3 is not available (latest version: 2.1.3, downgrade is disallowed).
[2025-07-04 12:06:46.670] [info] {
  version: '2.1.3',
  files: [
    {
      url: 'Official Krunker.io Client-2.1.3.AppImage',
      sha512: 'a8E5heLsKXOtv/wRKlrnV0GD48cY1mOiSSDW93c7YZ+HoeuBQDxtRaHKg5EqU51Yi+d4tPF5nOh10jZW36c7WQ==',
      size: 75638876,
      blockMapSize: 79984
    }
  ],
  path: 'Official Krunker.io Client-2.1.3.AppImage',
  sha512: 'a8E5heLsKXOtv/wRKlrnV0GD48cY1mOiSSDW93c7YZ+HoeuBQDxtRaHKg5EqU51Yi+d4tPF5nOh10jZW36c7WQ==',
  releaseDate: '2021-07-21T11:44:43.142Z'
}
[2025-07-04 12:06:50.150] [info] ready-to-show
[2025-07-04 12:08:21.716] [debug] -------------------- Client Start --------------------
[2025-07-04 12:08:22.335] [info] Checking for update
[2025-07-04 12:08:24.042] [info] Update for version 2.1.3 is not available (latest version: 2.1.3, downgrade is disallowed).
[2025-07-04 12:08:24.042] [info] {
  version: '2.1.3',
  files: [
    {
      url: 'Official Krunker.io Client-2.1.3.AppImage',
      sha512: 'a8E5heLsKXOtv/wRKlrnV0GD48cY1mOiSSDW93c7YZ+HoeuBQDxtRaHKg5EqU51Yi+d4tPF5nOh10jZW36c7WQ==',
      size: 75638876,
      blockMapSize: 79984
    }
  ],
  path: 'Official Krunker.io Client-2.1.3.AppImage',
  sha512: 'a8E5heLsKXOtv/wRKlrnV0GD48cY1mOiSSDW93c7YZ+HoeuBQDxtRaHKg5EqU51Yi+d4tPF5nOh10jZW36c7WQ==',
  releaseDate: '2021-07-21T11:44:43.142Z'
}
[2025-07-04 12:08:26.421] [info] ready-to-show
[2025-07-04 12:11:40.679] [debug] -------------------- Client Start --------------------
[2025-07-04 12:11:41.298] [info] Checking for update
[2025-07-04 12:11:42.482] [info] Update for version 2.1.3 is not available (latest version: 2.1.3, downgrade is disallowed).
[2025-07-04 12:11:42.482] [info] {
  version: '2.1.3',
  files: [
    {
      url: 'Official Krunker.io Client-2.1.3.AppImage',
      sha512: 'a8E5heLsKXOtv/wRKlrnV0GD48cY1mOiSSDW93c7YZ+HoeuBQDxtRaHKg5EqU51Yi+d4tPF5nOh10jZW36c7WQ==',
      size: 75638876,
      blockMapSize: 79984
    }
  ],
  path: 'Official Krunker.io Client-2.1.3.AppImage',
  sha512: 'a8E5heLsKXOtv/wRKlrnV0GD48cY1mOiSSDW93c7YZ+HoeuBQDxtRaHKg5EqU51Yi+d4tPF5nOh10jZW36c7WQ==',
  releaseDate: '2021-07-21T11:44:43.142Z'
}
[2025-07-04 12:11:44.919] [info] ready-to-show
[2025-07-04 12:21:44.600] [debug] -------------------- Client Start --------------------
[2025-07-04 12:21:45.225] [info] Checking for update
[2025-07-04 12:21:46.496] [info] Update for version 2.1.3 is not available (latest version: 2.1.3, downgrade is disallowed).
[2025-07-04 12:21:46.496] [info] {
  version: '2.1.3',
  files: [
    {
      url: 'Official Krunker.io Client-2.1.3.AppImage',
      sha512: 'a8E5heLsKXOtv/wRKlrnV0GD48cY1mOiSSDW93c7YZ+HoeuBQDxtRaHKg5EqU51Yi+d4tPF5nOh10jZW36c7WQ==',
      size: 75638876,
      blockMapSize: 79984
    }
  ],
  path: 'Official Krunker.io Client-2.1.3.AppImage',
  sha512: 'a8E5heLsKXOtv/wRKlrnV0GD48cY1mOiSSDW93c7YZ+HoeuBQDxtRaHKg5EqU51Yi+d4tPF5nOh10jZW36c7WQ==',
  releaseDate: '2021-07-21T11:44:43.142Z'
}
[2025-07-04 12:21:49.515] [info] ready-to-show
