The selected window backend is x11 
Input System module state changed to: Initialized.
Display 0 'HDMI-A-1 25"': 1920x1080 (primary device).
[Physics::Module] Initialized fallback backend.
[Physics::Module] Id: 0xdecafbad
Loading player data from /home/pengu/.local/share/Steam/steamapps/common/Combat Master/Data/data.unity3d
Desktop is 1920 x 1080 @ 120 Hz
Initialize engine version: 6000.0.41f1 (46e447368a18)
[Subsystems] Discovering subsystems at path /home/pengu/.local/share/Steam/steamapps/common/Combat Master/Data/UnitySubsystems
kGfxThreadingModeClientWorkerNativeJobs is not supported on OpenGL Core. Reverting to kGfxThreadingModeClientWorkerJobs instead.
GfxDevice: creating device client; kGfxThreadingModeClientWorkerJobs
Renderer: AMD Radeon Graphics (radeonsi, renoir, ACO, DRM 3.63, 6.15.4-arch2-1)
Vendor:   AMD
Version:  4.6 (Core Profile) Mesa 25.1.4-arch1.2
GLES:     0
 GL_AMD_conservative_depth GL_AMD_depth_clamp_separate GL_AMD_draw_buffers_blend GL_AMD_framebuffer_multisample_advanced GL_AMD_gpu_shader_int64 GL_AMD_multi_draw_indirect GL_AMD_performance_monitor GL_AMD_pinned_memory GL_AMD_query_buffer_object GL_AMD_seamless_cubemap_per_texture GL_AMD_shader_stencil_export GL_AMD_shader_trinary_minmax GL_AMD_texture_texture4 GL_AMD_vertex_shader_layer GL_AMD_vertex_shader_viewport_index GL_ANGLE_texture_compression_dxt3 GL_ANGLE_texture_compression_dxt5 GL_ARB_ES2_compatibility GL_ARB_ES3_1_compatibility GL_ARB_ES3_2_compatibility GL_ARB_ES3_compatibility GL_ARB_arrays_of_arrays GL_ARB_base_instance GL_ARB_bindless_texture GL_ARB_blend_func_extended GL_ARB_buffer_storage GL_ARB_clear_buffer_object GL_ARB_clear_texture GL_ARB_clip_control GL_ARB_color_buffer_float GL_ARB_compressed_texture_pixel_storage GL_ARB_compute_shader GL_ARB_compute_variable_group_size GL_ARB_conditional_render_inverted GL_ARB_conservative_depth GL_ARB_copy_buffer GL_ARB_copy_image GL_ARB_cull_dist
ance GL_ARB_debug_output GL_ARB_depth_buffer_float GL_ARB_depth_clamp GL_ARB_derivative_control GL_ARB_direct_state_access GL_ARB_draw_buffers GL_ARB_draw_buffers_blend GL_ARB_draw_elements_base_vertex GL_ARB_draw_indirect GL_ARB_draw_instanced GL_ARB_enhanced_layouts GL_ARB_explicit_attrib_location GL_ARB_explicit_uniform_location GL_ARB_fragment_coord_conventions GL_ARB_fragment_layer_viewport GL_ARB_fragment_shader GL_ARB_framebuffer_no_attachments GL_ARB_framebuffer_object GL_ARB_framebuffer_sRGB GL_ARB_get_program_binary GL_ARB_get_texture_sub_image GL_ARB_gl_spirv GL_ARB_gpu_shader5 GL_ARB_gpu_shader_fp64 GL_ARB_gpu_shader_int64 GL_ARB_half_float_pixel GL_ARB_half_float_vertex GL_ARB_indirect_parameters GL_ARB_instanced_arrays GL_ARB_internalformat_query GL_ARB_internalformat_query2 GL_ARB_invalidate_subdata GL_ARB_map_buffer_alignment GL_ARB_map_buffer_range GL_ARB_multi_bind GL_ARB_multi_draw_indirect GL_ARB_occlusion_query2 GL_ARB_parallel_shader_compile GL_ARB_pipeline_statistics_query GL_ARB_pixel
_buffer_object GL_ARB_point_sprite GL_ARB_polygon_offset_clamp GL_ARB_program_interface_query GL_ARB_provoking_vertex GL_ARB_query_buffer_object GL_ARB_robust_buffer_access_behavior GL_ARB_robustness GL_ARB_sample_shading GL_ARB_sampler_objects GL_ARB_seamless_cube_map GL_ARB_seamless_cubemap_per_texture GL_ARB_separate_shader_objects GL_ARB_shader_atomic_counter_ops GL_ARB_shader_atomic_counters GL_ARB_shader_ballot GL_ARB_shader_bit_encoding GL_ARB_shader_clock GL_ARB_shader_draw_parameters GL_ARB_shader_group_vote GL_ARB_shader_image_load_store GL_ARB_shader_image_size GL_ARB_shader_objects GL_ARB_shader_precision GL_ARB_shader_stencil_export GL_ARB_shader_storage_buffer_object GL_ARB_shader_subroutine GL_ARB_shader_texture_image_samples GL_ARB_shader_texture_lod GL_ARB_shader_viewport_layer_array GL_ARB_shading_language_420pack GL_ARB_shading_language_include GL_ARB_shading_language_packing GL_ARB_sparse_buffer GL_ARB_sparse_texture GL_ARB_sparse_texture2 GL_ARB_sparse_texture_clamp GL_ARB_spirv_extensio
ns GL_ARB_stencil_texturing GL_ARB_sync GL_ARB_tessellation_shader GL_ARB_texture_barrier GL_ARB_texture_border_clamp GL_ARB_texture_buffer_object GL_ARB_texture_buffer_object_rgb32 GL_ARB_texture_buffer_range GL_ARB_texture_compression_bptc GL_ARB_texture_compression_rgtc GL_ARB_texture_cube_map_array GL_ARB_texture_filter_anisotropic GL_ARB_texture_filter_minmax GL_ARB_texture_float GL_ARB_texture_gather GL_ARB_texture_mirror_clamp_to_edge GL_ARB_texture_multisample GL_ARB_texture_non_power_of_two GL_ARB_texture_query_levels GL_ARB_texture_query_lod GL_ARB_texture_rectangle GL_ARB_texture_rg GL_ARB_texture_rgb10_a2ui GL_ARB_texture_stencil8 GL_ARB_texture_storage GL_ARB_texture_storage_multisample GL_ARB_texture_swizzle GL_ARB_texture_view GL_ARB_timer_query GL_ARB_transform_feedback2 GL_ARB_transform_feedback3 GL_ARB_transform_feedback_instanced GL_ARB_transform_feedback_overflow_query GL_ARB_uniform_buffer_object GL_ARB_vertex_array_bgra GL_ARB_vertex_array_object GL_ARB_vertex_attrib_64bit GL_ARB_vertex
_attrib_binding GL_ARB_vertex_buffer_object GL_ARB_vertex_shader GL_ARB_vertex_type_10f_11f_11f_rev GL_ARB_vertex_type_2_10_10_10_rev GL_ARB_viewport_array GL_ATI_blend_equation_separate GL_ATI_meminfo GL_ATI_texture_float GL_ATI_texture_mirror_once GL_EXT_EGL_image_storage GL_EXT_EGL_image_storage_compression GL_EXT_EGL_sync GL_EXT_abgr GL_EXT_blend_equation_separate GL_EXT_debug_label GL_EXT_demote_to_helper_invocation GL_EXT_depth_bounds_test GL_EXT_draw_buffers2 GL_EXT_draw_instanced GL_EXT_framebuffer_blit GL_EXT_framebuffer_multisample GL_EXT_framebuffer_multisample_blit_scaled GL_EXT_framebuffer_object GL_EXT_framebuffer_sRGB GL_EXT_memory_object GL_EXT_memory_object_fd GL_EXT_packed_depth_stencil GL_EXT_packed_float GL_EXT_pixel_buffer_object GL_EXT_polygon_offset_clamp GL_EXT_provoking_vertex GL_EXT_semaphore GL_EXT_semaphore_fd GL_EXT_shader_image_load_formatted GL_EXT_shader_image_load_store GL_EXT_shader_integer_mix GL_EXT_shader_samples_identical GL_EXT_texture_array GL_EXT_texture_compression_d
xt1 GL_EXT_texture_compression_rgtc GL_EXT_texture_compression_s3tc GL_EXT_texture_filter_anisotropic GL_EXT_texture_filter_minmax GL_EXT_texture_integer GL_EXT_texture_mirror_clamp GL_EXT_texture_sRGB GL_EXT_texture_sRGB_R8 GL_EXT_texture_sRGB_decode GL_EXT_texture_shadow_lod GL_EXT_texture_shared_exponent GL_EXT_texture_snorm GL_EXT_texture_storage GL_EXT_texture_swizzle GL_EXT_timer_query GL_EXT_transform_feedback GL_EXT_vertex_array_bgra GL_EXT_vertex_attrib_64bit GL_EXT_window_rectangles GL_IBM_multimode_draw_arrays GL_INTEL_blackhole_render GL_KHR_blend_equation_advanced GL_KHR_context_flush_control GL_KHR_debug GL_KHR_no_error GL_KHR_parallel_shader_compile GL_KHR_robust_buffer_access_behavior GL_KHR_robustness GL_KHR_shader_subgroup GL_KHR_texture_compression_astc_ldr GL_KHR_texture_compression_astc_sliced_3d GL_MESA_framebuffer_flip_y GL_MESA_pack_invert GL_MESA_shader_integer_functions GL_MESA_texture_const_bandwidth GL_MESA_texture_signed_rgba GL_NVX_gpu_memory_info GL_NV_alpha_to_coverage_dither_
control GL_NV_compute_shader_derivatives GL_NV_conditional_render GL_NV_copy_image GL_NV_depth_clamp GL_NV_packed_depth_stencil GL_NV_shader_atomic_int64 GL_NV_texture_barrier GL_NV_vdpau_interop GL_OES_EGL_image GL_S3_s3tc
OPENGL LOG: Creating OpenGL 4.6 graphics device ; Context level  <OpenGL 4.5> ; Context handle 790896928
[Physics::Module] Selected backend.
[Physics::Module] Name: PhysX
[Physics::Module] Id: 0xf2b8ea05
[Physics::Module] SDK Version: 4.1.2
[Physics::Module] Integration Version: 1.0.0
[Physics::Module] Threading Mode: Multi-Threaded
ERROR: Shader Hidden/Universal Render Pipeline/DBufferClear shader is not supported on this GPU (none of subshaders/fallbacks are suitable)
Default vsync count 1
requesting resize 1886 x 983
requesting fullscreen 1886 x 983 at 0/1 Hz
Setting up downscaled viewport at 1886 x 983
Desktop is 1920 x 1080 @ 120 Hz
Disable old input system
The referenced script (PlayFab.PlayFabMultiplayerAgentView) on this Behaviour is missing!
The referenced script on this Behaviour (Game Object 'GameServer') is missing!
UnloadTime: 0.148079 ms
[GameLoader] - Start: boot client
[GameLoader] - BootClient: Started, spent time: 1.437
[GameLoader] - BootClient: Load app loader screen, spent time: 0.623
[BundleManager] - Init start
[BundleManager] - Init: create provider, spent time: 0
[BundleManager] - Init: Mount StandaloneLinux64 and catalog
[BundleManager] - MountBundles: StandaloneLinux64, catalog
RenderGraph is now enabled.
Decal DBuffer technique is not supported with OpenGL.
Decal DBuffer technique is not supported with OpenGL.
Decal DBuffer technique is not supported with OpenGL.
[BundleManager] - Init: MountBundles catalog, spent time: 0.16
[BundleManager] - Init: get AssetBundleManifest StandaloneLinux64
[BundleManager] - Init: load manifest, spent time: 0
[BundleManager] - Init: grab bundles data, spent time: 0.001
[BundleManager] - Init: get catalog
[BundleManager] - Init: load catalog, spent time: 0.012
[BundleManager] - Mount All Downloaded Bundles
[BundleManager] - MountBundles: catalog, root/audio, root/game_prefabs, root/lobby_scene, root/lobby_scene_assets, root/root, src/blueprints/all_low_24x24, src/blueprints/blueprints, src/blueprints/n0_no_collection, src/blueprints/n1_laserstrike_collection, src/blueprints/n10_polarstar_collection, src/blueprints/n11_redstorm_collection, src/blueprints/n12_racer_collection, src/blueprints/n13_desertcobra_collection, src/blueprints/n14_phoenix_collection, src/blueprints/n15_katana_collection, src/blueprints/n16_animepaws_collection, src/blueprints/n17_gulag_collection, src/blueprints/n18_lightning_collection, src/blueprints/n19_amethyst_collection, src/blueprints/n2_dino_collection, src/blueprints/n20_zombie_collection, src/blueprints/n21_redline_collection, src/blueprints/n22_graffiti_collection, src/blueprints/n23_racerred_collection, src/blueprints/n24_comixgold_collection, src/blueprints/n25_aurora_collection, src/blueprints/n26_candy_collection, src/blueprints/n27_firefighter_collection, src/blueprints/n28_tacvintage_collection, src/blueprints/n29_kkoshi_collection, src/blueprints/n3_rider_collection, src/blueprints/n30_aviator_collection, src/blueprints/n31_toxicblue_collection, src/blueprints/n32_hifashion_collection, src/blueprints/n33_crusader_collection, src/blueprints/n34_ukraine_collection, src/blueprints/n35_jaggermeister_collection, src/blueprints/n36_halloween_collection, src/blueprints/n37_dronemaster_collection, src/blueprints/n38_demon_collection, src/blueprints/n39_pilot_collection, src/blueprints/n4_lonewolf_collection, src/blueprints/n40_blackline_collection, src/blueprints/n5_cobraqueen_collection, src/blueprints/n6_starterpack_collection, src/blueprints/n7_streetfighter_collection, src/blueprints/n8_wolverine_collection, src/blueprints/n9_skullface_collection, src/first_person, src/maps/brmap_oilplatforms_s, src/maps/map_artgalery_s, src/maps/map_cargo_s, src/maps/map_cargoremaster_s, src/maps/map_caribbean_s, src/maps/map_egypt_s, src/maps/map_electro_s, src/maps/map_hangar_remaster_s, src/maps/map_hangar_s, src/maps/map_highrise_s, src/maps/map_museum_s, src/maps/map_pool_remaster_s, src/maps/map_pool_s, src/maps/map_subwaystation_s, src/maps/map_tank_cleaning_s, src/maps/map_trainyard_s, src/maps/map_warehouse_s, src/maps/maps, src/src, src/thrid_person, src/weapons/attachments, src/weapons/weapons, ui/sprites, ui/ui, ui/windows
Decal DBuffer technique is not supported with OpenGL.
Decal DBuffer technique is not supported with OpenGL.
Decal DBuffer technique is not supported with OpenGL.
Decal DBuffer technique is not supported with OpenGL.
Decal DBuffer technique is not supported with OpenGL.
Decal DBuffer technique is not supported with OpenGL.
Decal DBuffer technique is not supported with OpenGL.
Decal DBuffer technique is not supported with OpenGL.
Decal DBuffer technique is not supported with OpenGL.
Decal DBuffer technique is not supported with OpenGL.
Decal DBuffer technique is not supported with OpenGL.
Decal DBuffer technique is not supported with OpenGL.
Decal DBuffer technique is not supported with OpenGL.
Decal DBuffer technique is not supported with OpenGL.
Decal DBuffer technique is not supported with OpenGL.
Decal DBuffer technique is not supported with OpenGL.
Decal DBuffer technique is not supported with OpenGL.
Decal DBuffer technique is not supported with OpenGL.
Decal DBuffer technique is not supported with OpenGL.
Decal DBuffer technique is not supported with OpenGL.
Decal DBuffer technique is not supported with OpenGL.
Decal DBuffer technique is not supported with OpenGL.
Decal DBuffer technique is not supported with OpenGL.
Decal DBuffer technique is not supported with OpenGL.
Decal DBuffer technique is not supported with OpenGL.
Decal DBuffer technique is not supported with OpenGL.
Decal DBuffer technique is not supported with OpenGL.
Decal DBuffer technique is not supported with OpenGL.
Decal DBuffer technique is not supported with OpenGL.
Decal DBuffer technique is not supported with OpenGL.
Decal DBuffer technique is not supported with OpenGL.
Decal DBuffer technique is not supported with OpenGL.
Decal DBuffer technique is not supported with OpenGL.
Decal DBuffer technique is not supported with OpenGL.
Decal DBuffer technique is not supported with OpenGL.
Decal DBuffer technique is not supported with OpenGL.
Decal DBuffer technique is not supported with OpenGL.
Decal DBuffer technique is not supported with OpenGL.
Decal DBuffer technique is not supported with OpenGL.
Decal DBuffer technique is not supported with OpenGL.
Decal DBuffer technique is not supported with OpenGL.
Decal DBuffer technique is not supported with OpenGL.
Decal DBuffer technique is not supported with OpenGL.
Decal DBuffer technique is not supported with OpenGL.
Decal DBuffer technique is not supported with OpenGL.
Decal DBuffer technique is not supported with OpenGL.
Decal DBuffer technique is not supported with OpenGL.
Decal DBuffer technique is not supported with OpenGL.
Decal DBuffer technique is not supported with OpenGL.
Decal DBuffer technique is not supported with OpenGL.
Decal DBuffer technique is not supported with OpenGL.
Decal DBuffer technique is not supported with OpenGL.
Decal DBuffer technique is not supported with OpenGL.
Decal DBuffer technique is not supported with OpenGL.
Decal DBuffer technique is not supported with OpenGL.
Decal DBuffer technique is not supported with OpenGL.
Decal DBuffer technique is not supported with OpenGL.
Decal DBuffer technique is not supported with OpenGL.
Decal DBuffer technique is not supported with OpenGL.
Decal DBuffer technique is not supported with OpenGL.
Decal DBuffer technique is not supported with OpenGL.
Decal DBuffer technique is not supported with OpenGL.
Decal DBuffer technique is not supported with OpenGL.
Decal DBuffer technique is not supported with OpenGL.
Decal DBuffer technique is not supported with OpenGL.
Decal DBuffer technique is not supported with OpenGL.
Decal DBuffer technique is not supported with OpenGL.
Decal DBuffer technique is not supported with OpenGL.
Decal DBuffer technique is not supported with OpenGL.
Decal DBuffer technique is not supported with OpenGL.
Decal DBuffer technique is not supported with OpenGL.
Decal DBuffer technique is not supported with OpenGL.
Decal DBuffer technique is not supported with OpenGL.
Decal DBuffer technique is not supported with OpenGL.
Decal DBuffer technique is not supported with OpenGL.
Decal DBuffer technique is not supported with OpenGL.
Decal DBuffer technique is not supported with OpenGL.
Decal DBuffer technique is not supported with OpenGL.
Decal DBuffer technique is not supported with OpenGL.
Decal DBuffer technique is not supported with OpenGL.
Decal DBuffer technique is not supported with OpenGL.
Decal DBuffer technique is not supported with OpenGL.
Decal DBuffer technique is not supported with OpenGL.
Decal DBuffer technique is not supported with OpenGL.
Decal DBuffer technique is not supported with OpenGL.
Decal DBuffer technique is not supported with OpenGL.
Decal DBuffer technique is not supported with OpenGL.
Decal DBuffer technique is not supported with OpenGL.
Decal DBuffer technique is not supported with OpenGL.
Decal DBuffer technique is not supported with OpenGL.
Decal DBuffer technique is not supported with OpenGL.
Decal DBuffer technique is not supported with OpenGL.
Decal DBuffer technique is not supported with OpenGL.
Decal DBuffer technique is not supported with OpenGL.
Decal DBuffer technique is not supported with OpenGL.
Decal DBuffer technique is not supported with OpenGL.
Decal DBuffer technique is not supported with OpenGL.
Decal DBuffer technique is not supported with OpenGL.
Decal DBuffer technique is not supported with OpenGL.
Decal DBuffer technique is not supported with OpenGL.
Decal DBuffer technique is not supported with OpenGL.
Decal DBuffer technique is not supported with OpenGL.
Decal DBuffer technique is not supported with OpenGL.
Decal DBuffer technique is not supported with OpenGL.
Decal DBuffer technique is not supported with OpenGL.
Decal DBuffer technique is not supported with OpenGL.
Decal DBuffer technique is not supported with OpenGL.
Decal DBuffer technique is not supported with OpenGL.
Decal DBuffer technique is not supported with OpenGL.
Decal DBuffer technique is not supported with OpenGL.
Decal DBuffer technique is not supported with OpenGL.
Decal DBuffer technique is not supported with OpenGL.
Decal DBuffer technique is not supported with OpenGL.
Decal DBuffer technique is not supported with OpenGL.
Decal DBuffer technique is not supported with OpenGL.
Decal DBuffer technique is not supported with OpenGL.
Decal DBuffer technique is not supported with OpenGL.
Decal DBuffer technique is not supported with OpenGL.
Decal DBuffer technique is not supported with OpenGL.
Decal DBuffer technique is not supported with OpenGL.
Decal DBuffer technique is not supported with OpenGL.
Decal DBuffer technique is not supported with OpenGL.
Decal DBuffer technique is not supported with OpenGL.
Decal DBuffer technique is not supported with OpenGL.
Decal DBuffer technique is not supported with OpenGL.
Decal DBuffer technique is not supported with OpenGL.
Decal DBuffer technique is not supported with OpenGL.
Decal DBuffer technique is not supported with OpenGL.
Decal DBuffer technique is not supported with OpenGL.
Decal DBuffer technique is not supported with OpenGL.
Decal DBuffer technique is not supported with OpenGL.
Decal DBuffer technique is not supported with OpenGL.
Decal DBuffer technique is not supported with OpenGL.
Decal DBuffer technique is not supported with OpenGL.
Decal DBuffer technique is not supported with OpenGL.
Decal DBuffer technique is not supported with OpenGL.
Decal DBuffer technique is not supported with OpenGL.
Decal DBuffer technique is not supported with OpenGL.
Decal DBuffer technique is not supported with OpenGL.
Decal DBuffer technique is not supported with OpenGL.
Decal DBuffer technique is not supported with OpenGL.
Decal DBuffer technique is not supported with OpenGL.
Decal DBuffer technique is not supported with OpenGL.
Decal DBuffer technique is not supported with OpenGL.
Decal DBuffer technique is not supported with OpenGL.
Decal DBuffer technique is not supported with OpenGL.
Decal DBuffer technique is not supported with OpenGL.
Decal DBuffer technique is not supported with OpenGL.
Decal DBuffer technique is not supported with OpenGL.
Decal DBuffer technique is not supported with OpenGL.
Decal DBuffer technique is not supported with OpenGL.
Decal DBuffer technique is not supported with OpenGL.
Decal DBuffer technique is not supported with OpenGL.
Decal DBuffer technique is not supported with OpenGL.
Decal DBuffer technique is not supported with OpenGL.
Decal DBuffer technique is not supported with OpenGL.
Decal DBuffer technique is not supported with OpenGL.
Decal DBuffer technique is not supported with OpenGL.
Decal DBuffer technique is not supported with OpenGL.
Decal DBuffer technique is not supported with OpenGL.
Decal DBuffer technique is not supported with OpenGL.
Decal DBuffer technique is not supported with OpenGL.
Decal DBuffer technique is not supported with OpenGL.
Decal DBuffer technique is not supported with OpenGL.
Decal DBuffer technique is not supported with OpenGL.
Decal DBuffer technique is not supported with OpenGL.
Decal DBuffer technique is not supported with OpenGL.
Decal DBuffer technique is not supported with OpenGL.
Decal DBuffer technique is not supported with OpenGL.
Decal DBuffer technique is not supported with OpenGL.
Decal DBuffer technique is not supported with OpenGL.
Decal DBuffer technique is not supported with OpenGL.
Decal DBuffer technique is not supported with OpenGL.
Decal DBuffer technique is not supported with OpenGL.
Decal DBuffer technique is not supported with OpenGL.
Decal DBuffer technique is not supported with OpenGL.
Decal DBuffer technique is not supported with OpenGL.
Decal DBuffer technique is not supported with OpenGL.
Decal DBuffer technique is not supported with OpenGL.
Decal DBuffer technique is not supported with OpenGL.
Decal DBuffer technique is not supported with OpenGL.
Decal DBuffer technique is not supported with OpenGL.
Decal DBuffer technique is not supported with OpenGL.
Decal DBuffer technique is not supported with OpenGL.
Decal DBuffer technique is not supported with OpenGL.
Decal DBuffer technique is not supported with OpenGL.
Decal DBuffer technique is not supported with OpenGL.
Decal DBuffer technique is not supported with OpenGL.
Decal DBuffer technique is not supported with OpenGL.
Decal DBuffer technique is not supported with OpenGL.
Decal DBuffer technique is not supported with OpenGL.
Decal DBuffer technique is not supported with OpenGL.
Decal DBuffer technique is not supported with OpenGL.
Decal DBuffer technique is not supported with OpenGL.
Decal DBuffer technique is not supported with OpenGL.
Decal DBuffer technique is not supported with OpenGL.
Decal DBuffer technique is not supported with OpenGL.
Decal DBuffer technique is not supported with OpenGL.
Decal DBuffer technique is not supported with OpenGL.
Decal DBuffer technique is not supported with OpenGL.
Decal DBuffer technique is not supported with OpenGL.
Decal DBuffer technique is not supported with OpenGL.
Decal DBuffer technique is not supported with OpenGL.
Decal DBuffer technique is not supported with OpenGL.
Decal DBuffer technique is not supported with OpenGL.
Decal DBuffer technique is not supported with OpenGL.
Decal DBuffer technique is not supported with OpenGL.
Decal DBuffer technique is not supported with OpenGL.
Decal DBuffer technique is not supported with OpenGL.
Decal DBuffer technique is not supported with OpenGL.
Decal DBuffer technique is not supported with OpenGL.
Decal DBuffer technique is not supported with OpenGL.
Decal DBuffer technique is not supported with OpenGL.
Decal DBuffer technique is not supported with OpenGL.
Decal DBuffer technique is not supported with OpenGL.
Decal DBuffer technique is not supported with OpenGL.
Decal DBuffer technique is not supported with OpenGL.
Decal DBuffer technique is not supported with OpenGL.
Decal DBuffer technique is not supported with OpenGL.
Decal DBuffer technique is not supported with OpenGL.
Decal DBuffer technique is not supported with OpenGL.
Decal DBuffer technique is not supported with OpenGL.
Decal DBuffer technique is not supported with OpenGL.
Decal DBuffer technique is not supported with OpenGL.
Decal DBuffer technique is not supported with OpenGL.
Decal DBuffer technique is not supported with OpenGL.
Decal DBuffer technique is not supported with OpenGL.
Decal DBuffer technique is not supported with OpenGL.
Decal DBuffer technique is not supported with OpenGL.
Decal DBuffer technique is not supported with OpenGL.
Decal DBuffer technique is not supported with OpenGL.
Decal DBuffer technique is not supported with OpenGL.
Decal DBuffer technique is not supported with OpenGL.
Decal DBuffer technique is not supported with OpenGL.
Decal DBuffer technique is not supported with OpenGL.
Decal DBuffer technique is not supported with OpenGL.
Decal DBuffer technique is not supported with OpenGL.
Decal DBuffer technique is not supported with OpenGL.
Decal DBuffer technique is not supported with OpenGL.
Decal DBuffer technique is not supported with OpenGL.
Decal DBuffer technique is not supported with OpenGL.
Decal DBuffer technique is not supported with OpenGL.
Decal DBuffer technique is not supported with OpenGL.
Decal DBuffer technique is not supported with OpenGL.
Decal DBuffer technique is not supported with OpenGL.
Decal DBuffer technique is not supported with OpenGL.
Decal DBuffer technique is not supported with OpenGL.
Decal DBuffer technique is not supported with OpenGL.
Decal DBuffer technique is not supported with OpenGL.
Decal DBuffer technique is not supported with OpenGL.
Decal DBuffer technique is not supported with OpenGL.
Decal DBuffer technique is not supported with OpenGL.
Decal DBuffer technique is not supported with OpenGL.
Decal DBuffer technique is not supported with OpenGL.
Decal DBuffer technique is not supported with OpenGL.
Decal DBuffer technique is not supported with OpenGL.
Decal DBuffer technique is not supported with OpenGL.
Decal DBuffer technique is not supported with OpenGL.
Decal DBuffer technique is not supported with OpenGL.
Decal DBuffer technique is not supported with OpenGL.
Decal DBuffer technique is not supported with OpenGL.
Decal DBuffer technique is not supported with OpenGL.
Decal DBuffer technique is not supported with OpenGL.
Decal DBuffer technique is not supported with OpenGL.
Decal DBuffer technique is not supported with OpenGL.
Decal DBuffer technique is not supported with OpenGL.
Decal DBuffer technique is not supported with OpenGL.
Decal DBuffer technique is not supported with OpenGL.
Decal DBuffer technique is not supported with OpenGL.
Decal DBuffer technique is not supported with OpenGL.
Decal DBuffer technique is not supported with OpenGL.
Decal DBuffer technique is not supported with OpenGL.
Decal DBuffer technique is not supported with OpenGL.
Decal DBuffer technique is not supported with OpenGL.
Decal DBuffer technique is not supported with OpenGL.
Decal DBuffer technique is not supported with OpenGL.
Decal DBuffer technique is not supported with OpenGL.
Decal DBuffer technique is not supported with OpenGL.
Decal DBuffer technique is not supported with OpenGL.
Decal DBuffer technique is not supported with OpenGL.
Decal DBuffer technique is not supported with OpenGL.
Decal DBuffer technique is not supported with OpenGL.
Decal DBuffer technique is not supported with OpenGL.
Decal DBuffer technique is not supported with OpenGL.
Decal DBuffer technique is not supported with OpenGL.
Decal DBuffer technique is not supported with OpenGL.
Decal DBuffer technique is not supported with OpenGL.
Decal DBuffer technique is not supported with OpenGL.
Decal DBuffer technique is not supported with OpenGL.
Decal DBuffer technique is not supported with OpenGL.
Decal DBuffer technique is not supported with OpenGL.
Decal DBuffer technique is not supported with OpenGL.
Decal DBuffer technique is not supported with OpenGL.
Decal DBuffer technique is not supported with OpenGL.
Decal DBuffer technique is not supported with OpenGL.
Decal DBuffer technique is not supported with OpenGL.
Decal DBuffer technique is not supported with OpenGL.
Decal DBuffer technique is not supported with OpenGL.
Decal DBuffer technique is not supported with OpenGL.
Decal DBuffer technique is not supported with OpenGL.
Decal DBuffer technique is not supported with OpenGL.
Decal DBuffer technique is not supported with OpenGL.
Decal DBuffer technique is not supported with OpenGL.
Decal DBuffer technique is not supported with OpenGL.
Decal DBuffer technique is not supported with OpenGL.
Decal DBuffer technique is not supported with OpenGL.
Decal DBuffer technique is not supported with OpenGL.
Decal DBuffer technique is not supported with OpenGL.
Decal DBuffer technique is not supported with OpenGL.
Decal DBuffer technique is not supported with OpenGL.
Decal DBuffer technique is not supported with OpenGL.
Decal DBuffer technique is not supported with OpenGL.
Decal DBuffer technique is not supported with OpenGL.
Decal DBuffer technique is not supported with OpenGL.
Decal DBuffer technique is not supported with OpenGL.
Decal DBuffer technique is not supported with OpenGL.
Decal DBuffer technique is not supported with OpenGL.
Decal DBuffer technique is not supported with OpenGL.
Decal DBuffer technique is not supported with OpenGL.
Decal DBuffer technique is not supported with OpenGL.
Decal DBuffer technique is not supported with OpenGL.
Decal DBuffer technique is not supported with OpenGL.
Decal DBuffer technique is not supported with OpenGL.
Decal DBuffer technique is not supported with OpenGL.
Decal DBuffer technique is not supported with OpenGL.
Decal DBuffer technique is not supported with OpenGL.
Decal DBuffer technique is not supported with OpenGL.
Decal DBuffer technique is not supported with OpenGL.
Decal DBuffer technique is not supported with OpenGL.
Decal DBuffer technique is not supported with OpenGL.
Decal DBuffer technique is not supported with OpenGL.
Decal DBuffer technique is not supported with OpenGL.
Decal DBuffer technique is not supported with OpenGL.
Decal DBuffer technique is not supported with OpenGL.
Decal DBuffer technique is not supported with OpenGL.
Decal DBuffer technique is not supported with OpenGL.
Decal DBuffer technique is not supported with OpenGL.
Decal DBuffer technique is not supported with OpenGL.
Decal DBuffer technique is not supported with OpenGL.
Decal DBuffer technique is not supported with OpenGL.
Decal DBuffer technique is not supported with OpenGL.
Decal DBuffer technique is not supported with OpenGL.
Decal DBuffer technique is not supported with OpenGL.
Decal DBuffer technique is not supported with OpenGL.
Decal DBuffer technique is not supported with OpenGL.
Decal DBuffer technique is not supported with OpenGL.
Decal DBuffer technique is not supported with OpenGL.
Decal DBuffer technique is not supported with OpenGL.
Decal DBuffer technique is not supported with OpenGL.
Decal DBuffer technique is not supported with OpenGL.
Decal DBuffer technique is not supported with OpenGL.
Decal DBuffer technique is not supported with OpenGL.
Decal DBuffer technique is not supported with OpenGL.
Decal DBuffer technique is not supported with OpenGL.
Decal DBuffer technique is not supported with OpenGL.
Decal DBuffer technique is not supported with OpenGL.
Decal DBuffer technique is not supported with OpenGL.
Decal DBuffer technique is not supported with OpenGL.
Decal DBuffer technique is not supported with OpenGL.
Decal DBuffer technique is not supported with OpenGL.
Decal DBuffer technique is not supported with OpenGL.
Decal DBuffer technique is not supported with OpenGL.
Decal DBuffer technique is not supported with OpenGL.
Decal DBuffer technique is not supported with OpenGL.
Decal DBuffer technique is not supported with OpenGL.
Decal DBuffer technique is not supported with OpenGL.
Decal DBuffer technique is not supported with OpenGL.
Decal DBuffer technique is not supported with OpenGL.
Decal DBuffer technique is not supported with OpenGL.
Decal DBuffer technique is not supported with OpenGL.
Decal DBuffer technique is not supported with OpenGL.
Decal DBuffer technique is not supported with OpenGL.
Decal DBuffer technique is not supported with OpenGL.
Decal DBuffer technique is not supported with OpenGL.
Decal DBuffer technique is not supported with OpenGL.
Decal DBuffer technique is not supported with OpenGL.
Decal DBuffer technique is not supported with OpenGL.
Decal DBuffer technique is not supported with OpenGL.
Decal DBuffer technique is not supported with OpenGL.
Decal DBuffer technique is not supported with OpenGL.
Decal DBuffer technique is not supported with OpenGL.
Decal DBuffer technique is not supported with OpenGL.
Decal DBuffer technique is not supported with OpenGL.
Decal DBuffer technique is not supported with OpenGL.
Decal DBuffer technique is not supported with OpenGL.
Decal DBuffer technique is not supported with OpenGL.
Decal DBuffer technique is not supported with OpenGL.
Decal DBuffer technique is not supported with OpenGL.
Decal DBuffer technique is not supported with OpenGL.
Decal DBuffer technique is not supported with OpenGL.
Decal DBuffer technique is not supported with OpenGL.
Decal DBuffer technique is not supported with OpenGL.
Decal DBuffer technique is not supported with OpenGL.
Decal DBuffer technique is not supported with OpenGL.
Decal DBuffer technique is not supported with OpenGL.
Decal DBuffer technique is not supported with OpenGL.
Decal DBuffer technique is not supported with OpenGL.
Decal DBuffer technique is not supported with OpenGL.
Decal DBuffer technique is not supported with OpenGL.
Decal DBuffer technique is not supported with OpenGL.
Decal DBuffer technique is not supported with OpenGL.
Decal DBuffer technique is not supported with OpenGL.
Decal DBuffer technique is not supported with OpenGL.
Decal DBuffer technique is not supported with OpenGL.
Decal DBuffer technique is not supported with OpenGL.
Decal DBuffer technique is not supported with OpenGL.
Decal DBuffer technique is not supported with OpenGL.
Decal DBuffer technique is not supported with OpenGL.
Decal DBuffer technique is not supported with OpenGL.
Decal DBuffer technique is not supported with OpenGL.
Decal DBuffer technique is not supported with OpenGL.
Decal DBuffer technique is not supported with OpenGL.
Decal DBuffer technique is not supported with OpenGL.
Decal DBuffer technique is not supported with OpenGL.
Decal DBuffer technique is not supported with OpenGL.
Decal DBuffer technique is not supported with OpenGL.
Decal DBuffer technique is not supported with OpenGL.
Decal DBuffer technique is not supported with OpenGL.
Decal DBuffer technique is not supported with OpenGL.
Decal DBuffer technique is not supported with OpenGL.
Decal DBuffer technique is not supported with OpenGL.
Decal DBuffer technique is not supported with OpenGL.
Decal DBuffer technique is not supported with OpenGL.
Decal DBuffer technique is not supported with OpenGL.
Decal DBuffer technique is not supported with OpenGL.
Decal DBuffer technique is not supported with OpenGL.
Decal DBuffer technique is not supported with OpenGL.
Decal DBuffer technique is not supported with OpenGL.
Decal DBuffer technique is not supported with OpenGL.
Decal DBuffer technique is not supported with OpenGL.
Decal DBuffer technique is not supported with OpenGL.
Decal DBuffer technique is not supported with OpenGL.
Decal DBuffer technique is not supported with OpenGL.
Decal DBuffer technique is not supported with OpenGL.
Decal DBuffer technique is not supported with OpenGL.
Decal DBuffer technique is not supported with OpenGL.
Decal DBuffer technique is not supported with OpenGL.
Decal DBuffer technique is not supported with OpenGL.
Decal DBuffer technique is not supported with OpenGL.
Decal DBuffer technique is not supported with OpenGL.
Decal DBuffer technique is not supported with OpenGL.
Decal DBuffer technique is not supported with OpenGL.
Decal DBuffer technique is not supported with OpenGL.
Decal DBuffer technique is not supported with OpenGL.
Decal DBuffer technique is not supported with OpenGL.
Decal DBuffer technique is not supported with OpenGL.
Decal DBuffer technique is not supported with OpenGL.
Decal DBuffer technique is not supported with OpenGL.
Decal DBuffer technique is not supported with OpenGL.
Decal DBuffer technique is not supported with OpenGL.
Decal DBuffer technique is not supported with OpenGL.
Decal DBuffer technique is not supported with OpenGL.
Decal DBuffer technique is not supported with OpenGL.
Decal DBuffer technique is not supported with OpenGL.
Decal DBuffer technique is not supported with OpenGL.
Decal DBuffer technique is not supported with OpenGL.
Decal DBuffer technique is not supported with OpenGL.
Decal DBuffer technique is not supported with OpenGL.
Decal DBuffer technique is not supported with OpenGL.
Decal DBuffer technique is not supported with OpenGL.
Decal DBuffer technique is not supported with OpenGL.
Decal DBuffer technique is not supported with OpenGL.
Decal DBuffer technique is not supported with OpenGL.
Decal DBuffer technique is not supported with OpenGL.
Decal DBuffer technique is not supported with OpenGL.
Decal DBuffer technique is not supported with OpenGL.
Decal DBuffer technique is not supported with OpenGL.
Decal DBuffer technique is not supported with OpenGL.
Decal DBuffer technique is not supported with OpenGL.
Decal DBuffer technique is not supported with OpenGL.
Decal DBuffer technique is not supported with OpenGL.
Decal DBuffer technique is not supported with OpenGL.
Decal DBuffer technique is not supported with OpenGL.
Decal DBuffer technique is not supported with OpenGL.
Decal DBuffer technique is not supported with OpenGL.
Decal DBuffer technique is not supported with OpenGL.
Decal DBuffer technique is not supported with OpenGL.
Decal DBuffer technique is not supported with OpenGL.
Decal DBuffer technique is not supported with OpenGL.
Decal DBuffer technique is not supported with OpenGL.
Decal DBuffer technique is not supported with OpenGL.
Decal DBuffer technique is not supported with OpenGL.
Decal DBuffer technique is not supported with OpenGL.
Decal DBuffer technique is not supported with OpenGL.
Decal DBuffer technique is not supported with OpenGL.
Decal DBuffer technique is not supported with OpenGL.
Decal DBuffer technique is not supported with OpenGL.
Decal DBuffer technique is not supported with OpenGL.
Decal DBuffer technique is not supported with OpenGL.
Decal DBuffer technique is not supported with OpenGL.
Decal DBuffer technique is not supported with OpenGL.
Decal DBuffer technique is not supported with OpenGL.
Decal DBuffer technique is not supported with OpenGL.
Decal DBuffer technique is not supported with OpenGL.
Decal DBuffer technique is not supported with OpenGL.
Decal DBuffer technique is not supported with OpenGL.
Decal DBuffer technique is not supported with OpenGL.
Decal DBuffer technique is not supported with OpenGL.
Decal DBuffer technique is not supported with OpenGL.
Decal DBuffer technique is not supported with OpenGL.
Decal DBuffer technique is not supported with OpenGL.
Decal DBuffer technique is not supported with OpenGL.
Decal DBuffer technique is not supported with OpenGL.
Decal DBuffer technique is not supported with OpenGL.
Decal DBuffer technique is not supported with OpenGL.
Decal DBuffer technique is not supported with OpenGL.
Decal DBuffer technique is not supported with OpenGL.
Decal DBuffer technique is not supported with OpenGL.
Decal DBuffer technique is not supported with OpenGL.
Decal DBuffer technique is not supported with OpenGL.
Decal DBuffer technique is not supported with OpenGL.
Decal DBuffer technique is not supported with OpenGL.
Decal DBuffer technique is not supported with OpenGL.
Decal DBuffer technique is not supported with OpenGL.
Decal DBuffer technique is not supported with OpenGL.
Decal DBuffer technique is not supported with OpenGL.
Decal DBuffer technique is not supported with OpenGL.
Decal DBuffer technique is not supported with OpenGL.
Decal DBuffer technique is not supported with OpenGL.
Decal DBuffer technique is not supported with OpenGL.
Decal DBuffer technique is not supported with OpenGL.
Decal DBuffer technique is not supported with OpenGL.
Decal DBuffer technique is not supported with OpenGL.
Decal DBuffer technique is not supported with OpenGL.
Decal DBuffer technique is not supported with OpenGL.
Decal DBuffer technique is not supported with OpenGL.
Decal DBuffer technique is not supported with OpenGL.
Decal DBuffer technique is not supported with OpenGL.
Decal DBuffer technique is not supported with OpenGL.
Decal DBuffer technique is not supported with OpenGL.
Decal DBuffer technique is not supported with OpenGL.
Decal DBuffer technique is not supported with OpenGL.
Decal DBuffer technique is not supported with OpenGL.
Decal DBuffer technique is not supported with OpenGL.
Decal DBuffer technique is not supported with OpenGL.
Decal DBuffer technique is not supported with OpenGL.
Decal DBuffer technique is not supported with OpenGL.
Decal DBuffer technique is not supported with OpenGL.
Decal DBuffer technique is not supported with OpenGL.
Decal DBuffer technique is not supported with OpenGL.
Decal DBuffer technique is not supported with OpenGL.
Decal DBuffer technique is not supported with OpenGL.
Decal DBuffer technique is not supported with OpenGL.
Decal DBuffer technique is not supported with OpenGL.
Decal DBuffer technique is not supported with OpenGL.
Decal DBuffer technique is not supported with OpenGL.
Decal DBuffer technique is not supported with OpenGL.
Decal DBuffer technique is not supported with OpenGL.
Decal DBuffer technique is not supported with OpenGL.
Decal DBuffer technique is not supported with OpenGL.
Decal DBuffer technique is not supported with OpenGL.
Decal DBuffer technique is not supported with OpenGL.
Decal DBuffer technique is not supported with OpenGL.
Decal DBuffer technique is not supported with OpenGL.
Decal DBuffer technique is not supported with OpenGL.
Decal DBuffer technique is not supported with OpenGL.
Decal DBuffer technique is not supported with OpenGL.
Decal DBuffer technique is not supported with OpenGL.
Decal DBuffer technique is not supported with OpenGL.
Decal DBuffer technique is not supported with OpenGL.
Decal DBuffer technique is not supported with OpenGL.
Decal DBuffer technique is not supported with OpenGL.
Decal DBuffer technique is not supported with OpenGL.
Decal DBuffer technique is not supported with OpenGL.
Decal DBuffer technique is not supported with OpenGL.
Decal DBuffer technique is not supported with OpenGL.
Decal DBuffer technique is not supported with OpenGL.
Decal DBuffer technique is not supported with OpenGL.
Decal DBuffer technique is not supported with OpenGL.
Decal DBuffer technique is not supported with OpenGL.
Decal DBuffer technique is not supported with OpenGL.
Decal DBuffer technique is not supported with OpenGL.
Decal DBuffer technique is not supported with OpenGL.
Decal DBuffer technique is not supported with OpenGL.
Decal DBuffer technique is not supported with OpenGL.
Decal DBuffer technique is not supported with OpenGL.
Decal DBuffer technique is not supported with OpenGL.
Decal DBuffer technique is not supported with OpenGL.
Decal DBuffer technique is not supported with OpenGL.
Decal DBuffer technique is not supported with OpenGL.
Decal DBuffer technique is not supported with OpenGL.
Decal DBuffer technique is not supported with OpenGL.
Decal DBuffer technique is not supported with OpenGL.
Decal DBuffer technique is not supported with OpenGL.
Decal DBuffer technique is not supported with OpenGL.
Decal DBuffer technique is not supported with OpenGL.
Decal DBuffer technique is not supported with OpenGL.
Decal DBuffer technique is not supported with OpenGL.
Decal DBuffer technique is not supported with OpenGL.
Decal DBuffer technique is not supported with OpenGL.
Decal DBuffer technique is not supported with OpenGL.
Decal DBuffer technique is not supported with OpenGL.
Decal DBuffer technique is not supported with OpenGL.
Decal DBuffer technique is not supported with OpenGL.
Decal DBuffer technique is not supported with OpenGL.
Decal DBuffer technique is not supported with OpenGL.
Decal DBuffer technique is not supported with OpenGL.
Decal DBuffer technique is not supported with OpenGL.
Decal DBuffer technique is not supported with OpenGL.
Decal DBuffer technique is not supported with OpenGL.
Decal DBuffer technique is not supported with OpenGL.
Decal DBuffer technique is not supported with OpenGL.
Decal DBuffer technique is not supported with OpenGL.
Decal DBuffer technique is not supported with OpenGL.
Decal DBuffer technique is not supported with OpenGL.
Decal DBuffer technique is not supported with OpenGL.
Decal DBuffer technique is not supported with OpenGL.
Decal DBuffer technique is not supported with OpenGL.
Decal DBuffer technique is not supported with OpenGL.
Decal DBuffer technique is not supported with OpenGL.
Decal DBuffer technique is not supported with OpenGL.
Decal DBuffer technique is not supported with OpenGL.
Decal DBuffer technique is not supported with OpenGL.
Decal DBuffer technique is not supported with OpenGL.
Decal DBuffer technique is not supported with OpenGL.
Decal DBuffer technique is not supported with OpenGL.
Decal DBuffer technique is not supported with OpenGL.
Decal DBuffer technique is not supported with OpenGL.
Decal DBuffer technique is not supported with OpenGL.
Decal DBuffer technique is not supported with OpenGL.
Decal DBuffer technique is not supported with OpenGL.
Decal DBuffer technique is not supported with OpenGL.
Decal DBuffer technique is not supported with OpenGL.
Decal DBuffer technique is not supported with OpenGL.
Decal DBuffer technique is not supported with OpenGL.
Decal DBuffer technique is not supported with OpenGL.
Decal DBuffer technique is not supported with OpenGL.
Decal DBuffer technique is not supported with OpenGL.
Decal DBuffer technique is not supported with OpenGL.
Decal DBuffer technique is not supported with OpenGL.
Decal DBuffer technique is not supported with OpenGL.
Decal DBuffer technique is not supported with OpenGL.
Decal DBuffer technique is not supported with OpenGL.
Decal DBuffer technique is not supported with OpenGL.
Decal DBuffer technique is not supported with OpenGL.
Decal DBuffer technique is not supported with OpenGL.
Decal DBuffer technique is not supported with OpenGL.
Decal DBuffer technique is not supported with OpenGL.
Decal DBuffer technique is not supported with OpenGL.
Decal DBuffer technique is not supported with OpenGL.
Decal DBuffer technique is not supported with OpenGL.
Decal DBuffer technique is not supported with OpenGL.
Decal DBuffer technique is not supported with OpenGL.
Decal DBuffer technique is not supported with OpenGL.
Decal DBuffer technique is not supported with OpenGL.
Decal DBuffer technique is not supported with OpenGL.
Decal DBuffer technique is not supported with OpenGL.
Decal DBuffer technique is not supported with OpenGL.
Decal DBuffer technique is not supported with OpenGL.
Decal DBuffer technique is not supported with OpenGL.
Decal DBuffer technique is not supported with OpenGL.
Decal DBuffer technique is not supported with OpenGL.
Decal DBuffer technique is not supported with OpenGL.
Decal DBuffer technique is not supported with OpenGL.
Decal DBuffer technique is not supported with OpenGL.
Decal DBuffer technique is not supported with OpenGL.
Decal DBuffer technique is not supported with OpenGL.
Decal DBuffer technique is not supported with OpenGL.
Decal DBuffer technique is not supported with OpenGL.
Decal DBuffer technique is not supported with OpenGL.
Decal DBuffer technique is not supported with OpenGL.
Decal DBuffer technique is not supported with OpenGL.
Decal DBuffer technique is not supported with OpenGL.
Decal DBuffer technique is not supported with OpenGL.
Decal DBuffer technique is not supported with OpenGL.
Decal DBuffer technique is not supported with OpenGL.
Decal DBuffer technique is not supported with OpenGL.
Decal DBuffer technique is not supported with OpenGL.
Decal DBuffer technique is not supported with OpenGL.
Decal DBuffer technique is not supported with OpenGL.
Decal DBuffer technique is not supported with OpenGL.
Decal DBuffer technique is not supported with OpenGL.
Decal DBuffer technique is not supported with OpenGL.
Decal DBuffer technique is not supported with OpenGL.
Decal DBuffer technique is not supported with OpenGL.
Decal DBuffer technique is not supported with OpenGL.
Decal DBuffer technique is not supported with OpenGL.
Decal DBuffer technique is not supported with OpenGL.
Decal DBuffer technique is not supported with OpenGL.
Decal DBuffer technique is not supported with OpenGL.
Decal DBuffer technique is not supported with OpenGL.
Decal DBuffer technique is not supported with OpenGL.
Decal DBuffer technique is not supported with OpenGL.
Decal DBuffer technique is not supported with OpenGL.
Decal DBuffer technique is not supported with OpenGL.
Decal DBuffer technique is not supported with OpenGL.
Decal DBuffer technique is not supported with OpenGL.
Decal DBuffer technique is not supported with OpenGL.
Decal DBuffer technique is not supported with OpenGL.
Decal DBuffer technique is not supported with OpenGL.
Decal DBuffer technique is not supported with OpenGL.
Decal DBuffer technique is not supported with OpenGL.
Decal DBuffer technique is not supported with OpenGL.
Decal DBuffer technique is not supported with OpenGL.
Decal DBuffer technique is not supported with OpenGL.
Decal DBuffer technique is not supported with OpenGL.
Decal DBuffer technique is not supported with OpenGL.
Decal DBuffer technique is not supported with OpenGL.
Decal DBuffer technique is not supported with OpenGL.
Decal DBuffer technique is not supported with OpenGL.
Decal DBuffer technique is not supported with OpenGL.
Decal DBuffer technique is not supported with OpenGL.
Decal DBuffer technique is not supported with OpenGL.
Decal DBuffer technique is not supported with OpenGL.
Decal DBuffer technique is not supported with OpenGL.
Decal DBuffer technique is not supported with OpenGL.
Decal DBuffer technique is not supported with OpenGL.
Decal DBuffer technique is not supported with OpenGL.
Decal DBuffer technique is not supported with OpenGL.
Decal DBuffer technique is not supported with OpenGL.
Decal DBuffer technique is not supported with OpenGL.
Decal DBuffer technique is not supported with OpenGL.
Decal DBuffer technique is not supported with OpenGL.
Decal DBuffer technique is not supported with OpenGL.
Decal DBuffer technique is not supported with OpenGL.
Decal DBuffer technique is not supported with OpenGL.
Decal DBuffer technique is not supported with OpenGL.
Decal DBuffer technique is not supported with OpenGL.
Decal DBuffer technique is not supported with OpenGL.
Decal DBuffer technique is not supported with OpenGL.
Decal DBuffer technique is not supported with OpenGL.
Decal DBuffer technique is not supported with OpenGL.
Decal DBuffer technique is not supported with OpenGL.
Decal DBuffer technique is not supported with OpenGL.
Decal DBuffer technique is not supported with OpenGL.
Decal DBuffer technique is not supported with OpenGL.
Decal DBuffer technique is not supported with OpenGL.
Decal DBuffer technique is not supported with OpenGL.
Decal DBuffer technique is not supported with OpenGL.
Decal DBuffer technique is not supported with OpenGL.
Decal DBuffer technique is not supported with OpenGL.
Decal DBuffer technique is not supported with OpenGL.
Decal DBuffer technique is not supported with OpenGL.
Decal DBuffer technique is not supported with OpenGL.
Decal DBuffer technique is not supported with OpenGL.
Decal DBuffer technique is not supported with OpenGL.
Decal DBuffer technique is not supported with OpenGL.
Decal DBuffer technique is not supported with OpenGL.
Decal DBuffer technique is not supported with OpenGL.
Decal DBuffer technique is not supported with OpenGL.
Decal DBuffer technique is not supported with OpenGL.
Decal DBuffer technique is not supported with OpenGL.
Decal DBuffer technique is not supported with OpenGL.
Decal DBuffer technique is not supported with OpenGL.
Decal DBuffer technique is not supported with OpenGL.
Decal DBuffer technique is not supported with OpenGL.
Decal DBuffer technique is not supported with OpenGL.
Decal DBuffer technique is not supported with OpenGL.
Decal DBuffer technique is not supported with OpenGL.
Decal DBuffer technique is not supported with OpenGL.
Decal DBuffer technique is not supported with OpenGL.
Decal DBuffer technique is not supported with OpenGL.
Decal DBuffer technique is not supported with OpenGL.
Decal DBuffer technique is not supported with OpenGL.
Decal DBuffer technique is not supported with OpenGL.
Decal DBuffer technique is not supported with OpenGL.
Decal DBuffer technique is not supported with OpenGL.
Decal DBuffer technique is not supported with OpenGL.
Decal DBuffer technique is not supported with OpenGL.
Decal DBuffer technique is not supported with OpenGL.
Decal DBuffer technique is not supported with OpenGL.
Decal DBuffer technique is not supported with OpenGL.
Decal DBuffer technique is not supported with OpenGL.
Decal DBuffer technique is not supported with OpenGL.
Decal DBuffer technique is not supported with OpenGL.
Decal DBuffer technique is not supported with OpenGL.
Decal DBuffer technique is not supported with OpenGL.
Decal DBuffer technique is not supported with OpenGL.
Decal DBuffer technique is not supported with OpenGL.
Decal DBuffer technique is not supported with OpenGL.
Decal DBuffer technique is not supported with OpenGL.
Decal DBuffer technique is not supported with OpenGL.
Decal DBuffer technique is not supported with OpenGL.
Decal DBuffer technique is not supported with OpenGL.
Decal DBuffer technique is not supported with OpenGL.
Decal DBuffer technique is not supported with OpenGL.
Decal DBuffer technique is not supported with OpenGL.
Decal DBuffer technique is not supported with OpenGL.
Decal DBuffer technique is not supported with OpenGL.
Decal DBuffer technique is not supported with OpenGL.
Decal DBuffer technique is not supported with OpenGL.
Decal DBuffer technique is not supported with OpenGL.
Decal DBuffer technique is not supported with OpenGL.
Decal DBuffer technique is not supported with OpenGL.
Decal DBuffer technique is not supported with OpenGL.
Decal DBuffer technique is not supported with OpenGL.
Decal DBuffer technique is not supported with OpenGL.
Decal DBuffer technique is not supported with OpenGL.
Decal DBuffer technique is not supported with OpenGL.
Decal DBuffer technique is not supported with OpenGL.
Decal DBuffer technique is not supported with OpenGL.
Decal DBuffer technique is not supported with OpenGL.
Decal DBuffer technique is not supported with OpenGL.
Decal DBuffer technique is not supported with OpenGL.
Decal DBuffer technique is not supported with OpenGL.
Decal DBuffer technique is not supported with OpenGL.
Decal DBuffer technique is not supported with OpenGL.
Decal DBuffer technique is not supported with OpenGL.
Decal DBuffer technique is not supported with OpenGL.
Decal DBuffer technique is not supported with OpenGL.
Decal DBuffer technique is not supported with OpenGL.
Decal DBuffer technique is not supported with OpenGL.
Decal DBuffer technique is not supported with OpenGL.
Decal DBuffer technique is not supported with OpenGL.
Decal DBuffer technique is not supported with OpenGL.
Decal DBuffer technique is not supported with OpenGL.
Decal DBuffer technique is not supported with OpenGL.
Decal DBuffer technique is not supported with OpenGL.
Decal DBuffer technique is not supported with OpenGL.
Decal DBuffer technique is not supported with OpenGL.
Decal DBuffer technique is not supported with OpenGL.
Decal DBuffer technique is not supported with OpenGL.
Decal DBuffer technique is not supported with OpenGL.
Decal DBuffer technique is not supported with OpenGL.
Decal DBuffer technique is not supported with OpenGL.
Decal DBuffer technique is not supported with OpenGL.
Decal DBuffer technique is not supported with OpenGL.
Decal DBuffer technique is not supported with OpenGL.
Decal DBuffer technique is not supported with OpenGL.
Decal DBuffer technique is not supported with OpenGL.
Decal DBuffer technique is not supported with OpenGL.
Decal DBuffer technique is not supported with OpenGL.
Decal DBuffer technique is not supported with OpenGL.
Decal DBuffer technique is not supported with OpenGL.
Decal DBuffer technique is not supported with OpenGL.
Decal DBuffer technique is not supported with OpenGL.
Decal DBuffer technique is not supported with OpenGL.
Decal DBuffer technique is not supported with OpenGL.
Decal DBuffer technique is not supported with OpenGL.
Decal DBuffer technique is not supported with OpenGL.
Decal DBuffer technique is not supported with OpenGL.
Decal DBuffer technique is not supported with OpenGL.
Decal DBuffer technique is not supported with OpenGL.
Decal DBuffer technique is not supported with OpenGL.
Decal DBuffer technique is not supported with OpenGL.
Decal DBuffer technique is not supported with OpenGL.
Decal DBuffer technique is not supported with OpenGL.
Decal DBuffer technique is not supported with OpenGL.
Decal DBuffer technique is not supported with OpenGL.
Decal DBuffer technique is not supported with OpenGL.
Decal DBuffer technique is not supported with OpenGL.
Decal DBuffer technique is not supported with OpenGL.
Decal DBuffer technique is not supported with OpenGL.
Decal DBuffer technique is not supported with OpenGL.
Decal DBuffer technique is not supported with OpenGL.
Decal DBuffer technique is not supported with OpenGL.
Decal DBuffer technique is not supported with OpenGL.
Decal DBuffer technique is not supported with OpenGL.
Decal DBuffer technique is not supported with OpenGL.
Decal DBuffer technique is not supported with OpenGL.
Decal DBuffer technique is not supported with OpenGL.
Decal DBuffer technique is not supported with OpenGL.
Decal DBuffer technique is not supported with OpenGL.
Decal DBuffer technique is not supported with OpenGL.
Decal DBuffer technique is not supported with OpenGL.
Decal DBuffer technique is not supported with OpenGL.
Decal DBuffer technique is not supported with OpenGL.
Decal DBuffer technique is not supported with OpenGL.
Decal DBuffer technique is not supported with OpenGL.
Decal DBuffer technique is not supported with OpenGL.
Decal DBuffer technique is not supported with OpenGL.
Decal DBuffer technique is not supported with OpenGL.
Decal DBuffer technique is not supported with OpenGL.
Decal DBuffer technique is not supported with OpenGL.
Decal DBuffer technique is not supported with OpenGL.
Decal DBuffer technique is not supported with OpenGL.
Decal DBuffer technique is not supported with OpenGL.
Decal DBuffer technique is not supported with OpenGL.
Decal DBuffer technique is not supported with OpenGL.
Decal DBuffer technique is not supported with OpenGL.
Decal DBuffer technique is not supported with OpenGL.
Decal DBuffer technique is not supported with OpenGL.
Decal DBuffer technique is not supported with OpenGL.
Decal DBuffer technique is not supported with OpenGL.
Decal DBuffer technique is not supported with OpenGL.
Decal DBuffer technique is not supported with OpenGL.
Decal DBuffer technique is not supported with OpenGL.
Decal DBuffer technique is not supported with OpenGL.
Decal DBuffer technique is not supported with OpenGL.
Decal DBuffer technique is not supported with OpenGL.
Decal DBuffer technique is not supported with OpenGL.
Decal DBuffer technique is not supported with OpenGL.
Decal DBuffer technique is not supported with OpenGL.
Decal DBuffer technique is not supported with OpenGL.
Decal DBuffer technique is not supported with OpenGL.
Decal DBuffer technique is not supported with OpenGL.
Decal DBuffer technique is not supported with OpenGL.
Decal DBuffer technique is not supported with OpenGL.
Decal DBuffer technique is not supported with OpenGL.
Decal DBuffer technique is not supported with OpenGL.
Decal DBuffer technique is not supported with OpenGL.
Decal DBuffer technique is not supported with OpenGL.
Decal DBuffer technique is not supported with OpenGL.
Decal DBuffer technique is not supported with OpenGL.
Decal DBuffer technique is not supported with OpenGL.
Decal DBuffer technique is not supported with OpenGL.
Decal DBuffer technique is not supported with OpenGL.
Decal DBuffer technique is not supported with OpenGL.
Decal DBuffer technique is not supported with OpenGL.
Decal DBuffer technique is not supported with OpenGL.
Decal DBuffer technique is not supported with OpenGL.
Decal DBuffer technique is not supported with OpenGL.
Decal DBuffer technique is not supported with OpenGL.
Decal DBuffer technique is not supported with OpenGL.
Decal DBuffer technique is not supported with OpenGL.
Decal DBuffer technique is not supported with OpenGL.
Decal DBuffer technique is not supported with OpenGL.
Decal DBuffer technique is not supported with OpenGL.
Decal DBuffer technique is not supported with OpenGL.
Decal DBuffer technique is not supported with OpenGL.
Decal DBuffer technique is not supported with OpenGL.
Decal DBuffer technique is not supported with OpenGL.
Decal DBuffer technique is not supported with OpenGL.
Decal DBuffer technique is not supported with OpenGL.
Decal DBuffer technique is not supported with OpenGL.
Decal DBuffer technique is not supported with OpenGL.
Decal DBuffer technique is not supported with OpenGL.
Decal DBuffer technique is not supported with OpenGL.
Decal DBuffer technique is not supported with OpenGL.
Decal DBuffer technique is not supported with OpenGL.
Decal DBuffer technique is not supported with OpenGL.
[BundleManager] - MountAllDownloadedBundles: MountBundles, spent time: 5.521
[BundleManager] - Init: MountAllDownloadedBundles, spent time: 0
[BundleManager] - Init: start unused assets task
[BundleManager] - Init: UpdateUnusedAssets, spent time: 0
[BundleManager] - Init: subscribe atlasRequested
[BundleManager] - Load All Atlasses: start: _BundlePopups, _CallingCardsAtlas, _EmblemsAtlas, _LootCards, _LuckyDrawCases, !WeaponGunsmithIcons, !WeaponIcons, _WhatsNewAtlas, !CamoIcons, _ElementsAtlas, _Levels&RarityAtlas, _MatchAtlas, _TabIconsAtlas 
[GameLoader] - BootClient: init BundleManager, spent time: 5.701
[GameLoader] - BootClient: instantiateGame
DontDestroyOnLoad only works for root GameObjects or components on root GameObjects.
[S_API] SteamAPI_Init(): Loaded '/home/pengu/.local/share/Steam/linux64/steamclient.so' OK.
Setting breakpad minidump AppID = 2281730
SteamInternal_SetMinidumpSteamID:  Caching Steam ID:  76561199529350377 [API loaded no]
Unloading 5 Unused Serialized files (Serialized files now loaded: 96)
UnloadTime: 0.540035 ms
Unloading 1311 unused Assets to reduce memory usage. Loaded Objects now: 57231.
Total: 19.731932 ms (FindLiveObjects: 3.534693 ms CreateObjectMapping: 1.723028 ms MarkObjects: 13.535367 ms  DeleteObjects: 0.938453 ms)

requesting resize 1920 x 1080
Using native desktop resolution 1920 x 1080
requesting fullscreen 1920 x 1080 at 0/1 Hz
Desktop is 1920 x 1080 @ 120 Hz
Unloading 3 Unused Serialized files (Serialized files now loaded: 96)
UnloadTime: 132.162355 ms
Unloading 12782 unused Assets to reduce memory usage. Loaded Objects now: 113171.
Total: 75.669567 ms (FindLiveObjects: 5.910648 ms CreateObjectMapping: 4.935055 ms MarkObjects: 55.330954 ms  DeleteObjects: 9.492299 ms)

The referenced script on this Behaviour (Game Object '<null>') is missing!
The referenced script on this Behaviour (Game Object '<null>') is missing!
Unloading 2 Unused Serialized files (Serialized files now loaded: 96)
Can not play a disabled audio source
Can not play a disabled audio source
UnloadTime: 79.669794 ms
Unloading 98150 unused Assets to reduce memory usage. Loaded Objects now: 164264.
Total: 144.142619 ms (FindLiveObjects: 12.183717 ms CreateObjectMapping: 11.934439 ms MarkObjects: 82.875749 ms  DeleteObjects: 37.148243 ms)

Can't add 'RectMask2D' to Title because a 'RectMask2D' is already added to the game object!
Can't add 'RectMask2D' to Title because a 'RectMask2D' is already added to the game object!
[Physics::Module] Cleanup current backned.
[Physics::Module] Id: 0xf2b8ea05
Input System module state changed to: ShutdownInProgress.
Input System polling thread exited.
Input System module state changed to: Shutdown.
