2025-06-30 20:46:54.316 [info] Started initializing default profile extensions in extensions installation folder. file:///home/pengu/.vscode-oss/extensions
2025-06-30 20:46:54.316 [info] ComputeTargetPlatform: linux-x64
2025-06-30 20:46:54.540 [warning] Failed to create default profile extensions manifest in extensions installation folder. file:///home/pengu/.vscode-oss/extensions Unable to create file 'vscode-userdata:/home/pengu/.vscode-oss/extensions/extensions.json' that already exists when overwrite flag is not set
2025-06-30 20:46:54.540 [info] Completed initializing default profile extensions in extensions installation folder. file:///home/pengu/.vscode-oss/extensions
2025-06-30 20:47:24.583 [info] ComputeTargetPlatform: linux-x64
2025-06-30 20:48:06.163 [info] Getting Manifest... sourcegraph.cody-ai
2025-06-30 20:48:08.544 [info] Installing extension: sourcegraph.cody-ai {"isMachineScoped":false,"installPreReleaseVersion":false,"pinned":false,"profileLocation":{"$mid":1,"external":"vscode-userdata:/home/pengu/.vscode-oss/extensions/extensions.json","path":"/home/pengu/.vscode-oss/extensions/extensions.json","scheme":"vscode-userdata"},"isApplicationScoped":false,"productVersion":{"version":"1.101.2","date":"2025-06-25T19:40:00.687Z"}}
2025-06-30 20:52:04.413 [info] Extension signature verification result for sourcegraph.cody-ai: Success. Executed: true. Duration: 1566ms.
2025-06-30 20:52:05.208 [info] Extracted extension to file:///home/pengu/.vscode-oss/extensions/sourcegraph.cody-ai-1.106.2-universal: sourcegraph.cody-ai
2025-06-30 20:52:05.413 [info] Renamed to /home/pengu/.vscode-oss/extensions/sourcegraph.cody-ai-1.106.2-universal
2025-06-30 20:52:05.533 [info] Extension installed successfully: sourcegraph.cody-ai vscode-userdata:/home/pengu/.vscode-oss/extensions/extensions.json
2025-06-30 21:00:32.642 [info] Getting Manifest... ms-python.python
2025-06-30 21:00:34.991 [info] Installing extension: ms-python.python {"isMachineScoped":false,"installPreReleaseVersion":false,"pinned":false,"profileLocation":{"$mid":1,"external":"vscode-userdata:/home/pengu/.vscode-oss/extensions/extensions.json","path":"/home/pengu/.vscode-oss/extensions/extensions.json","scheme":"vscode-userdata"},"isApplicationScoped":false,"productVersion":{"version":"1.101.2","date":"2025-06-25T19:40:00.687Z"}}
2025-06-30 21:00:35.323 [info] Getting Manifest... ms-python.debugpy
2025-06-30 21:00:35.828 [info] Installing extension: ms-python.debugpy {"isMachineScoped":false,"installPreReleaseVersion":false,"pinned":false,"profileLocation":{"$mid":1,"external":"vscode-userdata:/home/pengu/.vscode-oss/extensions/extensions.json","path":"/home/pengu/.vscode-oss/extensions/extensions.json","scheme":"vscode-userdata"},"isApplicationScoped":false,"productVersion":{"version":"1.101.2","date":"2025-06-25T19:40:00.687Z"},"installGivenVersion":false,"context":{"dependecyOrPackExtensionInstall":true}}
2025-06-30 21:00:43.286 [info] Extension signature verification result for ms-python.python: Success. Executed: true. Duration: 2023ms.
2025-06-30 21:00:44.087 [info] Extracted extension to file:///home/pengu/.vscode-oss/extensions/ms-python.python-2025.4.0-universal: ms-python.python
2025-06-30 21:00:44.468 [info] Renamed to /home/pengu/.vscode-oss/extensions/ms-python.python-2025.4.0-universal
2025-06-30 21:00:52.467 [info] Extension signature verification result for ms-python.debugpy: Success. Executed: true. Duration: 1185ms.
2025-06-30 21:00:52.738 [info] Extracted extension to file:///home/pengu/.vscode-oss/extensions/ms-python.debugpy-2025.6.0-linux-x64: ms-python.debugpy
2025-06-30 21:00:52.907 [info] Renamed to /home/pengu/.vscode-oss/extensions/ms-python.debugpy-2025.6.0-linux-x64
2025-06-30 21:00:53.051 [info] Extension installed successfully: ms-python.python vscode-userdata:/home/pengu/.vscode-oss/extensions/extensions.json
2025-06-30 21:00:53.052 [info] Extension installed successfully: ms-python.debugpy vscode-userdata:/home/pengu/.vscode-oss/extensions/extensions.json
