2025-07-01 16:18:53.882 [info] [main] Log level: Info
2025-07-01 16:18:53.883 [info] [main] Validating found git in: "git"
2025-07-01 16:18:53.883 [info] [main] Using git "2.50.0" from "git"
2025-07-01 16:18:53.883 [info] [Model][doInitialScan] Initial repository scan started
2025-07-01 16:18:53.883 [info] > git rev-parse --show-toplevel [2ms]
2025-07-01 16:18:53.883 [info] fatal: not a git repository (or any of the parent directories): .git
2025-07-01 16:18:53.883 [info] > git rev-parse --show-toplevel [2ms]
2025-07-01 16:18:53.883 [info] fatal: not a git repository (or any of the parent directories): .git
2025-07-01 16:18:54.166 [info] > git rev-parse --show-toplevel [277ms]
2025-07-01 16:18:54.166 [info] fatal: not a git repository (or any of the parent directories): .git
2025-07-01 16:18:54.184 [info] > git rev-parse --show-toplevel [8ms]
2025-07-01 16:18:54.184 [info] fatal: not a git repository (or any of the parent directories): .git
2025-07-01 16:18:54.224 [info] > git rev-parse --show-toplevel [35ms]
2025-07-01 16:18:54.224 [info] fatal: not a git repository (or any of the parent directories): .git
2025-07-01 16:18:54.241 [info] > git rev-parse --show-toplevel [12ms]
2025-07-01 16:18:54.241 [info] fatal: not a git repository (or any of the parent directories): .git
2025-07-01 16:18:54.281 [info] > git rev-parse --show-toplevel [33ms]
2025-07-01 16:18:54.281 [info] fatal: not a git repository (or any of the parent directories): .git
2025-07-01 16:18:54.291 [info] > git rev-parse --show-toplevel [2ms]
2025-07-01 16:18:54.291 [info] fatal: not a git repository (or any of the parent directories): .git
2025-07-01 16:18:54.299 [info] > git rev-parse --show-toplevel [1ms]
2025-07-01 16:18:54.299 [info] fatal: not a git repository (or any of the parent directories): .git
2025-07-01 16:18:54.306 [info] > git rev-parse --show-toplevel [2ms]
2025-07-01 16:18:54.306 [info] fatal: not a git repository (or any of the parent directories): .git
2025-07-01 16:18:54.314 [info] > git rev-parse --show-toplevel [2ms]
2025-07-01 16:18:54.314 [info] fatal: not a git repository (or any of the parent directories): .git
2025-07-01 16:18:54.323 [info] > git rev-parse --show-toplevel [1ms]
2025-07-01 16:18:54.323 [info] fatal: not a git repository (or any of the parent directories): .git
2025-07-01 16:18:54.334 [info] > git rev-parse --show-toplevel [5ms]
2025-07-01 16:18:54.334 [info] fatal: not a git repository (or any of the parent directories): .git
2025-07-01 16:18:54.355 [info] > git rev-parse --show-toplevel [16ms]
2025-07-01 16:18:54.355 [info] fatal: not a git repository (or any of the parent directories): .git
2025-07-01 16:18:54.370 [info] > git rev-parse --show-toplevel [1ms]
2025-07-01 16:18:54.370 [info] fatal: not a git repository (or any of the parent directories): .git
2025-07-01 16:18:54.377 [info] > git rev-parse --show-toplevel [0ms]
2025-07-01 16:18:54.377 [info] fatal: not a git repository (or any of the parent directories): .git
2025-07-01 16:18:54.383 [info] > git rev-parse --show-toplevel [0ms]
2025-07-01 16:18:54.383 [info] fatal: not a git repository (or any of the parent directories): .git
2025-07-01 16:18:54.389 [info] > git rev-parse --show-toplevel [1ms]
2025-07-01 16:18:54.389 [info] fatal: not a git repository (or any of the parent directories): .git
2025-07-01 16:18:54.394 [info] > git rev-parse --show-toplevel [0ms]
2025-07-01 16:18:54.394 [info] fatal: not a git repository (or any of the parent directories): .git
2025-07-01 16:18:54.400 [info] > git rev-parse --show-toplevel [1ms]
2025-07-01 16:18:54.400 [info] fatal: not a git repository (or any of the parent directories): .git
2025-07-01 16:18:54.407 [info] > git rev-parse --show-toplevel [0ms]
2025-07-01 16:18:54.407 [info] fatal: not a git repository (or any of the parent directories): .git
2025-07-01 16:18:54.413 [info] > git rev-parse --show-toplevel [1ms]
2025-07-01 16:18:54.413 [info] fatal: not a git repository (or any of the parent directories): .git
2025-07-01 16:18:54.420 [info] > git rev-parse --show-toplevel [1ms]
2025-07-01 16:18:54.420 [info] fatal: not a git repository (or any of the parent directories): .git
2025-07-01 16:18:54.427 [info] > git rev-parse --show-toplevel [1ms]
2025-07-01 16:18:54.427 [info] fatal: not a git repository (or any of the parent directories): .git
2025-07-01 16:18:54.434 [info] > git rev-parse --show-toplevel [0ms]
2025-07-01 16:18:54.434 [info] fatal: not a git repository (or any of the parent directories): .git
2025-07-01 16:18:54.441 [info] > git rev-parse --show-toplevel [1ms]
2025-07-01 16:18:54.441 [info] fatal: not a git repository (or any of the parent directories): .git
2025-07-01 16:18:54.447 [info] > git rev-parse --show-toplevel [1ms]
2025-07-01 16:18:54.447 [info] fatal: not a git repository (or any of the parent directories): .git
2025-07-01 16:18:54.454 [info] > git rev-parse --show-toplevel [1ms]
2025-07-01 16:18:54.454 [info] fatal: not a git repository (or any of the parent directories): .git
2025-07-01 16:18:54.460 [info] > git rev-parse --show-toplevel [1ms]
2025-07-01 16:18:54.460 [info] fatal: not a git repository (or any of the parent directories): .git
2025-07-01 16:18:54.466 [info] > git rev-parse --show-toplevel [1ms]
2025-07-01 16:18:54.466 [info] fatal: not a git repository (or any of the parent directories): .git
2025-07-01 16:18:54.473 [info] > git rev-parse --show-toplevel [2ms]
2025-07-01 16:18:54.473 [info] fatal: not a git repository (or any of the parent directories): .git
2025-07-01 16:18:54.479 [info] > git rev-parse --show-toplevel [1ms]
2025-07-01 16:18:54.479 [info] fatal: not a git repository (or any of the parent directories): .git
2025-07-01 16:18:54.485 [info] > git rev-parse --show-toplevel [1ms]
2025-07-01 16:18:54.485 [info] fatal: not a git repository (or any of the parent directories): .git
2025-07-01 16:18:54.490 [info] > git rev-parse --show-toplevel [0ms]
2025-07-01 16:18:54.490 [info] fatal: not a git repository (or any of the parent directories): .git
2025-07-01 16:18:54.492 [info] [Model][doInitialScan] Initial repository scan completed - repositories (0), closed repositories (0), parent repositories (0), unsafe repositories (0)
2025-07-01 16:18:55.382 [info] > git rev-parse --show-toplevel [26ms]
2025-07-01 16:18:55.382 [info] fatal: not a git repository (or any of the parent directories): .git
2025-07-01 16:18:55.466 [info] > git rev-parse --show-toplevel [1ms]
2025-07-01 16:18:55.466 [info] fatal: not a git repository (or any of the parent directories): .git
2025-07-01 16:21:19.268 [info] > git rev-parse --show-toplevel [1ms]
2025-07-01 16:21:19.268 [info] fatal: not a git repository (or any of the parent directories): .git
2025-07-01 16:26:10.911 [info] > git rev-parse --show-toplevel [2ms]
2025-07-01 16:26:10.911 [info] fatal: not a git repository (or any of the parent directories): .git
2025-07-01 16:28:42.155 [info] > git rev-parse --show-toplevel [2ms]
2025-07-01 16:28:42.156 [info] fatal: not a git repository (or any of the parent directories): .git
2025-07-01 16:29:22.028 [info] > git rev-parse --show-toplevel [2ms]
2025-07-01 16:29:22.028 [info] fatal: not a git repository (or any of the parent directories): .git
2025-07-01 16:30:56.203 [info] > git rev-parse --show-toplevel [2ms]
2025-07-01 16:30:56.203 [info] fatal: not a git repository (or any of the parent directories): .git
2025-07-01 16:35:22.925 [info] > git rev-parse --show-toplevel [1ms]
2025-07-01 16:35:22.925 [info] fatal: not a git repository (or any of the parent directories): .git
2025-07-01 16:45:32.715 [info] > git rev-parse --show-toplevel [2ms]
2025-07-01 16:45:32.715 [info] fatal: not a git repository (or any of the parent directories): .git
2025-07-01 16:46:32.471 [info] > git rev-parse --show-toplevel [2ms]
2025-07-01 16:46:32.471 [info] fatal: not a git repository (or any of the parent directories): .git
2025-07-01 16:48:30.574 [info] > git rev-parse --show-toplevel [2ms]
2025-07-01 16:48:30.574 [info] fatal: not a git repository (or any of the parent directories): .git
2025-07-01 16:58:16.868 [info] > git rev-parse --show-toplevel [2ms]
2025-07-01 16:58:16.868 [info] fatal: not a git repository (or any of the parent directories): .git
2025-07-01 16:59:04.766 [info] > git rev-parse --show-toplevel [1ms]
2025-07-01 16:59:04.766 [info] fatal: not a git repository (or any of the parent directories): .git
2025-07-01 17:04:05.260 [info] > git rev-parse --show-toplevel [2ms]
2025-07-01 17:04:05.260 [info] fatal: not a git repository (or any of the parent directories): .git
2025-07-01 17:04:10.516 [info] > git rev-parse --show-toplevel [2ms]
2025-07-01 17:04:10.516 [info] fatal: not a git repository (or any of the parent directories): .git
2025-07-01 17:04:23.119 [info] > git rev-parse --show-toplevel [1ms]
2025-07-01 17:04:23.119 [info] fatal: not a git repository (or any of the parent directories): .git
2025-07-01 17:08:15.704 [info] > git rev-parse --show-toplevel [2ms]
2025-07-01 17:08:15.704 [info] fatal: not a git repository (or any of the parent directories): .git
2025-07-01 17:13:14.949 [info] > git rev-parse --show-toplevel [2ms]
2025-07-01 17:13:14.949 [info] fatal: not a git repository (or any of the parent directories): .git
2025-07-01 17:13:19.735 [info] > git rev-parse --show-toplevel [1ms]
2025-07-01 17:13:19.735 [info] fatal: not a git repository (or any of the parent directories): .git
2025-07-01 17:13:24.669 [info] > git rev-parse --show-toplevel [1ms]
2025-07-01 17:13:24.669 [info] fatal: not a git repository (or any of the parent directories): .git
2025-07-01 17:13:28.468 [info] > git rev-parse --show-toplevel [1ms]
2025-07-01 17:13:28.468 [info] fatal: not a git repository (or any of the parent directories): .git
2025-07-01 17:13:31.297 [info] > git rev-parse --show-toplevel [1ms]
2025-07-01 17:13:31.297 [info] fatal: not a git repository (or any of the parent directories): .git
2025-07-01 17:13:33.920 [info] > git rev-parse --show-toplevel [2ms]
2025-07-01 17:13:33.920 [info] fatal: not a git repository (or any of the parent directories): .git
2025-07-01 17:14:10.719 [info] > git rev-parse --show-toplevel [1ms]
2025-07-01 17:14:10.719 [info] fatal: not a git repository (or any of the parent directories): .git
2025-07-01 17:16:07.912 [info] > git rev-parse --show-toplevel [3ms]
2025-07-01 17:16:07.912 [info] fatal: not a git repository (or any of the parent directories): .git
2025-07-01 17:16:08.707 [info] > git rev-parse --show-toplevel [2ms]
2025-07-01 17:16:08.707 [info] fatal: not a git repository (or any of the parent directories): .git
2025-07-01 17:16:09.418 [info] > git rev-parse --show-toplevel [2ms]
2025-07-01 17:16:09.418 [info] fatal: not a git repository (or any of the parent directories): .git
2025-07-01 17:16:11.040 [info] > git rev-parse --show-toplevel [3ms]
2025-07-01 17:16:11.040 [info] fatal: not a git repository (or any of the parent directories): .git
2025-07-01 17:49:27.925 [info] > git rev-parse --show-toplevel [1ms]
2025-07-01 17:49:27.925 [info] fatal: not a git repository (or any of the parent directories): .git
2025-07-01 17:56:45.824 [info] > git rev-parse --show-toplevel [2ms]
2025-07-01 17:56:45.824 [info] fatal: not a git repository (or any of the parent directories): .git
2025-07-01 17:57:35.231 [info] > git rev-parse --show-toplevel [1ms]
2025-07-01 17:57:35.231 [info] fatal: not a git repository (or any of the parent directories): .git
2025-07-01 18:03:56.338 [info] > git rev-parse --show-toplevel [4ms]
2025-07-01 18:03:56.338 [info] fatal: not a git repository (or any of the parent directories): .git
2025-07-01 18:04:04.062 [info] > git rev-parse --show-toplevel [3ms]
2025-07-01 18:04:04.062 [info] fatal: not a git repository (or any of the parent directories): .git
2025-07-01 18:43:33.278 [info] > git rev-parse --show-toplevel [2ms]
2025-07-01 18:43:33.278 [info] fatal: not a git repository (or any of the parent directories): .git
2025-07-01 18:47:09.538 [info] > git rev-parse --show-toplevel [3ms]
2025-07-01 18:47:09.538 [info] fatal: not a git repository (or any of the parent directories): .git
2025-07-01 18:47:10.420 [info] > git rev-parse --show-toplevel [1ms]
2025-07-01 18:47:10.420 [info] fatal: not a git repository (or any of the parent directories): .git
2025-07-01 18:47:13.629 [info] > git rev-parse --show-toplevel [1ms]
2025-07-01 18:47:13.629 [info] fatal: not a git repository (or any of the parent directories): .git
2025-07-01 18:47:14.477 [info] > git rev-parse --show-toplevel [2ms]
2025-07-01 18:47:14.477 [info] fatal: not a git repository (or any of the parent directories): .git
2025-07-01 18:47:14.830 [info] > git rev-parse --show-toplevel [1ms]
2025-07-01 18:47:14.830 [info] fatal: not a git repository (or any of the parent directories): .git
2025-07-01 18:47:20.459 [info] > git rev-parse --show-toplevel [2ms]
2025-07-01 18:47:20.459 [info] fatal: not a git repository (or any of the parent directories): .git
2025-07-01 18:47:27.672 [info] > git rev-parse --show-toplevel [1ms]
2025-07-01 18:47:27.672 [info] fatal: not a git repository (or any of the parent directories): .git
2025-07-01 18:47:30.551 [info] > git rev-parse --show-toplevel [1ms]
2025-07-01 18:47:30.551 [info] fatal: not a git repository (or any of the parent directories): .git
2025-07-01 18:47:32.074 [info] > git rev-parse --show-toplevel [2ms]
2025-07-01 18:47:32.075 [info] fatal: not a git repository (or any of the parent directories): .git
2025-07-01 18:49:21.277 [info] > git rev-parse --show-toplevel [2ms]
2025-07-01 18:49:21.277 [info] fatal: not a git repository (or any of the parent directories): .git
2025-07-01 18:53:44.603 [info] > git rev-parse --show-toplevel [3ms]
2025-07-01 18:53:44.603 [info] fatal: not a git repository (or any of the parent directories): .git
2025-07-01 19:01:30.275 [info] > git rev-parse --show-toplevel [3ms]
2025-07-01 19:01:30.275 [info] fatal: not a git repository (or any of the parent directories): .git
2025-07-01 19:02:00.707 [info] > git rev-parse --show-toplevel [1ms]
2025-07-01 19:02:00.707 [info] fatal: not a git repository (or any of the parent directories): .git
2025-07-01 19:02:01.957 [info] > git rev-parse --show-toplevel [1ms]
2025-07-01 19:02:01.957 [info] fatal: not a git repository (or any of the parent directories): .git
2025-07-01 19:02:24.272 [info] > git rev-parse --show-toplevel [2ms]
2025-07-01 19:02:24.272 [info] fatal: not a git repository (or any of the parent directories): .git
2025-07-01 19:04:34.892 [info] > git rev-parse --show-toplevel [3ms]
2025-07-01 19:04:34.892 [info] fatal: not a git repository (or any of the parent directories): .git
2025-07-01 19:07:55.713 [info] > git rev-parse --show-toplevel [1ms]
2025-07-01 19:07:55.714 [info] fatal: not a git repository (or any of the parent directories): .git
2025-07-01 19:10:16.134 [info] > git rev-parse --show-toplevel [2ms]
2025-07-01 19:10:16.134 [info] fatal: not a git repository (or any of the parent directories): .git
2025-07-01 19:13:55.608 [info] > git rev-parse --show-toplevel [1ms]
2025-07-01 19:13:55.608 [info] fatal: not a git repository (or any of the parent directories): .git
2025-07-01 19:14:00.750 [info] > git rev-parse --show-toplevel [2ms]
2025-07-01 19:14:00.750 [info] fatal: not a git repository (or any of the parent directories): .git
2025-07-01 19:14:01.404 [info] > git rev-parse --show-toplevel [2ms]
2025-07-01 19:14:01.404 [info] fatal: not a git repository (or any of the parent directories): .git
2025-07-01 19:14:02.890 [info] > git rev-parse --show-toplevel [1ms]
2025-07-01 19:14:02.890 [info] fatal: not a git repository (or any of the parent directories): .git
2025-07-01 19:14:05.167 [info] > git rev-parse --show-toplevel [1ms]
2025-07-01 19:14:05.167 [info] fatal: not a git repository (or any of the parent directories): .git
2025-07-01 19:18:30.001 [info] > git rev-parse --show-toplevel [2ms]
2025-07-01 19:18:30.001 [info] fatal: not a git repository (or any of the parent directories): .git
2025-07-01 19:18:31.505 [info] > git rev-parse --show-toplevel [2ms]
2025-07-01 19:18:31.505 [info] fatal: not a git repository (or any of the parent directories): .git
2025-07-01 19:19:10.521 [info] > git rev-parse --show-toplevel [4ms]
2025-07-01 19:19:10.521 [info] fatal: not a git repository (or any of the parent directories): .git
2025-07-01 19:19:18.941 [info] > git rev-parse --show-toplevel [2ms]
2025-07-01 19:19:18.941 [info] fatal: not a git repository (or any of the parent directories): .git
2025-07-01 19:19:19.322 [info] > git rev-parse --show-toplevel [2ms]
2025-07-01 19:19:19.322 [info] fatal: not a git repository (or any of the parent directories): .git
2025-07-01 19:19:20.075 [info] > git rev-parse --show-toplevel [1ms]
2025-07-01 19:19:20.075 [info] fatal: not a git repository (or any of the parent directories): .git
2025-07-01 19:19:20.704 [info] > git rev-parse --show-toplevel [2ms]
2025-07-01 19:19:20.704 [info] fatal: not a git repository (or any of the parent directories): .git
2025-07-01 19:19:21.456 [info] > git rev-parse --show-toplevel [3ms]
2025-07-01 19:19:21.456 [info] fatal: not a git repository (or any of the parent directories): .git
2025-07-01 19:20:09.105 [info] > git rev-parse --show-toplevel [2ms]
2025-07-01 19:20:09.105 [info] fatal: not a git repository (or any of the parent directories): .git
2025-07-01 19:21:35.778 [info] > git rev-parse --show-toplevel [2ms]
2025-07-01 19:21:35.778 [info] fatal: not a git repository (or any of the parent directories): .git
2025-07-01 19:24:15.714 [info] > git rev-parse --show-toplevel [1ms]
2025-07-01 19:24:15.714 [info] fatal: not a git repository (or any of the parent directories): .git
2025-07-01 19:26:48.258 [info] > git rev-parse --show-toplevel [2ms]
2025-07-01 19:26:48.258 [info] fatal: not a git repository (or any of the parent directories): .git
2025-07-01 19:28:49.934 [info] > git rev-parse --show-toplevel [3ms]
2025-07-01 19:28:49.934 [info] fatal: not a git repository (or any of the parent directories): .git
2025-07-01 19:29:26.509 [info] > git rev-parse --show-toplevel [2ms]
2025-07-01 19:29:26.509 [info] fatal: not a git repository (or any of the parent directories): .git
2025-07-01 19:29:28.171 [info] > git rev-parse --show-toplevel [1ms]
2025-07-01 19:29:28.172 [info] fatal: not a git repository (or any of the parent directories): .git
2025-07-01 19:30:17.717 [info] > git rev-parse --show-toplevel [1ms]
2025-07-01 19:30:17.718 [info] fatal: not a git repository (or any of the parent directories): .git
2025-07-01 19:30:18.959 [info] > git rev-parse --show-toplevel [4ms]
2025-07-01 19:30:18.959 [info] fatal: not a git repository (or any of the parent directories): .git
2025-07-01 19:30:19.849 [info] > git rev-parse --show-toplevel [2ms]
2025-07-01 19:30:19.849 [info] fatal: not a git repository (or any of the parent directories): .git
2025-07-01 19:30:20.866 [info] > git rev-parse --show-toplevel [1ms]
2025-07-01 19:30:20.866 [info] fatal: not a git repository (or any of the parent directories): .git
2025-07-01 19:31:45.927 [info] > git rev-parse --show-toplevel [2ms]
2025-07-01 19:31:45.927 [info] fatal: not a git repository (or any of the parent directories): .git
2025-07-01 19:31:46.704 [info] > git rev-parse --show-toplevel [2ms]
2025-07-01 19:31:46.704 [info] fatal: not a git repository (or any of the parent directories): .git
2025-07-01 19:32:31.639 [info] > git rev-parse --show-toplevel [1ms]
2025-07-01 19:32:31.640 [info] fatal: not a git repository (or any of the parent directories): .git
2025-07-01 19:32:49.803 [info] > git rev-parse --show-toplevel [1ms]
2025-07-01 19:32:49.803 [info] fatal: not a git repository (or any of the parent directories): .git
2025-07-01 19:32:52.922 [info] > git rev-parse --show-toplevel [2ms]
2025-07-01 19:32:52.922 [info] fatal: not a git repository (or any of the parent directories): .git
2025-07-01 19:33:23.633 [info] > git rev-parse --show-toplevel [1ms]
2025-07-01 19:33:23.633 [info] fatal: not a git repository (or any of the parent directories): .git
2025-07-01 19:33:45.739 [info] > git rev-parse --show-toplevel [1ms]
2025-07-01 19:33:45.739 [info] fatal: not a git repository (or any of the parent directories): .git
2025-07-01 19:33:47.607 [info] > git rev-parse --show-toplevel [2ms]
2025-07-01 19:33:47.607 [info] fatal: not a git repository (or any of the parent directories): .git
2025-07-01 19:33:48.338 [info] > git rev-parse --show-toplevel [3ms]
2025-07-01 19:33:48.338 [info] fatal: not a git repository (or any of the parent directories): .git
2025-07-01 19:33:49.366 [info] > git rev-parse --show-toplevel [1ms]
2025-07-01 19:33:49.366 [info] fatal: not a git repository (or any of the parent directories): .git
2025-07-01 19:34:24.396 [info] > git rev-parse --show-toplevel [4ms]
2025-07-01 19:34:24.396 [info] fatal: not a git repository (or any of the parent directories): .git
2025-07-01 19:34:24.926 [info] > git rev-parse --show-toplevel [1ms]
2025-07-01 19:34:24.926 [info] fatal: not a git repository (or any of the parent directories): .git
2025-07-01 19:35:13.187 [info] > git rev-parse --show-toplevel [2ms]
2025-07-01 19:35:13.187 [info] fatal: not a git repository (or any of the parent directories): .git
2025-07-01 19:35:45.085 [info] > git rev-parse --show-toplevel [1ms]
2025-07-01 19:35:45.085 [info] fatal: not a git repository (or any of the parent directories): .git
2025-07-01 19:35:47.398 [info] > git rev-parse --show-toplevel [3ms]
2025-07-01 19:35:47.398 [info] fatal: not a git repository (or any of the parent directories): .git
2025-07-01 19:35:48.603 [info] > git rev-parse --show-toplevel [2ms]
2025-07-01 19:35:48.603 [info] fatal: not a git repository (or any of the parent directories): .git
2025-07-01 19:37:05.274 [info] > git rev-parse --show-toplevel [2ms]
2025-07-01 19:37:05.274 [info] fatal: not a git repository (or any of the parent directories): .git
2025-07-01 19:37:06.288 [info] > git rev-parse --show-toplevel [2ms]
2025-07-01 19:37:06.288 [info] fatal: not a git repository (or any of the parent directories): .git
2025-07-01 19:39:09.485 [info] > git rev-parse --show-toplevel [2ms]
2025-07-01 19:39:09.485 [info] fatal: not a git repository (or any of the parent directories): .git
2025-07-01 19:39:11.026 [info] > git rev-parse --show-toplevel [1ms]
2025-07-01 19:39:11.026 [info] fatal: not a git repository (or any of the parent directories): .git
2025-07-01 19:39:11.683 [info] > git rev-parse --show-toplevel [3ms]
2025-07-01 19:39:11.683 [info] fatal: not a git repository (or any of the parent directories): .git
2025-07-01 19:42:04.176 [info] > git rev-parse --show-toplevel [2ms]
2025-07-01 19:42:04.176 [info] fatal: not a git repository (or any of the parent directories): .git
2025-07-01 19:42:04.551 [info] > git rev-parse --show-toplevel [1ms]
2025-07-01 19:42:04.551 [info] fatal: not a git repository (or any of the parent directories): .git
2025-07-01 19:42:17.186 [info] > git rev-parse --show-toplevel [3ms]
2025-07-01 19:42:17.186 [info] fatal: not a git repository (or any of the parent directories): .git
2025-07-01 19:42:25.488 [info] > git rev-parse --show-toplevel [2ms]
2025-07-01 19:42:25.488 [info] fatal: not a git repository (or any of the parent directories): .git
2025-07-01 19:59:59.823 [info] > git rev-parse --show-toplevel [3ms]
2025-07-01 19:59:59.823 [info] fatal: not a git repository (or any of the parent directories): .git
2025-07-01 20:10:35.076 [info] > git rev-parse --show-toplevel [2ms]
2025-07-01 20:10:35.076 [info] fatal: not a git repository (or any of the parent directories): .git
2025-07-01 21:29:18.187 [info] > git rev-parse --show-toplevel [45ms]
2025-07-01 21:29:18.345 [info] fatal: not a git repository (or any of the parent directories): .git
2025-07-01 21:38:14.276 [info] > git rev-parse --show-toplevel [3ms]
2025-07-01 21:38:14.276 [info] fatal: not a git repository (or any of the parent directories): .git
2025-07-01 21:38:32.660 [info] > git rev-parse --show-toplevel [2ms]
2025-07-01 21:38:32.660 [info] fatal: not a git repository (or any of the parent directories): .git
2025-07-01 21:39:12.419 [info] > git rev-parse --show-toplevel [3ms]
2025-07-01 21:39:12.420 [info] fatal: not a git repository (or any of the parent directories): .git
2025-07-01 21:49:44.053 [info] > git rev-parse --show-toplevel [5ms]
2025-07-01 21:49:44.053 [info] fatal: not a git repository (or any of the parent directories): .git
2025-07-01 21:53:17.415 [info] > git rev-parse --show-toplevel [3ms]
2025-07-01 21:53:17.415 [info] fatal: not a git repository (or any of the parent directories): .git
2025-07-01 21:58:17.196 [info] > git rev-parse --show-toplevel [121ms]
2025-07-01 21:58:17.227 [info] fatal: not a git repository (or any of the parent directories): .git
2025-07-01 21:58:47.614 [info] > git rev-parse --show-toplevel [3ms]
2025-07-01 21:58:47.614 [info] fatal: not a git repository (or any of the parent directories): .git
2025-07-01 21:59:04.821 [info] > git rev-parse --show-toplevel [2ms]
2025-07-01 21:59:04.821 [info] fatal: not a git repository (or any of the parent directories): .git
2025-07-01 22:10:21.307 [info] > git rev-parse --show-toplevel [2ms]
2025-07-01 22:10:21.308 [info] fatal: not a git repository (or any of the parent directories): .git
2025-07-01 22:35:54.401 [info] > git rev-parse --show-toplevel [2ms]
2025-07-01 22:35:54.401 [info] fatal: not a git repository (or any of the parent directories): .git
2025-07-01 22:35:57.012 [info] > git rev-parse --show-toplevel [3ms]
2025-07-01 22:35:57.012 [info] fatal: not a git repository (or any of the parent directories): .git
2025-07-01 22:35:59.789 [info] > git rev-parse --show-toplevel [4ms]
2025-07-01 22:35:59.789 [info] fatal: not a git repository (or any of the parent directories): .git
2025-07-01 22:38:40.870 [info] > git rev-parse --show-toplevel [2ms]
2025-07-01 22:38:40.871 [info] fatal: not a git repository (or any of the parent directories): .git
2025-07-01 23:08:43.324 [info] > git rev-parse --show-toplevel [1ms]
2025-07-01 23:08:43.324 [info] fatal: not a git repository (or any of the parent directories): .git
2025-07-02 01:05:03.220 [info] > git rev-parse --show-toplevel [3ms]
2025-07-02 01:05:03.220 [info] fatal: not a git repository (or any of the parent directories): .git
2025-07-02 01:05:29.245 [info] > git rev-parse --show-toplevel [3ms]
2025-07-02 01:05:29.245 [info] fatal: not a git repository (or any of the parent directories): .git
2025-07-02 01:12:55.594 [info] > git rev-parse --show-toplevel [2ms]
2025-07-02 01:12:55.594 [info] fatal: not a git repository (or any of the parent directories): .git
2025-07-02 01:16:46.318 [info] > git rev-parse --show-toplevel [3ms]
2025-07-02 01:16:46.318 [info] fatal: not a git repository (or any of the parent directories): .git
2025-07-02 01:16:47.971 [info] > git rev-parse --show-toplevel [2ms]
2025-07-02 01:16:47.971 [info] fatal: not a git repository (or any of the parent directories): .git
2025-07-02 01:16:53.767 [info] > git rev-parse --show-toplevel [2ms]
2025-07-02 01:16:53.767 [info] fatal: not a git repository (or any of the parent directories): .git
2025-07-02 01:17:43.989 [info] > git rev-parse --show-toplevel [2ms]
2025-07-02 01:17:43.989 [info] fatal: not a git repository (or any of the parent directories): .git
2025-07-02 01:30:58.864 [info] > git rev-parse --show-toplevel [3ms]
2025-07-02 01:30:58.865 [info] fatal: not a git repository (or any of the parent directories): .git
