2025-07-04 20:27:01.233 [info] [main] Log level: Info
2025-07-04 20:27:01.233 [info] [main] Validating found git in: "git"
2025-07-04 20:27:01.233 [info] [main] Using git "2.50.0" from "git"
2025-07-04 20:27:01.233 [info] [Model][doInitialScan] Initial repository scan started
2025-07-04 20:27:01.233 [info] > git rev-parse --show-toplevel [4ms]
2025-07-04 20:27:01.233 [info] fatal: not a git repository (or any of the parent directories): .git
2025-07-04 20:27:01.233 [info] > git rev-parse --show-toplevel [3ms]
2025-07-04 20:27:01.233 [info] fatal: not a git repository (or any of the parent directories): .git
2025-07-04 20:27:01.327 [info] > git rev-parse --show-toplevel [1ms]
2025-07-04 20:27:01.327 [info] fatal: not a git repository (or any of the parent directories): .git
2025-07-04 20:27:01.334 [info] > git rev-parse --show-toplevel [1ms]
2025-07-04 20:27:01.334 [info] fatal: not a git repository (or any of the parent directories): .git
2025-07-04 20:27:01.340 [info] > git rev-parse --show-toplevel [1ms]
2025-07-04 20:27:01.340 [info] fatal: not a git repository (or any of the parent directories): .git
2025-07-04 20:27:01.347 [info] > git rev-parse --show-toplevel [1ms]
2025-07-04 20:27:01.347 [info] fatal: not a git repository (or any of the parent directories): .git
2025-07-04 20:27:01.353 [info] > git rev-parse --show-toplevel [1ms]
2025-07-04 20:27:01.353 [info] fatal: not a git repository (or any of the parent directories): .git
2025-07-04 20:27:01.359 [info] > git rev-parse --show-toplevel [1ms]
2025-07-04 20:27:01.359 [info] fatal: not a git repository (or any of the parent directories): .git
2025-07-04 20:27:01.365 [info] > git rev-parse --show-toplevel [1ms]
2025-07-04 20:27:01.365 [info] fatal: not a git repository (or any of the parent directories): .git
2025-07-04 20:27:01.372 [info] > git rev-parse --show-toplevel [1ms]
2025-07-04 20:27:01.372 [info] fatal: not a git repository (or any of the parent directories): .git
2025-07-04 20:27:01.379 [info] > git rev-parse --show-toplevel [1ms]
2025-07-04 20:27:01.379 [info] fatal: not a git repository (or any of the parent directories): .git
2025-07-04 20:27:01.389 [info] > git rev-parse --show-toplevel [4ms]
2025-07-04 20:27:01.389 [info] fatal: not a git repository (or any of the parent directories): .git
2025-07-04 20:27:01.411 [info] > git rev-parse --show-toplevel [16ms]
2025-07-04 20:27:01.411 [info] fatal: not a git repository (or any of the parent directories): .git
2025-07-04 20:27:01.425 [info] > git rev-parse --show-toplevel [1ms]
2025-07-04 20:27:01.425 [info] fatal: not a git repository (or any of the parent directories): .git
2025-07-04 20:27:01.432 [info] > git rev-parse --show-toplevel [0ms]
2025-07-04 20:27:01.432 [info] fatal: not a git repository (or any of the parent directories): .git
2025-07-04 20:27:01.438 [info] > git rev-parse --show-toplevel [1ms]
2025-07-04 20:27:01.438 [info] fatal: not a git repository (or any of the parent directories): .git
2025-07-04 20:27:01.445 [info] > git rev-parse --show-toplevel [1ms]
2025-07-04 20:27:01.445 [info] fatal: not a git repository (or any of the parent directories): .git
2025-07-04 20:27:01.451 [info] > git rev-parse --show-toplevel [1ms]
2025-07-04 20:27:01.451 [info] fatal: not a git repository (or any of the parent directories): .git
2025-07-04 20:27:01.457 [info] > git rev-parse --show-toplevel [1ms]
2025-07-04 20:27:01.457 [info] fatal: not a git repository (or any of the parent directories): .git
2025-07-04 20:27:01.464 [info] > git rev-parse --show-toplevel [1ms]
2025-07-04 20:27:01.464 [info] fatal: not a git repository (or any of the parent directories): .git
2025-07-04 20:27:01.471 [info] > git rev-parse --show-toplevel [1ms]
2025-07-04 20:27:01.471 [info] fatal: not a git repository (or any of the parent directories): .git
2025-07-04 20:27:01.478 [info] > git rev-parse --show-toplevel [1ms]
2025-07-04 20:27:01.478 [info] fatal: not a git repository (or any of the parent directories): .git
2025-07-04 20:27:01.485 [info] > git rev-parse --show-toplevel [1ms]
2025-07-04 20:27:01.485 [info] fatal: not a git repository (or any of the parent directories): .git
2025-07-04 20:27:01.492 [info] > git rev-parse --show-toplevel [1ms]
2025-07-04 20:27:01.492 [info] fatal: not a git repository (or any of the parent directories): .git
2025-07-04 20:27:01.498 [info] > git rev-parse --show-toplevel [1ms]
2025-07-04 20:27:01.498 [info] fatal: not a git repository (or any of the parent directories): .git
2025-07-04 20:27:01.504 [info] > git rev-parse --show-toplevel [1ms]
2025-07-04 20:27:01.504 [info] fatal: not a git repository (or any of the parent directories): .git
2025-07-04 20:27:01.509 [info] > git rev-parse --show-toplevel [1ms]
2025-07-04 20:27:01.509 [info] fatal: not a git repository (or any of the parent directories): .git
2025-07-04 20:27:01.514 [info] > git rev-parse --show-toplevel [1ms]
2025-07-04 20:27:01.514 [info] fatal: not a git repository (or any of the parent directories): .git
2025-07-04 20:27:01.519 [info] > git rev-parse --show-toplevel [0ms]
2025-07-04 20:27:01.519 [info] fatal: not a git repository (or any of the parent directories): .git
2025-07-04 20:27:01.524 [info] > git rev-parse --show-toplevel [0ms]
2025-07-04 20:27:01.524 [info] fatal: not a git repository (or any of the parent directories): .git
2025-07-04 20:27:01.529 [info] > git rev-parse --show-toplevel [0ms]
2025-07-04 20:27:01.529 [info] fatal: not a git repository (or any of the parent directories): .git
2025-07-04 20:27:01.534 [info] > git rev-parse --show-toplevel [1ms]
2025-07-04 20:27:01.534 [info] fatal: not a git repository (or any of the parent directories): .git
2025-07-04 20:27:01.539 [info] > git rev-parse --show-toplevel [1ms]
2025-07-04 20:27:01.539 [info] fatal: not a git repository (or any of the parent directories): .git
2025-07-04 20:27:01.544 [info] > git rev-parse --show-toplevel [1ms]
2025-07-04 20:27:01.544 [info] fatal: not a git repository (or any of the parent directories): .git
2025-07-04 20:27:01.549 [info] > git rev-parse --show-toplevel [1ms]
2025-07-04 20:27:01.549 [info] fatal: not a git repository (or any of the parent directories): .git
2025-07-04 20:27:01.554 [info] > git rev-parse --show-toplevel [0ms]
2025-07-04 20:27:01.554 [info] fatal: not a git repository (or any of the parent directories): .git
2025-07-04 20:27:01.560 [info] > git rev-parse --show-toplevel [1ms]
2025-07-04 20:27:01.560 [info] fatal: not a git repository (or any of the parent directories): .git
2025-07-04 20:27:01.565 [info] > git rev-parse --show-toplevel [1ms]
2025-07-04 20:27:01.565 [info] fatal: not a git repository (or any of the parent directories): .git
2025-07-04 20:27:01.570 [info] > git rev-parse --show-toplevel [0ms]
2025-07-04 20:27:01.570 [info] fatal: not a git repository (or any of the parent directories): .git
2025-07-04 20:27:01.575 [info] > git rev-parse --show-toplevel [0ms]
2025-07-04 20:27:01.575 [info] fatal: not a git repository (or any of the parent directories): .git
2025-07-04 20:27:01.580 [info] > git rev-parse --show-toplevel [1ms]
2025-07-04 20:27:01.615 [info] fatal: not a git repository (or any of the parent directories): .git
2025-07-04 20:27:01.621 [info] > git rev-parse --show-toplevel [1ms]
2025-07-04 20:27:01.621 [info] fatal: not a git repository (or any of the parent directories): .git
2025-07-04 20:27:01.628 [info] > git rev-parse --show-toplevel [0ms]
2025-07-04 20:27:01.628 [info] fatal: not a git repository (or any of the parent directories): .git
2025-07-04 20:27:01.633 [info] > git rev-parse --show-toplevel [1ms]
2025-07-04 20:27:01.633 [info] fatal: not a git repository (or any of the parent directories): .git
2025-07-04 20:27:01.639 [info] > git rev-parse --show-toplevel [2ms]
2025-07-04 20:27:01.639 [info] fatal: not a git repository (or any of the parent directories): .git
2025-07-04 20:27:01.648 [info] > git rev-parse --show-toplevel [1ms]
2025-07-04 20:27:01.648 [info] fatal: not a git repository (or any of the parent directories): .git
2025-07-04 20:27:01.654 [info] > git rev-parse --show-toplevel [1ms]
2025-07-04 20:27:01.654 [info] fatal: not a git repository (or any of the parent directories): .git
2025-07-04 20:27:01.659 [info] > git rev-parse --show-toplevel [1ms]
2025-07-04 20:27:01.659 [info] fatal: not a git repository (or any of the parent directories): .git
2025-07-04 20:27:01.664 [info] > git rev-parse --show-toplevel [1ms]
2025-07-04 20:27:01.664 [info] fatal: not a git repository (or any of the parent directories): .git
2025-07-04 20:27:01.666 [info] [Model][doInitialScan] Initial repository scan completed - repositories (0), closed repositories (0), parent repositories (0), unsafe repositories (0)
2025-07-04 20:27:01.995 [info] > git rev-parse --show-toplevel [2ms]
2025-07-04 20:27:01.995 [info] fatal: not a git repository (or any of the parent directories): .git
2025-07-04 20:27:02.048 [info] > git rev-parse --show-toplevel [2ms]
2025-07-04 20:27:02.048 [info] fatal: not a git repository (or any of the parent directories): .git
2025-07-04 20:27:06.210 [info] > git rev-parse --show-toplevel [3ms]
2025-07-04 20:27:06.210 [info] fatal: not a git repository (or any of the parent directories): .git
