2025-07-04 00:56:39.396 [info] [main] Log level: Info
2025-07-04 00:56:39.396 [info] [main] Validating found git in: "git"
2025-07-04 00:56:41.166 [info] [main] Using git "2.50.0" from "git"
2025-07-04 00:56:41.166 [info] [Model][doInitialScan] Initial repository scan started
2025-07-04 00:56:41.635 [info] > git rev-parse --show-toplevel [460ms]
2025-07-04 00:56:41.635 [info] fatal: not a git repository (or any of the parent directories): .git
2025-07-04 00:56:41.664 [info] > git rev-parse --show-toplevel [0ms]
2025-07-04 00:56:41.664 [info] fatal: not a git repository (or any of the parent directories): .git
2025-07-04 00:56:41.671 [info] > git rev-parse --show-toplevel [1ms]
2025-07-04 00:56:41.671 [info] fatal: not a git repository (or any of the parent directories): .git
2025-07-04 00:56:41.677 [info] > git rev-parse --show-toplevel [1ms]
2025-07-04 00:56:41.677 [info] fatal: not a git repository (or any of the parent directories): .git
2025-07-04 00:56:41.685 [info] > git rev-parse --show-toplevel [3ms]
2025-07-04 00:56:41.685 [info] fatal: not a git repository (or any of the parent directories): .git
2025-07-04 00:56:41.691 [info] > git rev-parse --show-toplevel [1ms]
2025-07-04 00:56:41.691 [info] fatal: not a git repository (or any of the parent directories): .git
2025-07-04 00:56:41.697 [info] > git rev-parse --show-toplevel [1ms]
2025-07-04 00:56:41.697 [info] fatal: not a git repository (or any of the parent directories): .git
2025-07-04 00:56:41.704 [info] > git rev-parse --show-toplevel [1ms]
2025-07-04 00:56:41.704 [info] fatal: not a git repository (or any of the parent directories): .git
2025-07-04 00:56:41.710 [info] > git rev-parse --show-toplevel [1ms]
2025-07-04 00:56:41.710 [info] fatal: not a git repository (or any of the parent directories): .git
2025-07-04 00:56:41.716 [info] > git rev-parse --show-toplevel [1ms]
2025-07-04 00:56:41.716 [info] fatal: not a git repository (or any of the parent directories): .git
2025-07-04 00:56:41.722 [info] > git rev-parse --show-toplevel [1ms]
2025-07-04 00:56:41.722 [info] fatal: not a git repository (or any of the parent directories): .git
2025-07-04 00:56:41.727 [info] > git rev-parse --show-toplevel [1ms]
2025-07-04 00:56:41.727 [info] fatal: not a git repository (or any of the parent directories): .git
2025-07-04 00:56:41.732 [info] > git rev-parse --show-toplevel [0ms]
2025-07-04 00:56:41.732 [info] fatal: not a git repository (or any of the parent directories): .git
2025-07-04 00:56:41.738 [info] > git rev-parse --show-toplevel [1ms]
2025-07-04 00:56:41.738 [info] fatal: not a git repository (or any of the parent directories): .git
2025-07-04 00:56:41.744 [info] > git rev-parse --show-toplevel [1ms]
2025-07-04 00:56:41.744 [info] fatal: not a git repository (or any of the parent directories): .git
2025-07-04 00:56:42.110 [info] > git rev-parse --show-toplevel [362ms]
2025-07-04 00:56:42.110 [info] fatal: not a git repository (or any of the parent directories): .git
2025-07-04 00:56:42.172 [info] > git rev-parse --show-toplevel [56ms]
2025-07-04 00:56:42.172 [info] fatal: not a git repository (or any of the parent directories): .git
2025-07-04 00:56:42.178 [info] > git rev-parse --show-toplevel [1ms]
2025-07-04 00:56:42.178 [info] fatal: not a git repository (or any of the parent directories): .git
2025-07-04 00:56:42.185 [info] > git rev-parse --show-toplevel [1ms]
2025-07-04 00:56:42.185 [info] fatal: not a git repository (or any of the parent directories): .git
2025-07-04 00:56:42.191 [info] > git rev-parse --show-toplevel [1ms]
2025-07-04 00:56:42.191 [info] fatal: not a git repository (or any of the parent directories): .git
2025-07-04 00:56:42.196 [info] > git rev-parse --show-toplevel [1ms]
2025-07-04 00:56:42.196 [info] fatal: not a git repository (or any of the parent directories): .git
2025-07-04 00:56:42.201 [info] > git rev-parse --show-toplevel [0ms]
2025-07-04 00:56:42.202 [info] fatal: not a git repository (or any of the parent directories): .git
2025-07-04 00:56:42.206 [info] > git rev-parse --show-toplevel [1ms]
2025-07-04 00:56:42.206 [info] fatal: not a git repository (or any of the parent directories): .git
2025-07-04 00:56:42.211 [info] > git rev-parse --show-toplevel [1ms]
2025-07-04 00:56:42.211 [info] fatal: not a git repository (or any of the parent directories): .git
2025-07-04 00:56:42.216 [info] > git rev-parse --show-toplevel [1ms]
2025-07-04 00:56:42.216 [info] fatal: not a git repository (or any of the parent directories): .git
2025-07-04 00:56:42.221 [info] > git rev-parse --show-toplevel [1ms]
2025-07-04 00:56:42.221 [info] fatal: not a git repository (or any of the parent directories): .git
2025-07-04 00:56:42.226 [info] > git rev-parse --show-toplevel [1ms]
2025-07-04 00:56:42.226 [info] fatal: not a git repository (or any of the parent directories): .git
2025-07-04 00:56:42.232 [info] > git rev-parse --show-toplevel [1ms]
2025-07-04 00:56:42.232 [info] fatal: not a git repository (or any of the parent directories): .git
2025-07-04 00:56:42.238 [info] > git rev-parse --show-toplevel [1ms]
2025-07-04 00:56:42.238 [info] fatal: not a git repository (or any of the parent directories): .git
2025-07-04 00:56:42.243 [info] > git rev-parse --show-toplevel [1ms]
2025-07-04 00:56:42.243 [info] fatal: not a git repository (or any of the parent directories): .git
2025-07-04 00:56:42.248 [info] > git rev-parse --show-toplevel [1ms]
2025-07-04 00:56:42.248 [info] fatal: not a git repository (or any of the parent directories): .git
2025-07-04 00:56:42.252 [info] > git rev-parse --show-toplevel [1ms]
2025-07-04 00:56:42.252 [info] fatal: not a git repository (or any of the parent directories): .git
2025-07-04 00:56:42.257 [info] > git rev-parse --show-toplevel [1ms]
2025-07-04 00:56:42.257 [info] fatal: not a git repository (or any of the parent directories): .git
2025-07-04 00:56:42.262 [info] > git rev-parse --show-toplevel [1ms]
2025-07-04 00:56:42.262 [info] fatal: not a git repository (or any of the parent directories): .git
2025-07-04 00:56:42.267 [info] > git rev-parse --show-toplevel [0ms]
2025-07-04 00:56:42.267 [info] fatal: not a git repository (or any of the parent directories): .git
2025-07-04 00:56:42.272 [info] > git rev-parse --show-toplevel [1ms]
2025-07-04 00:56:42.272 [info] fatal: not a git repository (or any of the parent directories): .git
2025-07-04 00:56:42.278 [info] > git rev-parse --show-toplevel [0ms]
2025-07-04 00:56:42.278 [info] fatal: not a git repository (or any of the parent directories): .git
2025-07-04 00:56:42.288 [info] > git rev-parse --show-toplevel [4ms]
2025-07-04 00:56:42.288 [info] fatal: not a git repository (or any of the parent directories): .git
2025-07-04 00:56:42.352 [info] > git rev-parse --show-toplevel [59ms]
2025-07-04 00:56:42.352 [info] fatal: not a git repository (or any of the parent directories): .git
2025-07-04 00:56:42.360 [info] > git rev-parse --show-toplevel [1ms]
2025-07-04 00:56:42.360 [info] fatal: not a git repository (or any of the parent directories): .git
2025-07-04 00:56:42.364 [info] > git rev-parse --show-toplevel [0ms]
2025-07-04 00:56:42.364 [info] fatal: not a git repository (or any of the parent directories): .git
2025-07-04 00:56:42.369 [info] > git rev-parse --show-toplevel [0ms]
2025-07-04 00:56:42.369 [info] fatal: not a git repository (or any of the parent directories): .git
2025-07-04 00:56:42.374 [info] > git rev-parse --show-toplevel [0ms]
2025-07-04 00:56:42.374 [info] fatal: not a git repository (or any of the parent directories): .git
2025-07-04 00:56:42.379 [info] > git rev-parse --show-toplevel [0ms]
2025-07-04 00:56:42.380 [info] fatal: not a git repository (or any of the parent directories): .git
2025-07-04 00:56:42.385 [info] > git rev-parse --show-toplevel [1ms]
2025-07-04 00:56:42.385 [info] fatal: not a git repository (or any of the parent directories): .git
2025-07-04 00:56:42.390 [info] > git rev-parse --show-toplevel [1ms]
2025-07-04 00:56:42.390 [info] fatal: not a git repository (or any of the parent directories): .git
2025-07-04 00:56:42.392 [info] [Model][doInitialScan] Initial repository scan completed - repositories (0), closed repositories (0), parent repositories (0), unsafe repositories (0)
2025-07-04 00:56:45.404 [info] > git rev-parse --show-toplevel [1ms]
2025-07-04 00:56:45.404 [info] fatal: not a git repository (or any of the parent directories): .git
2025-07-04 00:57:41.801 [info] > git rev-parse --show-toplevel [3ms]
2025-07-04 00:57:41.801 [info] fatal: not a git repository (or any of the parent directories): .git
2025-07-04 01:20:08.235 [info] > git rev-parse --show-toplevel [1ms]
2025-07-04 01:20:08.235 [info] fatal: not a git repository (or any of the parent directories): .git
2025-07-04 01:20:08.705 [info] > git rev-parse --show-toplevel [1ms]
2025-07-04 01:20:08.705 [info] fatal: not a git repository (or any of the parent directories): .git
2025-07-04 01:34:13.672 [info] > git rev-parse --show-toplevel [3ms]
2025-07-04 01:34:13.672 [info] fatal: not a git repository (or any of the parent directories): .git
