2025-07-01 17:08:17.279 [info] Experiment 'pythonRecommendTensorboardExt' is active
2025-07-01 17:08:17.279 [info] Experiment 'pythonTerminalEnvVarActivation' is active
2025-07-01 17:08:17.279 [warning] Dir "/home/pengu/.config/.pixi/envs" is not watchable (directory does not exist)
2025-07-01 17:08:17.279 [info] Starting Environment refresh
2025-07-01 17:08:17.279 [info] Starting Environment refresh
2025-07-01 17:08:17.279 [info] > hatch env show --json
2025-07-01 17:08:17.279 [info] cwd: .
2025-07-01 17:08:17.292 [info] Environments refresh finished (event): 40 milliseconds
2025-07-01 17:08:17.292 [info] Environments refresh paths discovered: 40 milliseconds
2025-07-01 17:08:17.292 [info] Environments refresh finished (event): 39 milliseconds
2025-07-01 17:08:17.292 [info] Environments refresh paths discovered: 39 milliseconds
2025-07-01 17:08:17.293 [info] Environment refresh took 41 milliseconds
2025-07-01 17:08:17.294 [info] Environment refresh took 41 milliseconds
2025-07-01 17:08:17.304 [info] > pyenv which python
2025-07-01 17:08:17.304 [info] cwd: .
2025-07-01 17:08:17.506 [info] Editor support is inactive since language server is set to None.
2025-07-01 17:08:17.513 [info] Python interpreter path: /bin/python
2025-07-01 17:13:15.351 [info] Discover tests for workspace name: undefined - uri: /home/pengu/.config/Windsurf/User/settings.json
2025-07-01 17:13:19.967 [info] Discover tests for workspace name: undefined - uri: /home/pengu/.config/Windsurf/User/settings.json
2025-07-01 17:13:20.245 [info] Discover tests for workspace name: undefined - uri: /home/pengu/.config/Windsurf/User/settings.json
2025-07-01 17:13:25.042 [info] Discover tests for workspace name: undefined - uri: /home/pengu/.config/Windsurf/User/settings.json
2025-07-01 17:13:28.700 [info] Discover tests for workspace name: undefined - uri: /home/pengu/.config/Windsurf/User/settings.json
2025-07-01 17:13:28.985 [info] Discover tests for workspace name: undefined - uri: /home/pengu/.config/Windsurf/User/settings.json
2025-07-01 17:13:31.521 [info] Discover tests for workspace name: undefined - uri: /home/pengu/.config/Windsurf/User/settings.json
2025-07-01 17:13:31.823 [info] Discover tests for workspace name: undefined - uri: /home/pengu/.config/Windsurf/User/settings.json
