2025-07-04 08:58:20.265 [info] Extension host with pid 3078 started
2025-07-04 08:58:20.265 [info] Skipping acquiring lock for /home/pengu/.config/Windsurf/User/workspaceStorage/3361968e74b77cf7c08176d81c48bb3a.
2025-07-04 08:58:20.273 [info] ExtensionService#_doActivateExtension vscode.emmet, startup: false, activationEvent: 'onLanguage'
2025-07-04 08:58:20.341 [info] ExtensionService#_doActivateExtension vscode.git-base, startup: true, activationEvent: '*', root cause: vscode.git
2025-07-04 08:58:20.406 [info] ExtensionService#_doActivateExtension vscode.git, startup: true, activationEvent: '*'
2025-07-04 08:58:20.489 [info] ExtensionService#_doActivateExtension vscode.github, startup: true, activationEvent: '*'
2025-07-04 08:58:22.101 [info] ExtensionService#_doActivateExtension codeium.windsurf, startup: true, activationEvent: '*'
2025-07-04 08:58:30.340 [info] ExtensionService#_doActivateExtension vscode.debug-auto-launch, startup: false, activationEvent: 'onStartupFinished'
2025-07-04 08:58:30.578 [info] ExtensionService#_doActivateExtension vscode.merge-conflict, startup: false, activationEvent: 'onStartupFinished'
2025-07-04 08:58:30.926 [info] ExtensionService#_doActivateExtension Codeium.windsurf-dev-containers, startup: false, activationEvent: 'onStartupFinished'
2025-07-04 08:58:34.888 [error] Error: Language server has not been started!
	at get client (/usr/share/windsurf/resources/app/extensions/windsurf/dist/extension.js:2:3466549)
	at Timeout.e [as _onTimeout] (/usr/share/windsurf/resources/app/extensions/windsurf/dist/extension.js:2:3617029)
	at listOnTimeout (node:internal/timers:581:17)
	at process.processTimers (node:internal/timers:519:7)
2025-07-04 08:59:11.619 [info] Eager extensions activated
2025-07-04 08:59:11.646 [info] ExtensionService#_doActivateExtension ms-python.python, startup: false, activationEvent: 'onLanguage:python', root cause: Codeium.windsurfPyright
2025-07-04 08:59:14.160 [info] ExtensionService#_doActivateExtension Codeium.windsurfPyright, startup: false, activationEvent: 'onLanguage:python'
2025-07-04 08:59:14.851 [info] ExtensionService#_doActivateExtension ms-python.debugpy, startup: false, activationEvent: 'onLanguage:python'
2025-07-04 10:01:07.506 [error] Error: Cannot show while inline completion is already showing
    at vscode-file://vscode-app/usr/share/windsurf/resources/app/out/vs/workbench/workbench.desktop.main.js:412:303121
2025-07-04 11:14:41.469 [info] ExtensionService#_doActivateExtension vscode.configuration-editing, startup: false, activationEvent: 'onLanguage:jsonc'
2025-07-04 11:14:41.945 [info] ExtensionService#_doActivateExtension vscode.json-language-features, startup: false, activationEvent: 'onLanguage:jsonc'
2025-07-04 11:14:42.286 [info] ExtensionService#_doActivateExtension vscode.typescript-language-features, startup: false, activationEvent: 'onLanguage:jsonc'
2025-07-04 11:15:49.004 [info] ExtensionService#_doActivateExtension sainnhe.gruvbox-material, startup: false, activationEvent: 'onStartupFinished'
2025-07-04 13:03:00.182 [info] ExtensionService#_doActivateExtension vscode.css-language-features, startup: false, activationEvent: 'onLanguage:css'
2025-07-04 13:08:51.769 [info] ExtensionService#_doActivateExtension vscode.extension-editing, startup: false, activationEvent: 'onLanguage:json'
2025-07-04 13:08:51.857 [info] ExtensionService#_doActivateExtension vscode.npm, startup: false, activationEvent: 'onLanguage:json'
2025-07-04 13:26:47.666 [error] ConnectError: [unknown] no unacknowledged steps for file file:///home/pengu/.config/rofi/cascade.rasi
	at c (/usr/share/windsurf/resources/app/extensions/windsurf/dist/extension.js:2:3858724)
	at l (/usr/share/windsurf/resources/app/extensions/windsurf/dist/extension.js:2:3859120)
	at next (/usr/share/windsurf/resources/app/extensions/windsurf/dist/extension.js:2:3865771)
	at process.processTicksAndRejections (node:internal/process/task_queues:95:5)
	at async /usr/share/windsurf/resources/app/extensions/windsurf/dist/extension.js:2:3465111
	at async Object.unary (/usr/share/windsurf/resources/app/extensions/windsurf/dist/extension.js:2:3864107)
	at async Object.acknowledgeCascadeCodeEdit (/usr/share/windsurf/resources/app/extensions/windsurf/dist/extension.js:2:3851970)
	at async t.acknowledgeCascadeCodeEdit (/usr/share/windsurf/resources/app/extensions/windsurf/dist/extension.js:2:2307683)
2025-07-04 14:45:40.974 [error] ConnectError: [unknown] no unacknowledged steps for file file:///home/pengu/.config/kitty/kitty.conf
	at c (/usr/share/windsurf/resources/app/extensions/windsurf/dist/extension.js:2:3858724)
	at l (/usr/share/windsurf/resources/app/extensions/windsurf/dist/extension.js:2:3859120)
	at next (/usr/share/windsurf/resources/app/extensions/windsurf/dist/extension.js:2:3865771)
	at process.processTicksAndRejections (node:internal/process/task_queues:95:5)
	at async /usr/share/windsurf/resources/app/extensions/windsurf/dist/extension.js:2:3465111
	at async Object.unary (/usr/share/windsurf/resources/app/extensions/windsurf/dist/extension.js:2:3864107)
	at async Object.acknowledgeCascadeCodeEdit (/usr/share/windsurf/resources/app/extensions/windsurf/dist/extension.js:2:3851970)
	at async t.acknowledgeCascadeCodeEdit (/usr/share/windsurf/resources/app/extensions/windsurf/dist/extension.js:2:2307683)
